-- Found ament_cmake: 1.3.12 (/opt/ros/humble/share/ament_cmake/cmake)
-- Override CMake install command with custom implementation using symlinks instead of copying resources
-- Found ament_lint_auto: 0.12.14 (/opt/ros/humble/share/ament_lint_auto/cmake)
-- Added test 'cppcheck' to perform static code analysis on C / C++ code
-- Configured cppcheck include dirs: 
-- Configured cppcheck exclude dirs and/or files: 
-- Added test 'flake8' to check Python code syntax and style conventions
-- Added test 'lint_cmake' to check CMake code style
-- Added test 'pep257' to check Python code against some of the docstring style conventions in PEP 257
-- Added test 'uncrustify' to check C / C++ code style
-- Configured uncrustify additional arguments: 
-- Added test 'xmllint' to check XML markup files
-- Configuring done
-- Generating done
-- Build files have been written to: /home/srge/spaceros_gz_demos/build/spaceros_gz_demos
-- Install configuration: ""
-- Execute custom install script
-- Up-to-date symlink: /home/srge/spaceros_gz_demos/install/spaceros_gz_demos/share/spaceros_gz_demos/launch/enceladus.launch.xml
-- Up-to-date symlink: /home/srge/spaceros_gz_demos/install/spaceros_gz_demos/share/spaceros_gz_demos/launch/load_world.launch.py
-- Up-to-date symlink: /home/srge/spaceros_gz_demos/install/spaceros_gz_demos/share/spaceros_gz_demos/launch/mars.launch.xml
-- Up-to-date symlink: /home/srge/spaceros_gz_demos/install/spaceros_gz_demos/share/spaceros_gz_demos/launch/moon.launch NOT FULLY EDITED.xml
-- Up-to-date symlink: /home/srge/spaceros_gz_demos/install/spaceros_gz_demos/share/spaceros_gz_demos/launch/moon.launch.xml
-- Up-to-date symlink: /home/srge/spaceros_gz_demos/install/spaceros_gz_demos/share/spaceros_gz_demos/launch/orbit.launch.xml
-- Up-to-date symlink: /home/srge/spaceros_gz_demos/install/spaceros_gz_demos/share/spaceros_gz_demos/models/X1/materials/textures/aluminium_anodized.png
-- Up-to-date symlink: /home/srge/spaceros_gz_demos/install/spaceros_gz_demos/share/spaceros_gz_demos/models/X1/materials/textures/headlight.jpg
-- Up-to-date symlink: /home/srge/spaceros_gz_demos/install/spaceros_gz_demos/share/spaceros_gz_demos/models/X1/materials/textures/led.jpg
-- Up-to-date symlink: /home/srge/spaceros_gz_demos/install/spaceros_gz_demos/share/spaceros_gz_demos/models/X1/meshes/chassis.dae
-- Up-to-date symlink: /home/srge/spaceros_gz_demos/install/spaceros_gz_demos/share/spaceros_gz_demos/models/X1/meshes/headlight.dae
-- Up-to-date symlink: /home/srge/spaceros_gz_demos/install/spaceros_gz_demos/share/spaceros_gz_demos/models/X1/meshes/headlight_lamp.dae
-- Up-to-date symlink: /home/srge/spaceros_gz_demos/install/spaceros_gz_demos/share/spaceros_gz_demos/models/X1/meshes/led.dae
-- Up-to-date symlink: /home/srge/spaceros_gz_demos/install/spaceros_gz_demos/share/spaceros_gz_demos/models/X1/meshes/led_lamp.dae
-- Up-to-date symlink: /home/srge/spaceros_gz_demos/install/spaceros_gz_demos/share/spaceros_gz_demos/models/X1/meshes/top_plate.dae
-- Up-to-date symlink: /home/srge/spaceros_gz_demos/install/spaceros_gz_demos/share/spaceros_gz_demos/models/X1/meshes/truss.dae
-- Up-to-date symlink: /home/srge/spaceros_gz_demos/install/spaceros_gz_demos/share/spaceros_gz_demos/models/X1/meshes/wheel.dae
-- Up-to-date symlink: /home/srge/spaceros_gz_demos/install/spaceros_gz_demos/share/spaceros_gz_demos/models/X1/model.config
-- Up-to-date symlink: /home/srge/spaceros_gz_demos/install/spaceros_gz_demos/share/spaceros_gz_demos/models/X1/model.sdf
-- Up-to-date symlink: /home/srge/spaceros_gz_demos/install/spaceros_gz_demos/share/spaceros_gz_demos/models/X2 ORIGINAL WITHOUT MODIFICATIONS/materials/textures/headlight.jpg
-- Up-to-date symlink: /home/srge/spaceros_gz_demos/install/spaceros_gz_demos/share/spaceros_gz_demos/models/X2 ORIGINAL WITHOUT MODIFICATIONS/materials/textures/led.jpg
-- Up-to-date symlink: /home/srge/spaceros_gz_demos/install/spaceros_gz_demos/share/spaceros_gz_demos/models/X2 ORIGINAL WITHOUT MODIFICATIONS/materials/textures/x2.jpg
-- Up-to-date symlink: /home/srge/spaceros_gz_demos/install/spaceros_gz_demos/share/spaceros_gz_demos/models/X2 ORIGINAL WITHOUT MODIFICATIONS/meshes/headlight.dae
-- Up-to-date symlink: /home/srge/spaceros_gz_demos/install/spaceros_gz_demos/share/spaceros_gz_demos/models/X2 ORIGINAL WITHOUT MODIFICATIONS/meshes/headlight_lamp.dae
-- Up-to-date symlink: /home/srge/spaceros_gz_demos/install/spaceros_gz_demos/share/spaceros_gz_demos/models/X2 ORIGINAL WITHOUT MODIFICATIONS/meshes/led.dae
-- Up-to-date symlink: /home/srge/spaceros_gz_demos/install/spaceros_gz_demos/share/spaceros_gz_demos/models/X2 ORIGINAL WITHOUT MODIFICATIONS/meshes/led_lamp.dae
-- Up-to-date symlink: /home/srge/spaceros_gz_demos/install/spaceros_gz_demos/share/spaceros_gz_demos/models/X2 ORIGINAL WITHOUT MODIFICATIONS/meshes/x2_chassis.dae
-- Up-to-date symlink: /home/srge/spaceros_gz_demos/install/spaceros_gz_demos/share/spaceros_gz_demos/models/X2 ORIGINAL WITHOUT MODIFICATIONS/meshes/x2_wheel_left.dae
-- Up-to-date symlink: /home/srge/spaceros_gz_demos/install/spaceros_gz_demos/share/spaceros_gz_demos/models/X2 ORIGINAL WITHOUT MODIFICATIONS/meshes/x2_wheel_right.dae
-- Up-to-date symlink: /home/srge/spaceros_gz_demos/install/spaceros_gz_demos/share/spaceros_gz_demos/models/X2 ORIGINAL WITHOUT MODIFICATIONS/model.config
-- Up-to-date symlink: /home/srge/spaceros_gz_demos/install/spaceros_gz_demos/share/spaceros_gz_demos/models/X2 ORIGINAL WITHOUT MODIFICATIONS/model.sdf
-- Up-to-date symlink: /home/srge/spaceros_gz_demos/install/spaceros_gz_demos/share/spaceros_gz_demos/models/X2/materials/textures/headlight.jpg
-- Up-to-date symlink: /home/srge/spaceros_gz_demos/install/spaceros_gz_demos/share/spaceros_gz_demos/models/X2/materials/textures/led.jpg
-- Up-to-date symlink: /home/srge/spaceros_gz_demos/install/spaceros_gz_demos/share/spaceros_gz_demos/models/X2/materials/textures/x2.jpg
-- Up-to-date symlink: /home/srge/spaceros_gz_demos/install/spaceros_gz_demos/share/spaceros_gz_demos/models/X2/meshes/headlight.dae
-- Up-to-date symlink: /home/srge/spaceros_gz_demos/install/spaceros_gz_demos/share/spaceros_gz_demos/models/X2/meshes/headlight_lamp.dae
-- Up-to-date symlink: /home/srge/spaceros_gz_demos/install/spaceros_gz_demos/share/spaceros_gz_demos/models/X2/meshes/led.dae
-- Up-to-date symlink: /home/srge/spaceros_gz_demos/install/spaceros_gz_demos/share/spaceros_gz_demos/models/X2/meshes/led_lamp.dae
-- Up-to-date symlink: /home/srge/spaceros_gz_demos/install/spaceros_gz_demos/share/spaceros_gz_demos/models/X2/meshes/x2_chassis.dae
-- Up-to-date symlink: /home/srge/spaceros_gz_demos/install/spaceros_gz_demos/share/spaceros_gz_demos/models/X2/meshes/x2_wheel_left.dae
-- Up-to-date symlink: /home/srge/spaceros_gz_demos/install/spaceros_gz_demos/share/spaceros_gz_demos/models/X2/meshes/x2_wheel_right.dae
-- Up-to-date symlink: /home/srge/spaceros_gz_demos/install/spaceros_gz_demos/share/spaceros_gz_demos/models/X2/model.config
-- Up-to-date symlink: /home/srge/spaceros_gz_demos/install/spaceros_gz_demos/share/spaceros_gz_demos/models/X2/model.sdf
-- Up-to-date symlink: /home/srge/spaceros_gz_demos/install/spaceros_gz_demos/share/spaceros_gz_demos/models/X2_a/materials/textures/headlight.jpg
-- Up-to-date symlink: /home/srge/spaceros_gz_demos/install/spaceros_gz_demos/share/spaceros_gz_demos/models/X2_a/materials/textures/led.jpg
-- Up-to-date symlink: /home/srge/spaceros_gz_demos/install/spaceros_gz_demos/share/spaceros_gz_demos/models/X2_a/materials/textures/x2.jpg
-- Up-to-date symlink: /home/srge/spaceros_gz_demos/install/spaceros_gz_demos/share/spaceros_gz_demos/models/X2_a/meshes/headlight.dae
-- Up-to-date symlink: /home/srge/spaceros_gz_demos/install/spaceros_gz_demos/share/spaceros_gz_demos/models/X2_a/meshes/headlight_lamp.dae
-- Up-to-date symlink: /home/srge/spaceros_gz_demos/install/spaceros_gz_demos/share/spaceros_gz_demos/models/X2_a/meshes/led.dae
-- Up-to-date symlink: /home/srge/spaceros_gz_demos/install/spaceros_gz_demos/share/spaceros_gz_demos/models/X2_a/meshes/led_lamp.dae
-- Up-to-date symlink: /home/srge/spaceros_gz_demos/install/spaceros_gz_demos/share/spaceros_gz_demos/models/X2_a/meshes/x2_chassis.dae
-- Up-to-date symlink: /home/srge/spaceros_gz_demos/install/spaceros_gz_demos/share/spaceros_gz_demos/models/X2_a/meshes/x2_wheel_left.dae
-- Up-to-date symlink: /home/srge/spaceros_gz_demos/install/spaceros_gz_demos/share/spaceros_gz_demos/models/X2_a/meshes/x2_wheel_right.dae
-- Up-to-date symlink: /home/srge/spaceros_gz_demos/install/spaceros_gz_demos/share/spaceros_gz_demos/models/X2_a/model.config
-- Up-to-date symlink: /home/srge/spaceros_gz_demos/install/spaceros_gz_demos/share/spaceros_gz_demos/models/X2_a/model.sdf
-- Up-to-date symlink: /home/srge/spaceros_gz_demos/install/spaceros_gz_demos/share/spaceros_gz_demos/models/capsule/model.config
-- Up-to-date symlink: /home/srge/spaceros_gz_demos/install/spaceros_gz_demos/share/spaceros_gz_demos/models/capsule/model.sdf
-- Up-to-date symlink: /home/srge/spaceros_gz_demos/install/spaceros_gz_demos/share/spaceros_gz_demos/models/capsule/resources/capsule.glb
-- Up-to-date symlink: /home/srge/spaceros_gz_demos/install/spaceros_gz_demos/share/spaceros_gz_demos/models/earth/model.config
-- Up-to-date symlink: /home/srge/spaceros_gz_demos/install/spaceros_gz_demos/share/spaceros_gz_demos/models/earth/model.sdf
-- Up-to-date symlink: /home/srge/spaceros_gz_demos/install/spaceros_gz_demos/share/spaceros_gz_demos/models/earth/resources/earth.glb
-- Up-to-date symlink: /home/srge/spaceros_gz_demos/install/spaceros_gz_demos/share/spaceros_gz_demos/models/enceladus_surface/model.config
-- Up-to-date symlink: /home/srge/spaceros_gz_demos/install/spaceros_gz_demos/share/spaceros_gz_demos/models/enceladus_surface/model.sdf
-- Up-to-date symlink: /home/srge/spaceros_gz_demos/install/spaceros_gz_demos/share/spaceros_gz_demos/models/enceladus_surface/resources/glaci.jpg
-- Up-to-date symlink: /home/srge/spaceros_gz_demos/install/spaceros_gz_demos/share/spaceros_gz_demos/models/enceladus_surface/resources/glaci.mtl
-- Up-to-date symlink: /home/srge/spaceros_gz_demos/install/spaceros_gz_demos/share/spaceros_gz_demos/models/enceladus_surface/resources/glaci.obj
-- Up-to-date symlink: /home/srge/spaceros_gz_demos/install/spaceros_gz_demos/share/spaceros_gz_demos/models/hokuyo/meshes/hokuyo_utm30lx.dae
-- Up-to-date symlink: /home/srge/spaceros_gz_demos/install/spaceros_gz_demos/share/spaceros_gz_demos/models/hokuyo/meshes/lidar_2d_v2.png
-- Up-to-date symlink: /home/srge/spaceros_gz_demos/install/spaceros_gz_demos/share/spaceros_gz_demos/models/hokuyo/model.config
-- Up-to-date symlink: /home/srge/spaceros_gz_demos/install/spaceros_gz_demos/share/spaceros_gz_demos/models/hokuyo/model.sdf
-- Up-to-date symlink: /home/srge/spaceros_gz_demos/install/spaceros_gz_demos/share/spaceros_gz_demos/models/iss/model.config
-- Up-to-date symlink: /home/srge/spaceros_gz_demos/install/spaceros_gz_demos/share/spaceros_gz_demos/models/iss/model.sdf
-- Up-to-date symlink: /home/srge/spaceros_gz_demos/install/spaceros_gz_demos/share/spaceros_gz_demos/models/iss/resources/iss.glb
-- Up-to-date symlink: /home/srge/spaceros_gz_demos/install/spaceros_gz_demos/share/spaceros_gz_demos/models/lunar_surface/dem/moon.tif
-- Up-to-date symlink: /home/srge/spaceros_gz_demos/install/spaceros_gz_demos/share/spaceros_gz_demos/models/lunar_surface/materials/textures/moon_diffuse.png
-- Up-to-date symlink: /home/srge/spaceros_gz_demos/install/spaceros_gz_demos/share/spaceros_gz_demos/models/lunar_surface/materials/textures/moon_normal.png
-- Up-to-date symlink: /home/srge/spaceros_gz_demos/install/spaceros_gz_demos/share/spaceros_gz_demos/models/lunar_surface/materials/textures/white_alpha.png
-- Up-to-date symlink: /home/srge/spaceros_gz_demos/install/spaceros_gz_demos/share/spaceros_gz_demos/models/lunar_surface/model.config
-- Up-to-date symlink: /home/srge/spaceros_gz_demos/install/spaceros_gz_demos/share/spaceros_gz_demos/models/lunar_surface/model.sdf
-- Up-to-date symlink: /home/srge/spaceros_gz_demos/install/spaceros_gz_demos/share/spaceros_gz_demos/models/martian_surface/model.config
-- Up-to-date symlink: /home/srge/spaceros_gz_demos/install/spaceros_gz_demos/share/spaceros_gz_demos/models/martian_surface/model.sdf
-- Up-to-date symlink: /home/srge/spaceros_gz_demos/install/spaceros_gz_demos/share/spaceros_gz_demos/models/martian_surface/resources/martian_surface.glb
-- Up-to-date symlink: /home/srge/spaceros_gz_demos/install/spaceros_gz_demos/share/spaceros_gz_demos/models/moon_base/model.config
-- Up-to-date symlink: /home/srge/spaceros_gz_demos/install/spaceros_gz_demos/share/spaceros_gz_demos/models/moon_base/model.sdf
-- Up-to-date symlink: /home/srge/spaceros_gz_demos/install/spaceros_gz_demos/share/spaceros_gz_demos/models/moon_base/resources/dome.dae
-- Up-to-date symlink: /home/srge/spaceros_gz_demos/install/spaceros_gz_demos/share/spaceros_gz_demos/models/moon_base/resources/moon_base.glb
-- Up-to-date symlink: /home/srge/spaceros_gz_demos/install/spaceros_gz_demos/share/spaceros_gz_demos/models/nasa_ingenuity/meshes/MHS_BottomBlades_v16.glb
-- Up-to-date symlink: /home/srge/spaceros_gz_demos/install/spaceros_gz_demos/share/spaceros_gz_demos/models/nasa_ingenuity/meshes/MHS_Leg01_v16.glb
-- Up-to-date symlink: /home/srge/spaceros_gz_demos/install/spaceros_gz_demos/share/spaceros_gz_demos/models/nasa_ingenuity/meshes/MHS_Leg02_v16.glb
-- Up-to-date symlink: /home/srge/spaceros_gz_demos/install/spaceros_gz_demos/share/spaceros_gz_demos/models/nasa_ingenuity/meshes/MHS_Leg03_v16.glb
-- Up-to-date symlink: /home/srge/spaceros_gz_demos/install/spaceros_gz_demos/share/spaceros_gz_demos/models/nasa_ingenuity/meshes/MHS_Leg04_v16.glb
-- Up-to-date symlink: /home/srge/spaceros_gz_demos/install/spaceros_gz_demos/share/spaceros_gz_demos/models/nasa_ingenuity/meshes/MHS_MainBody_v16.glb
-- Up-to-date symlink: /home/srge/spaceros_gz_demos/install/spaceros_gz_demos/share/spaceros_gz_demos/models/nasa_ingenuity/meshes/MHS_TopBlades_v16.glb
-- Up-to-date symlink: /home/srge/spaceros_gz_demos/install/spaceros_gz_demos/share/spaceros_gz_demos/models/nasa_ingenuity/model.config
-- Up-to-date symlink: /home/srge/spaceros_gz_demos/install/spaceros_gz_demos/share/spaceros_gz_demos/models/nasa_ingenuity/model.sdf
-- Up-to-date symlink: /home/srge/spaceros_gz_demos/install/spaceros_gz_demos/share/spaceros_gz_demos/models/nasa_perseverance/meshes/AbradingBitInTurretAtZeroFeed.bin
-- Up-to-date symlink: /home/srge/spaceros_gz_demos/install/spaceros_gz_demos/share/spaceros_gz_demos/models/nasa_perseverance/meshes/AbradingBitInTurretAtZeroFeed.gltf
-- Up-to-date symlink: /home/srge/spaceros_gz_demos/install/spaceros_gz_demos/share/spaceros_gz_demos/models/nasa_perseverance/meshes/Arm_LINK_1.bin
-- Up-to-date symlink: /home/srge/spaceros_gz_demos/install/spaceros_gz_demos/share/spaceros_gz_demos/models/nasa_perseverance/meshes/Arm_LINK_1.gltf
-- Up-to-date symlink: /home/srge/spaceros_gz_demos/install/spaceros_gz_demos/share/spaceros_gz_demos/models/nasa_perseverance/meshes/Arm_LINK_2.bin
-- Up-to-date symlink: /home/srge/spaceros_gz_demos/install/spaceros_gz_demos/share/spaceros_gz_demos/models/nasa_perseverance/meshes/Arm_LINK_2.gltf
-- Up-to-date symlink: /home/srge/spaceros_gz_demos/install/spaceros_gz_demos/share/spaceros_gz_demos/models/nasa_perseverance/meshes/Arm_LINK_3.bin
-- Up-to-date symlink: /home/srge/spaceros_gz_demos/install/spaceros_gz_demos/share/spaceros_gz_demos/models/nasa_perseverance/meshes/Arm_LINK_3.gltf
-- Up-to-date symlink: /home/srge/spaceros_gz_demos/install/spaceros_gz_demos/share/spaceros_gz_demos/models/nasa_perseverance/meshes/Arm_LINK_4.bin
-- Up-to-date symlink: /home/srge/spaceros_gz_demos/install/spaceros_gz_demos/share/spaceros_gz_demos/models/nasa_perseverance/meshes/Arm_LINK_4.gltf
-- Up-to-date symlink: /home/srge/spaceros_gz_demos/install/spaceros_gz_demos/share/spaceros_gz_demos/models/nasa_perseverance/meshes/Arm_LINK_5.bin
-- Up-to-date symlink: /home/srge/spaceros_gz_demos/install/spaceros_gz_demos/share/spaceros_gz_demos/models/nasa_perseverance/meshes/Arm_LINK_5.gltf
-- Up-to-date symlink: /home/srge/spaceros_gz_demos/install/spaceros_gz_demos/share/spaceros_gz_demos/models/nasa_perseverance/meshes/CHASSIS.bin
-- Up-to-date symlink: /home/srge/spaceros_gz_demos/install/spaceros_gz_demos/share/spaceros_gz_demos/models/nasa_perseverance/meshes/CHASSIS.gltf
-- Up-to-date symlink: /home/srge/spaceros_gz_demos/install/spaceros_gz_demos/share/spaceros_gz_demos/models/nasa_perseverance/meshes/CenterDifferential.bin
-- Up-to-date symlink: /home/srge/spaceros_gz_demos/install/spaceros_gz_demos/share/spaceros_gz_demos/models/nasa_perseverance/meshes/CenterDifferential.gltf
-- Up-to-date symlink: /home/srge/spaceros_gz_demos/install/spaceros_gz_demos/share/spaceros_gz_demos/models/nasa_perseverance/meshes/ContextImager_Cap.bin
-- Up-to-date symlink: /home/srge/spaceros_gz_demos/install/spaceros_gz_demos/share/spaceros_gz_demos/models/nasa_perseverance/meshes/ContextImager_Cap.gltf
-- Up-to-date symlink: /home/srge/spaceros_gz_demos/install/spaceros_gz_demos/share/spaceros_gz_demos/models/nasa_perseverance/meshes/CoringBitInTurretAtZeroFeed.bin
-- Up-to-date symlink: /home/srge/spaceros_gz_demos/install/spaceros_gz_demos/share/spaceros_gz_demos/models/nasa_perseverance/meshes/CoringBitInTurretAtZeroFeed.gltf
-- Up-to-date symlink: /home/srge/spaceros_gz_demos/install/spaceros_gz_demos/share/spaceros_gz_demos/models/nasa_perseverance/meshes/DrillCorrerAssy.bin
-- Up-to-date symlink: /home/srge/spaceros_gz_demos/install/spaceros_gz_demos/share/spaceros_gz_demos/models/nasa_perseverance/meshes/DrillCorrerAssy.gltf
-- Up-to-date symlink: /home/srge/spaceros_gz_demos/install/spaceros_gz_demos/share/spaceros_gz_demos/models/nasa_perseverance/meshes/HGA_AZ.bin
-- Up-to-date symlink: /home/srge/spaceros_gz_demos/install/spaceros_gz_demos/share/spaceros_gz_demos/models/nasa_perseverance/meshes/HGA_AZ.gltf
-- Up-to-date symlink: /home/srge/spaceros_gz_demos/install/spaceros_gz_demos/share/spaceros_gz_demos/models/nasa_perseverance/meshes/HGA_EL.bin
-- Up-to-date symlink: /home/srge/spaceros_gz_demos/install/spaceros_gz_demos/share/spaceros_gz_demos/models/nasa_perseverance/meshes/HGA_EL.gltf
-- Up-to-date symlink: /home/srge/spaceros_gz_demos/install/spaceros_gz_demos/share/spaceros_gz_demos/models/nasa_perseverance/meshes/LaunchBitInTurretAtZeroFeed.bin
-- Up-to-date symlink: /home/srge/spaceros_gz_demos/install/spaceros_gz_demos/share/spaceros_gz_demos/models/nasa_perseverance/meshes/LaunchBitInTurretAtZeroFeed.gltf
-- Up-to-date symlink: /home/srge/spaceros_gz_demos/install/spaceros_gz_demos/share/spaceros_gz_demos/models/nasa_perseverance/meshes/Left_Bogie.bin
-- Up-to-date symlink: /home/srge/spaceros_gz_demos/install/spaceros_gz_demos/share/spaceros_gz_demos/models/nasa_perseverance/meshes/Left_Bogie.gltf
-- Up-to-date symlink: /home/srge/spaceros_gz_demos/install/spaceros_gz_demos/share/spaceros_gz_demos/models/nasa_perseverance/meshes/Left_Rocker.bin
-- Up-to-date symlink: /home/srge/spaceros_gz_demos/install/spaceros_gz_demos/share/spaceros_gz_demos/models/nasa_perseverance/meshes/Left_Rocker.gltf
-- Up-to-date symlink: /home/srge/spaceros_gz_demos/install/spaceros_gz_demos/share/spaceros_gz_demos/models/nasa_perseverance/meshes/MHS_DebrisShield.bin
-- Up-to-date symlink: /home/srge/spaceros_gz_demos/install/spaceros_gz_demos/share/spaceros_gz_demos/models/nasa_perseverance/meshes/MHS_DebrisShield.gltf
-- Up-to-date symlink: /home/srge/spaceros_gz_demos/install/spaceros_gz_demos/share/spaceros_gz_demos/models/nasa_perseverance/meshes/RSM.bin
-- Up-to-date symlink: /home/srge/spaceros_gz_demos/install/spaceros_gz_demos/share/spaceros_gz_demos/models/nasa_perseverance/meshes/RSM.gltf
-- Up-to-date symlink: /home/srge/spaceros_gz_demos/install/spaceros_gz_demos/share/spaceros_gz_demos/models/nasa_perseverance/meshes/RSM_Head.bin
-- Up-to-date symlink: /home/srge/spaceros_gz_demos/install/spaceros_gz_demos/share/spaceros_gz_demos/models/nasa_perseverance/meshes/RSM_Head.gltf
-- Up-to-date symlink: /home/srge/spaceros_gz_demos/install/spaceros_gz_demos/share/spaceros_gz_demos/models/nasa_perseverance/meshes/RegolithBitInTurretAtZeroFeed.bin
-- Up-to-date symlink: /home/srge/spaceros_gz_demos/install/spaceros_gz_demos/share/spaceros_gz_demos/models/nasa_perseverance/meshes/RegolithBitInTurretAtZeroFeed.gltf
-- Up-to-date symlink: /home/srge/spaceros_gz_demos/install/spaceros_gz_demos/share/spaceros_gz_demos/models/nasa_perseverance/meshes/Right_Bogie.bin
-- Up-to-date symlink: /home/srge/spaceros_gz_demos/install/spaceros_gz_demos/share/spaceros_gz_demos/models/nasa_perseverance/meshes/Right_Bogie.gltf
-- Up-to-date symlink: /home/srge/spaceros_gz_demos/install/spaceros_gz_demos/share/spaceros_gz_demos/models/nasa_perseverance/meshes/Right_Rocker.bin
-- Up-to-date symlink: /home/srge/spaceros_gz_demos/install/spaceros_gz_demos/share/spaceros_gz_demos/models/nasa_perseverance/meshes/Right_Rocker.gltf
-- Up-to-date symlink: /home/srge/spaceros_gz_demos/install/spaceros_gz_demos/share/spaceros_gz_demos/models/nasa_perseverance/meshes/StabilizerFarInTurret.bin
-- Up-to-date symlink: /home/srge/spaceros_gz_demos/install/spaceros_gz_demos/share/spaceros_gz_demos/models/nasa_perseverance/meshes/StabilizerFarInTurret.gltf
-- Up-to-date symlink: /home/srge/spaceros_gz_demos/install/spaceros_gz_demos/share/spaceros_gz_demos/models/nasa_perseverance/meshes/StabilizerNearInTurret.bin
-- Up-to-date symlink: /home/srge/spaceros_gz_demos/install/spaceros_gz_demos/share/spaceros_gz_demos/models/nasa_perseverance/meshes/StabilizerNearInTurret.gltf
-- Up-to-date symlink: /home/srge/spaceros_gz_demos/install/spaceros_gz_demos/share/spaceros_gz_demos/models/nasa_perseverance/meshes/Steer_LeftFront.bin
-- Up-to-date symlink: /home/srge/spaceros_gz_demos/install/spaceros_gz_demos/share/spaceros_gz_demos/models/nasa_perseverance/meshes/Steer_LeftFront.gltf
-- Up-to-date symlink: /home/srge/spaceros_gz_demos/install/spaceros_gz_demos/share/spaceros_gz_demos/models/nasa_perseverance/meshes/Steer_LeftRear.bin
-- Up-to-date symlink: /home/srge/spaceros_gz_demos/install/spaceros_gz_demos/share/spaceros_gz_demos/models/nasa_perseverance/meshes/Steer_LeftRear.gltf
-- Up-to-date symlink: /home/srge/spaceros_gz_demos/install/spaceros_gz_demos/share/spaceros_gz_demos/models/nasa_perseverance/meshes/Steer_RightFront.bin
-- Up-to-date symlink: /home/srge/spaceros_gz_demos/install/spaceros_gz_demos/share/spaceros_gz_demos/models/nasa_perseverance/meshes/Steer_RightFront.gltf
-- Up-to-date symlink: /home/srge/spaceros_gz_demos/install/spaceros_gz_demos/share/spaceros_gz_demos/models/nasa_perseverance/meshes/Steer_RightRear.bin
-- Up-to-date symlink: /home/srge/spaceros_gz_demos/install/spaceros_gz_demos/share/spaceros_gz_demos/models/nasa_perseverance/meshes/Steer_RightRear.gltf
-- Up-to-date symlink: /home/srge/spaceros_gz_demos/install/spaceros_gz_demos/share/spaceros_gz_demos/models/nasa_perseverance/meshes/Textures/M2020_Rover_Texture.jpg
-- Up-to-date symlink: /home/srge/spaceros_gz_demos/install/spaceros_gz_demos/share/spaceros_gz_demos/models/nasa_perseverance/meshes/Textures/M2020_Rover_Texture_1k.jpg
-- Up-to-date symlink: /home/srge/spaceros_gz_demos/install/spaceros_gz_demos/share/spaceros_gz_demos/models/nasa_perseverance/meshes/Textures/M2020_Rover_Texture_2k.jpg
-- Up-to-date symlink: /home/srge/spaceros_gz_demos/install/spaceros_gz_demos/share/spaceros_gz_demos/models/nasa_perseverance/meshes/Textures/M2020_Rover_Texture_4k.jpg
-- Up-to-date symlink: /home/srge/spaceros_gz_demos/install/spaceros_gz_demos/share/spaceros_gz_demos/models/nasa_perseverance/meshes/Textures/M2020_Rover_Texture_8k.jpg
-- Up-to-date symlink: /home/srge/spaceros_gz_demos/install/spaceros_gz_demos/share/spaceros_gz_demos/models/nasa_perseverance/meshes/Textures/README.md
-- Up-to-date symlink: /home/srge/spaceros_gz_demos/install/spaceros_gz_demos/share/spaceros_gz_demos/models/nasa_perseverance/meshes/Turret.bin
-- Up-to-date symlink: /home/srge/spaceros_gz_demos/install/spaceros_gz_demos/share/spaceros_gz_demos/models/nasa_perseverance/meshes/Turret.gltf
-- Up-to-date symlink: /home/srge/spaceros_gz_demos/install/spaceros_gz_demos/share/spaceros_gz_demos/models/nasa_perseverance/meshes/WATSON_Camera_Cap.bin
-- Up-to-date symlink: /home/srge/spaceros_gz_demos/install/spaceros_gz_demos/share/spaceros_gz_demos/models/nasa_perseverance/meshes/WATSON_Camera_Cap.gltf
-- Up-to-date symlink: /home/srge/spaceros_gz_demos/install/spaceros_gz_demos/share/spaceros_gz_demos/models/nasa_perseverance/meshes/Wheel_LeftFront.bin
-- Up-to-date symlink: /home/srge/spaceros_gz_demos/install/spaceros_gz_demos/share/spaceros_gz_demos/models/nasa_perseverance/meshes/Wheel_LeftFront.gltf
-- Up-to-date symlink: /home/srge/spaceros_gz_demos/install/spaceros_gz_demos/share/spaceros_gz_demos/models/nasa_perseverance/meshes/Wheel_LeftMiddle.bin
-- Up-to-date symlink: /home/srge/spaceros_gz_demos/install/spaceros_gz_demos/share/spaceros_gz_demos/models/nasa_perseverance/meshes/Wheel_LeftMiddle.gltf
-- Up-to-date symlink: /home/srge/spaceros_gz_demos/install/spaceros_gz_demos/share/spaceros_gz_demos/models/nasa_perseverance/meshes/Wheel_LeftRear.bin
-- Up-to-date symlink: /home/srge/spaceros_gz_demos/install/spaceros_gz_demos/share/spaceros_gz_demos/models/nasa_perseverance/meshes/Wheel_LeftRear.gltf
-- Up-to-date symlink: /home/srge/spaceros_gz_demos/install/spaceros_gz_demos/share/spaceros_gz_demos/models/nasa_perseverance/meshes/Wheel_RightFront.bin
-- Up-to-date symlink: /home/srge/spaceros_gz_demos/install/spaceros_gz_demos/share/spaceros_gz_demos/models/nasa_perseverance/meshes/Wheel_RightFront.gltf
-- Up-to-date symlink: /home/srge/spaceros_gz_demos/install/spaceros_gz_demos/share/spaceros_gz_demos/models/nasa_perseverance/meshes/Wheel_RightMiddle.bin
-- Up-to-date symlink: /home/srge/spaceros_gz_demos/install/spaceros_gz_demos/share/spaceros_gz_demos/models/nasa_perseverance/meshes/Wheel_RightMiddle.gltf
-- Up-to-date symlink: /home/srge/spaceros_gz_demos/install/spaceros_gz_demos/share/spaceros_gz_demos/models/nasa_perseverance/meshes/Wheel_RightRear.bin
-- Up-to-date symlink: /home/srge/spaceros_gz_demos/install/spaceros_gz_demos/share/spaceros_gz_demos/models/nasa_perseverance/meshes/Wheel_RightRear.gltf
-- Up-to-date symlink: /home/srge/spaceros_gz_demos/install/spaceros_gz_demos/share/spaceros_gz_demos/models/nasa_perseverance/model.config
-- Up-to-date symlink: /home/srge/spaceros_gz_demos/install/spaceros_gz_demos/share/spaceros_gz_demos/models/nasa_perseverance/model.sdf
-- Up-to-date symlink: /home/srge/spaceros_gz_demos/install/spaceros_gz_demos/share/spaceros_gz_demos/models/ocean_surface/materials/programs/GerstnerWaves_fs.metal
-- Up-to-date symlink: /home/srge/spaceros_gz_demos/install/spaceros_gz_demos/share/spaceros_gz_demos/models/ocean_surface/materials/programs/GerstnerWaves_fs_330.glsl
-- Up-to-date symlink: /home/srge/spaceros_gz_demos/install/spaceros_gz_demos/share/spaceros_gz_demos/models/ocean_surface/materials/programs/GerstnerWaves_vs.metal
-- Up-to-date symlink: /home/srge/spaceros_gz_demos/install/spaceros_gz_demos/share/spaceros_gz_demos/models/ocean_surface/materials/programs/GerstnerWaves_vs_330.glsl
-- Up-to-date symlink: /home/srge/spaceros_gz_demos/install/spaceros_gz_demos/share/spaceros_gz_demos/models/ocean_surface/materials/textures/skybox_lowres.dds
-- Up-to-date symlink: /home/srge/spaceros_gz_demos/install/spaceros_gz_demos/share/spaceros_gz_demos/models/ocean_surface/materials/textures/wave_normals.dds
-- Up-to-date symlink: /home/srge/spaceros_gz_demos/install/spaceros_gz_demos/share/spaceros_gz_demos/models/ocean_surface/meshes/waterlow.dae
-- Up-to-date symlink: /home/srge/spaceros_gz_demos/install/spaceros_gz_demos/share/spaceros_gz_demos/models/ocean_surface/model.config
-- Up-to-date symlink: /home/srge/spaceros_gz_demos/install/spaceros_gz_demos/share/spaceros_gz_demos/models/ocean_surface/model.sdf
-- Up-to-date symlink: /home/srge/spaceros_gz_demos/install/spaceros_gz_demos/share/spaceros_gz_demos/models/saturn/model.config
-- Up-to-date symlink: /home/srge/spaceros_gz_demos/install/spaceros_gz_demos/share/spaceros_gz_demos/models/saturn/model.sdf
-- Up-to-date symlink: /home/srge/spaceros_gz_demos/install/spaceros_gz_demos/share/spaceros_gz_demos/models/saturn/resources/saturn.glb
-- Up-to-date symlink: /home/srge/spaceros_gz_demos/install/spaceros_gz_demos/share/spaceros_gz_demos/models/solar_panel/model.config
-- Up-to-date symlink: /home/srge/spaceros_gz_demos/install/spaceros_gz_demos/share/spaceros_gz_demos/models/solar_panel/model.sdf
-- Up-to-date symlink: /home/srge/spaceros_gz_demos/install/spaceros_gz_demos/share/spaceros_gz_demos/models/solar_panel/resources/solar_panel.glb
-- Up-to-date symlink: /home/srge/spaceros_gz_demos/install/spaceros_gz_demos/share/spaceros_gz_demos/models/submarine/model.config
-- Up-to-date symlink: /home/srge/spaceros_gz_demos/install/spaceros_gz_demos/share/spaceros_gz_demos/models/submarine/model.sdf
-- Up-to-date symlink: /home/srge/spaceros_gz_demos/install/spaceros_gz_demos/share/spaceros_gz_demos/models/submarine/resources/submarine.glb
-- Up-to-date symlink: /home/srge/spaceros_gz_demos/install/spaceros_gz_demos/share/spaceros_gz_demos/models/truss/model.config
-- Up-to-date symlink: /home/srge/spaceros_gz_demos/install/spaceros_gz_demos/share/spaceros_gz_demos/models/truss/model.sdf
-- Up-to-date symlink: /home/srge/spaceros_gz_demos/install/spaceros_gz_demos/share/spaceros_gz_demos/worlds/enceladus.sdf
-- Up-to-date symlink: /home/srge/spaceros_gz_demos/install/spaceros_gz_demos/share/spaceros_gz_demos/worlds/mars.sdf
-- Up-to-date symlink: /home/srge/spaceros_gz_demos/install/spaceros_gz_demos/share/spaceros_gz_demos/worlds/moon.sdf
-- Up-to-date symlink: /home/srge/spaceros_gz_demos/install/spaceros_gz_demos/share/spaceros_gz_demos/worlds/orbit.sdf
-- Up-to-date symlink: /home/srge/spaceros_gz_demos/install/spaceros_gz_demos/share/ament_index/resource_index/package_run_dependencies/spaceros_gz_demos
-- Up-to-date symlink: /home/srge/spaceros_gz_demos/install/spaceros_gz_demos/share/ament_index/resource_index/parent_prefix_path/spaceros_gz_demos
-- Up-to-date symlink: /home/srge/spaceros_gz_demos/install/spaceros_gz_demos/share/spaceros_gz_demos/environment/ament_prefix_path.sh
-- Up-to-date symlink: /home/srge/spaceros_gz_demos/install/spaceros_gz_demos/share/spaceros_gz_demos/environment/ament_prefix_path.dsv
-- Up-to-date symlink: /home/srge/spaceros_gz_demos/install/spaceros_gz_demos/share/spaceros_gz_demos/environment/path.sh
-- Up-to-date symlink: /home/srge/spaceros_gz_demos/install/spaceros_gz_demos/share/spaceros_gz_demos/environment/path.dsv
-- Up-to-date symlink: /home/srge/spaceros_gz_demos/install/spaceros_gz_demos/share/spaceros_gz_demos/local_setup.bash
-- Up-to-date symlink: /home/srge/spaceros_gz_demos/install/spaceros_gz_demos/share/spaceros_gz_demos/local_setup.sh
-- Up-to-date symlink: /home/srge/spaceros_gz_demos/install/spaceros_gz_demos/share/spaceros_gz_demos/local_setup.zsh
-- Up-to-date symlink: /home/srge/spaceros_gz_demos/install/spaceros_gz_demos/share/spaceros_gz_demos/local_setup.dsv
-- Symlinking: /home/srge/spaceros_gz_demos/install/spaceros_gz_demos/share/spaceros_gz_demos/package.dsv
-- Up-to-date symlink: /home/srge/spaceros_gz_demos/install/spaceros_gz_demos/share/ament_index/resource_index/packages/spaceros_gz_demos
-- Up-to-date symlink: /home/srge/spaceros_gz_demos/install/spaceros_gz_demos/share/spaceros_gz_demos/cmake/spaceros_gz_demosConfig.cmake
-- Up-to-date symlink: /home/srge/spaceros_gz_demos/install/spaceros_gz_demos/share/spaceros_gz_demos/cmake/spaceros_gz_demosConfig-version.cmake
-- Up-to-date symlink: /home/srge/spaceros_gz_demos/install/spaceros_gz_demos/share/spaceros_gz_demos/package.xml
