[0.543s] Invoking command in '/home/srge/spaceros_gz_demos/build/spaceros_gz_demos': CMAKE_PREFIX_PATH=/opt/ros/humble /usr/bin/cmake /home/srge/spaceros_gz_demos/spaceros_gz_demos -DCMAKE_INSTALL_PREFIX=/home/srge/spaceros_gz_demos/install/spaceros_gz_demos
[0.565s] -- Found ament_cmake: 1.3.12 (/opt/ros/humble/share/ament_cmake/cmake)
[0.779s] -- Override CMake install command with custom implementation using symlinks instead of copying resources
[0.792s] -- Found ament_lint_auto: 0.12.14 (/opt/ros/humble/share/ament_lint_auto/cmake)
[0.992s] -- Added test 'cppcheck' to perform static code analysis on C / C++ code
[0.992s] -- Configured cppcheck include dirs: 
[0.992s] -- Configured cppcheck exclude dirs and/or files: 
[1.001s] -- Added test 'flake8' to check Python code syntax and style conventions
[1.023s] -- Added test 'lint_cmake' to check CMake code style
[1.035s] -- Added test 'pep257' to check Python code against some of the docstring style conventions in PEP 257
[1.112s] -- Added test 'uncrustify' to check C / C++ code style
[1.112s] -- Configured uncrustify additional arguments: 
[1.124s] -- Added test 'xmllint' to check XML markup files
[1.125s] -- Configuring done
[1.129s] -- Generating done
[1.137s] -- Build files have been written to: /home/srge/spaceros_gz_demos/build/spaceros_gz_demos
[1.141s] Invoked command in '/home/srge/spaceros_gz_demos/build/spaceros_gz_demos' returned '0': CMAKE_PREFIX_PATH=/opt/ros/humble /usr/bin/cmake /home/srge/spaceros_gz_demos/spaceros_gz_demos -DCMAKE_INSTALL_PREFIX=/home/srge/spaceros_gz_demos/install/spaceros_gz_demos
[1.144s] Invoking command in '/home/srge/spaceros_gz_demos/build/spaceros_gz_demos': CMAKE_PREFIX_PATH=/opt/ros/humble /usr/bin/cmake --build /home/srge/spaceros_gz_demos/build/spaceros_gz_demos -- -j16 -l16
[1.225s] Invoked command in '/home/srge/spaceros_gz_demos/build/spaceros_gz_demos' returned '0': CMAKE_PREFIX_PATH=/opt/ros/humble /usr/bin/cmake --build /home/srge/spaceros_gz_demos/build/spaceros_gz_demos -- -j16 -l16
[1.249s] Invoking command in '/home/srge/spaceros_gz_demos/build/spaceros_gz_demos': CMAKE_PREFIX_PATH=/opt/ros/humble /usr/bin/cmake --install /home/srge/spaceros_gz_demos/build/spaceros_gz_demos
[1.260s] -- Install configuration: ""
[1.261s] -- Execute custom install script
[1.261s] -- Up-to-date symlink: /home/srge/spaceros_gz_demos/install/spaceros_gz_demos/share/spaceros_gz_demos/launch/enceladus.launch.xml
[1.262s] -- Up-to-date symlink: /home/srge/spaceros_gz_demos/install/spaceros_gz_demos/share/spaceros_gz_demos/launch/load_world.launch.py
[1.262s] -- Up-to-date symlink: /home/srge/spaceros_gz_demos/install/spaceros_gz_demos/share/spaceros_gz_demos/launch/mars.launch.xml
[1.262s] -- Up-to-date symlink: /home/srge/spaceros_gz_demos/install/spaceros_gz_demos/share/spaceros_gz_demos/launch/moon.launch NOT FULLY EDITED.xml
[1.263s] -- Up-to-date symlink: /home/srge/spaceros_gz_demos/install/spaceros_gz_demos/share/spaceros_gz_demos/launch/moon.launch.xml
[1.263s] -- Up-to-date symlink: /home/srge/spaceros_gz_demos/install/spaceros_gz_demos/share/spaceros_gz_demos/launch/orbit.launch.xml
[1.266s] -- Up-to-date symlink: /home/srge/spaceros_gz_demos/install/spaceros_gz_demos/share/spaceros_gz_demos/models/X1/materials/textures/aluminium_anodized.png
[1.266s] -- Up-to-date symlink: /home/srge/spaceros_gz_demos/install/spaceros_gz_demos/share/spaceros_gz_demos/models/X1/materials/textures/headlight.jpg
[1.266s] -- Up-to-date symlink: /home/srge/spaceros_gz_demos/install/spaceros_gz_demos/share/spaceros_gz_demos/models/X1/materials/textures/led.jpg
[1.267s] -- Up-to-date symlink: /home/srge/spaceros_gz_demos/install/spaceros_gz_demos/share/spaceros_gz_demos/models/X1/meshes/chassis.dae
[1.267s] -- Up-to-date symlink: /home/srge/spaceros_gz_demos/install/spaceros_gz_demos/share/spaceros_gz_demos/models/X1/meshes/headlight.dae
[1.267s] -- Up-to-date symlink: /home/srge/spaceros_gz_demos/install/spaceros_gz_demos/share/spaceros_gz_demos/models/X1/meshes/headlight_lamp.dae
[1.267s] -- Up-to-date symlink: /home/srge/spaceros_gz_demos/install/spaceros_gz_demos/share/spaceros_gz_demos/models/X1/meshes/led.dae
[1.267s] -- Up-to-date symlink: /home/srge/spaceros_gz_demos/install/spaceros_gz_demos/share/spaceros_gz_demos/models/X1/meshes/led_lamp.dae
[1.267s] -- Up-to-date symlink: /home/srge/spaceros_gz_demos/install/spaceros_gz_demos/share/spaceros_gz_demos/models/X1/meshes/top_plate.dae
[1.268s] -- Up-to-date symlink: /home/srge/spaceros_gz_demos/install/spaceros_gz_demos/share/spaceros_gz_demos/models/X1/meshes/truss.dae
[1.268s] -- Up-to-date symlink: /home/srge/spaceros_gz_demos/install/spaceros_gz_demos/share/spaceros_gz_demos/models/X1/meshes/wheel.dae
[1.268s] -- Up-to-date symlink: /home/srge/spaceros_gz_demos/install/spaceros_gz_demos/share/spaceros_gz_demos/models/X1/model.config
[1.268s] -- Up-to-date symlink: /home/srge/spaceros_gz_demos/install/spaceros_gz_demos/share/spaceros_gz_demos/models/X1/model.sdf
[1.268s] -- Up-to-date symlink: /home/srge/spaceros_gz_demos/install/spaceros_gz_demos/share/spaceros_gz_demos/models/X2 ORIGINAL WITHOUT MODIFICATIONS/materials/textures/headlight.jpg
[1.268s] -- Up-to-date symlink: /home/srge/spaceros_gz_demos/install/spaceros_gz_demos/share/spaceros_gz_demos/models/X2 ORIGINAL WITHOUT MODIFICATIONS/materials/textures/led.jpg
[1.268s] -- Up-to-date symlink: /home/srge/spaceros_gz_demos/install/spaceros_gz_demos/share/spaceros_gz_demos/models/X2 ORIGINAL WITHOUT MODIFICATIONS/materials/textures/x2.jpg
[1.269s] -- Up-to-date symlink: /home/srge/spaceros_gz_demos/install/spaceros_gz_demos/share/spaceros_gz_demos/models/X2 ORIGINAL WITHOUT MODIFICATIONS/meshes/headlight.dae
[1.269s] -- Up-to-date symlink: /home/srge/spaceros_gz_demos/install/spaceros_gz_demos/share/spaceros_gz_demos/models/X2 ORIGINAL WITHOUT MODIFICATIONS/meshes/headlight_lamp.dae
[1.269s] -- Up-to-date symlink: /home/srge/spaceros_gz_demos/install/spaceros_gz_demos/share/spaceros_gz_demos/models/X2 ORIGINAL WITHOUT MODIFICATIONS/meshes/led.dae
[1.269s] -- Up-to-date symlink: /home/srge/spaceros_gz_demos/install/spaceros_gz_demos/share/spaceros_gz_demos/models/X2 ORIGINAL WITHOUT MODIFICATIONS/meshes/led_lamp.dae
[1.269s] -- Up-to-date symlink: /home/srge/spaceros_gz_demos/install/spaceros_gz_demos/share/spaceros_gz_demos/models/X2 ORIGINAL WITHOUT MODIFICATIONS/meshes/x2_chassis.dae
[1.269s] -- Up-to-date symlink: /home/srge/spaceros_gz_demos/install/spaceros_gz_demos/share/spaceros_gz_demos/models/X2 ORIGINAL WITHOUT MODIFICATIONS/meshes/x2_wheel_left.dae
[1.269s] -- Up-to-date symlink: /home/srge/spaceros_gz_demos/install/spaceros_gz_demos/share/spaceros_gz_demos/models/X2 ORIGINAL WITHOUT MODIFICATIONS/meshes/x2_wheel_right.dae
[1.270s] -- Up-to-date symlink: /home/srge/spaceros_gz_demos/install/spaceros_gz_demos/share/spaceros_gz_demos/models/X2 ORIGINAL WITHOUT MODIFICATIONS/model.config
[1.270s] -- Up-to-date symlink: /home/srge/spaceros_gz_demos/install/spaceros_gz_demos/share/spaceros_gz_demos/models/X2 ORIGINAL WITHOUT MODIFICATIONS/model.sdf
[1.270s] -- Up-to-date symlink: /home/srge/spaceros_gz_demos/install/spaceros_gz_demos/share/spaceros_gz_demos/models/X2/materials/textures/headlight.jpg
[1.270s] -- Up-to-date symlink: /home/srge/spaceros_gz_demos/install/spaceros_gz_demos/share/spaceros_gz_demos/models/X2/materials/textures/led.jpg
[1.270s] -- Up-to-date symlink: /home/srge/spaceros_gz_demos/install/spaceros_gz_demos/share/spaceros_gz_demos/models/X2/materials/textures/x2.jpg
[1.270s] -- Up-to-date symlink: /home/srge/spaceros_gz_demos/install/spaceros_gz_demos/share/spaceros_gz_demos/models/X2/meshes/headlight.dae
[1.270s] -- Up-to-date symlink: /home/srge/spaceros_gz_demos/install/spaceros_gz_demos/share/spaceros_gz_demos/models/X2/meshes/headlight_lamp.dae
[1.270s] -- Up-to-date symlink: /home/srge/spaceros_gz_demos/install/spaceros_gz_demos/share/spaceros_gz_demos/models/X2/meshes/led.dae
[1.271s] -- Up-to-date symlink: /home/srge/spaceros_gz_demos/install/spaceros_gz_demos/share/spaceros_gz_demos/models/X2/meshes/led_lamp.dae
[1.271s] -- Up-to-date symlink: /home/srge/spaceros_gz_demos/install/spaceros_gz_demos/share/spaceros_gz_demos/models/X2/meshes/x2_chassis.dae
[1.271s] -- Up-to-date symlink: /home/srge/spaceros_gz_demos/install/spaceros_gz_demos/share/spaceros_gz_demos/models/X2/meshes/x2_wheel_left.dae
[1.271s] -- Up-to-date symlink: /home/srge/spaceros_gz_demos/install/spaceros_gz_demos/share/spaceros_gz_demos/models/X2/meshes/x2_wheel_right.dae
[1.271s] -- Up-to-date symlink: /home/srge/spaceros_gz_demos/install/spaceros_gz_demos/share/spaceros_gz_demos/models/X2/model.config
[1.272s] -- Up-to-date symlink: /home/srge/spaceros_gz_demos/install/spaceros_gz_demos/share/spaceros_gz_demos/models/X2/model.sdf
[1.272s] -- Up-to-date symlink: /home/srge/spaceros_gz_demos/install/spaceros_gz_demos/share/spaceros_gz_demos/models/X2_a/materials/textures/headlight.jpg
[1.272s] -- Up-to-date symlink: /home/srge/spaceros_gz_demos/install/spaceros_gz_demos/share/spaceros_gz_demos/models/X2_a/materials/textures/led.jpg
[1.272s] -- Up-to-date symlink: /home/srge/spaceros_gz_demos/install/spaceros_gz_demos/share/spaceros_gz_demos/models/X2_a/materials/textures/x2.jpg
[1.272s] -- Up-to-date symlink: /home/srge/spaceros_gz_demos/install/spaceros_gz_demos/share/spaceros_gz_demos/models/X2_a/meshes/headlight.dae
[1.272s] -- Up-to-date symlink: /home/srge/spaceros_gz_demos/install/spaceros_gz_demos/share/spaceros_gz_demos/models/X2_a/meshes/headlight_lamp.dae
[1.272s] -- Up-to-date symlink: /home/srge/spaceros_gz_demos/install/spaceros_gz_demos/share/spaceros_gz_demos/models/X2_a/meshes/led.dae
[1.272s] -- Up-to-date symlink: /home/srge/spaceros_gz_demos/install/spaceros_gz_demos/share/spaceros_gz_demos/models/X2_a/meshes/led_lamp.dae
[1.272s] -- Up-to-date symlink: /home/srge/spaceros_gz_demos/install/spaceros_gz_demos/share/spaceros_gz_demos/models/X2_a/meshes/x2_chassis.dae
[1.272s] -- Up-to-date symlink: /home/srge/spaceros_gz_demos/install/spaceros_gz_demos/share/spaceros_gz_demos/models/X2_a/meshes/x2_wheel_left.dae
[1.273s] -- Up-to-date symlink: /home/srge/spaceros_gz_demos/install/spaceros_gz_demos/share/spaceros_gz_demos/models/X2_a/meshes/x2_wheel_right.dae
[1.273s] -- Up-to-date symlink: /home/srge/spaceros_gz_demos/install/spaceros_gz_demos/share/spaceros_gz_demos/models/X2_a/model.config
[1.273s] -- Up-to-date symlink: /home/srge/spaceros_gz_demos/install/spaceros_gz_demos/share/spaceros_gz_demos/models/X2_a/model.sdf
[1.273s] -- Up-to-date symlink: /home/srge/spaceros_gz_demos/install/spaceros_gz_demos/share/spaceros_gz_demos/models/capsule/model.config
[1.273s] -- Up-to-date symlink: /home/srge/spaceros_gz_demos/install/spaceros_gz_demos/share/spaceros_gz_demos/models/capsule/model.sdf
[1.273s] -- Up-to-date symlink: /home/srge/spaceros_gz_demos/install/spaceros_gz_demos/share/spaceros_gz_demos/models/capsule/resources/capsule.glb
[1.273s] -- Up-to-date symlink: /home/srge/spaceros_gz_demos/install/spaceros_gz_demos/share/spaceros_gz_demos/models/earth/model.config
[1.273s] -- Up-to-date symlink: /home/srge/spaceros_gz_demos/install/spaceros_gz_demos/share/spaceros_gz_demos/models/earth/model.sdf
[1.273s] -- Up-to-date symlink: /home/srge/spaceros_gz_demos/install/spaceros_gz_demos/share/spaceros_gz_demos/models/earth/resources/earth.glb
[1.274s] -- Up-to-date symlink: /home/srge/spaceros_gz_demos/install/spaceros_gz_demos/share/spaceros_gz_demos/models/enceladus_surface/model.config
[1.274s] -- Up-to-date symlink: /home/srge/spaceros_gz_demos/install/spaceros_gz_demos/share/spaceros_gz_demos/models/enceladus_surface/model.sdf
[1.274s] -- Up-to-date symlink: /home/srge/spaceros_gz_demos/install/spaceros_gz_demos/share/spaceros_gz_demos/models/enceladus_surface/resources/glaci.jpg
[1.274s] -- Up-to-date symlink: /home/srge/spaceros_gz_demos/install/spaceros_gz_demos/share/spaceros_gz_demos/models/enceladus_surface/resources/glaci.mtl
[1.274s] -- Up-to-date symlink: /home/srge/spaceros_gz_demos/install/spaceros_gz_demos/share/spaceros_gz_demos/models/enceladus_surface/resources/glaci.obj
[1.274s] -- Up-to-date symlink: /home/srge/spaceros_gz_demos/install/spaceros_gz_demos/share/spaceros_gz_demos/models/hokuyo/meshes/hokuyo_utm30lx.dae
[1.274s] -- Up-to-date symlink: /home/srge/spaceros_gz_demos/install/spaceros_gz_demos/share/spaceros_gz_demos/models/hokuyo/meshes/lidar_2d_v2.png
[1.275s] -- Up-to-date symlink: /home/srge/spaceros_gz_demos/install/spaceros_gz_demos/share/spaceros_gz_demos/models/hokuyo/model.config
[1.275s] -- Up-to-date symlink: /home/srge/spaceros_gz_demos/install/spaceros_gz_demos/share/spaceros_gz_demos/models/hokuyo/model.sdf
[1.275s] -- Up-to-date symlink: /home/srge/spaceros_gz_demos/install/spaceros_gz_demos/share/spaceros_gz_demos/models/iss/model.config
[1.275s] -- Up-to-date symlink: /home/srge/spaceros_gz_demos/install/spaceros_gz_demos/share/spaceros_gz_demos/models/iss/model.sdf
[1.275s] -- Up-to-date symlink: /home/srge/spaceros_gz_demos/install/spaceros_gz_demos/share/spaceros_gz_demos/models/iss/resources/iss.glb
[1.275s] -- Up-to-date symlink: /home/srge/spaceros_gz_demos/install/spaceros_gz_demos/share/spaceros_gz_demos/models/lunar_surface/dem/moon.tif
[1.275s] -- Up-to-date symlink: /home/srge/spaceros_gz_demos/install/spaceros_gz_demos/share/spaceros_gz_demos/models/lunar_surface/materials/textures/moon_diffuse.png
[1.275s] -- Up-to-date symlink: /home/srge/spaceros_gz_demos/install/spaceros_gz_demos/share/spaceros_gz_demos/models/lunar_surface/materials/textures/moon_normal.png
[1.276s] -- Up-to-date symlink: /home/srge/spaceros_gz_demos/install/spaceros_gz_demos/share/spaceros_gz_demos/models/lunar_surface/materials/textures/white_alpha.png
[1.276s] -- Up-to-date symlink: /home/srge/spaceros_gz_demos/install/spaceros_gz_demos/share/spaceros_gz_demos/models/lunar_surface/model.config
[1.276s] -- Up-to-date symlink: /home/srge/spaceros_gz_demos/install/spaceros_gz_demos/share/spaceros_gz_demos/models/lunar_surface/model.sdf
[1.276s] -- Up-to-date symlink: /home/srge/spaceros_gz_demos/install/spaceros_gz_demos/share/spaceros_gz_demos/models/martian_surface/model.config
[1.276s] -- Up-to-date symlink: /home/srge/spaceros_gz_demos/install/spaceros_gz_demos/share/spaceros_gz_demos/models/martian_surface/model.sdf
[1.277s] -- Up-to-date symlink: /home/srge/spaceros_gz_demos/install/spaceros_gz_demos/share/spaceros_gz_demos/models/martian_surface/resources/martian_surface.glb
[1.278s] -- Up-to-date symlink: /home/srge/spaceros_gz_demos/install/spaceros_gz_demos/share/spaceros_gz_demos/models/moon_base/model.config
[1.279s] -- Up-to-date symlink: /home/srge/spaceros_gz_demos/install/spaceros_gz_demos/share/spaceros_gz_demos/models/moon_base/model.sdf
[1.280s] -- Up-to-date symlink: /home/srge/spaceros_gz_demos/install/spaceros_gz_demos/share/spaceros_gz_demos/models/moon_base/resources/dome.dae
[1.281s] -- Up-to-date symlink: /home/srge/spaceros_gz_demos/install/spaceros_gz_demos/share/spaceros_gz_demos/models/moon_base/resources/moon_base.glb
[1.281s] -- Up-to-date symlink: /home/srge/spaceros_gz_demos/install/spaceros_gz_demos/share/spaceros_gz_demos/models/nasa_ingenuity/meshes/MHS_BottomBlades_v16.glb
[1.281s] -- Up-to-date symlink: /home/srge/spaceros_gz_demos/install/spaceros_gz_demos/share/spaceros_gz_demos/models/nasa_ingenuity/meshes/MHS_Leg01_v16.glb
[1.282s] -- Up-to-date symlink: /home/srge/spaceros_gz_demos/install/spaceros_gz_demos/share/spaceros_gz_demos/models/nasa_ingenuity/meshes/MHS_Leg02_v16.glb
[1.282s] -- Up-to-date symlink: /home/srge/spaceros_gz_demos/install/spaceros_gz_demos/share/spaceros_gz_demos/models/nasa_ingenuity/meshes/MHS_Leg03_v16.glb
[1.282s] -- Up-to-date symlink: /home/srge/spaceros_gz_demos/install/spaceros_gz_demos/share/spaceros_gz_demos/models/nasa_ingenuity/meshes/MHS_Leg04_v16.glb
[1.282s] -- Up-to-date symlink: /home/srge/spaceros_gz_demos/install/spaceros_gz_demos/share/spaceros_gz_demos/models/nasa_ingenuity/meshes/MHS_MainBody_v16.glb
[1.283s] -- Up-to-date symlink: /home/srge/spaceros_gz_demos/install/spaceros_gz_demos/share/spaceros_gz_demos/models/nasa_ingenuity/meshes/MHS_TopBlades_v16.glb
[1.283s] -- Up-to-date symlink: /home/srge/spaceros_gz_demos/install/spaceros_gz_demos/share/spaceros_gz_demos/models/nasa_ingenuity/model.config
[1.283s] -- Up-to-date symlink: /home/srge/spaceros_gz_demos/install/spaceros_gz_demos/share/spaceros_gz_demos/models/nasa_ingenuity/model.sdf
[1.283s] -- Up-to-date symlink: /home/srge/spaceros_gz_demos/install/spaceros_gz_demos/share/spaceros_gz_demos/models/nasa_perseverance/meshes/AbradingBitInTurretAtZeroFeed.bin
[1.283s] -- Up-to-date symlink: /home/srge/spaceros_gz_demos/install/spaceros_gz_demos/share/spaceros_gz_demos/models/nasa_perseverance/meshes/AbradingBitInTurretAtZeroFeed.gltf
[1.283s] -- Up-to-date symlink: /home/srge/spaceros_gz_demos/install/spaceros_gz_demos/share/spaceros_gz_demos/models/nasa_perseverance/meshes/Arm_LINK_1.bin
[1.284s] -- Up-to-date symlink: /home/srge/spaceros_gz_demos/install/spaceros_gz_demos/share/spaceros_gz_demos/models/nasa_perseverance/meshes/Arm_LINK_1.gltf
[1.284s] -- Up-to-date symlink: /home/srge/spaceros_gz_demos/install/spaceros_gz_demos/share/spaceros_gz_demos/models/nasa_perseverance/meshes/Arm_LINK_2.bin
[1.284s] -- Up-to-date symlink: /home/srge/spaceros_gz_demos/install/spaceros_gz_demos/share/spaceros_gz_demos/models/nasa_perseverance/meshes/Arm_LINK_2.gltf
[1.284s] -- Up-to-date symlink: /home/srge/spaceros_gz_demos/install/spaceros_gz_demos/share/spaceros_gz_demos/models/nasa_perseverance/meshes/Arm_LINK_3.bin
[1.284s] -- Up-to-date symlink: /home/srge/spaceros_gz_demos/install/spaceros_gz_demos/share/spaceros_gz_demos/models/nasa_perseverance/meshes/Arm_LINK_3.gltf
[1.284s] -- Up-to-date symlink: /home/srge/spaceros_gz_demos/install/spaceros_gz_demos/share/spaceros_gz_demos/models/nasa_perseverance/meshes/Arm_LINK_4.bin
[1.284s] -- Up-to-date symlink: /home/srge/spaceros_gz_demos/install/spaceros_gz_demos/share/spaceros_gz_demos/models/nasa_perseverance/meshes/Arm_LINK_4.gltf
[1.284s] -- Up-to-date symlink: /home/srge/spaceros_gz_demos/install/spaceros_gz_demos/share/spaceros_gz_demos/models/nasa_perseverance/meshes/Arm_LINK_5.bin
[1.285s] -- Up-to-date symlink: /home/srge/spaceros_gz_demos/install/spaceros_gz_demos/share/spaceros_gz_demos/models/nasa_perseverance/meshes/Arm_LINK_5.gltf
[1.285s] -- Up-to-date symlink: /home/srge/spaceros_gz_demos/install/spaceros_gz_demos/share/spaceros_gz_demos/models/nasa_perseverance/meshes/CHASSIS.bin
[1.285s] -- Up-to-date symlink: /home/srge/spaceros_gz_demos/install/spaceros_gz_demos/share/spaceros_gz_demos/models/nasa_perseverance/meshes/CHASSIS.gltf
[1.285s] -- Up-to-date symlink: /home/srge/spaceros_gz_demos/install/spaceros_gz_demos/share/spaceros_gz_demos/models/nasa_perseverance/meshes/CenterDifferential.bin
[1.285s] -- Up-to-date symlink: /home/srge/spaceros_gz_demos/install/spaceros_gz_demos/share/spaceros_gz_demos/models/nasa_perseverance/meshes/CenterDifferential.gltf
[1.285s] -- Up-to-date symlink: /home/srge/spaceros_gz_demos/install/spaceros_gz_demos/share/spaceros_gz_demos/models/nasa_perseverance/meshes/ContextImager_Cap.bin
[1.285s] -- Up-to-date symlink: /home/srge/spaceros_gz_demos/install/spaceros_gz_demos/share/spaceros_gz_demos/models/nasa_perseverance/meshes/ContextImager_Cap.gltf
[1.286s] -- Up-to-date symlink: /home/srge/spaceros_gz_demos/install/spaceros_gz_demos/share/spaceros_gz_demos/models/nasa_perseverance/meshes/CoringBitInTurretAtZeroFeed.bin
[1.286s] -- Up-to-date symlink: /home/srge/spaceros_gz_demos/install/spaceros_gz_demos/share/spaceros_gz_demos/models/nasa_perseverance/meshes/CoringBitInTurretAtZeroFeed.gltf
[1.286s] -- Up-to-date symlink: /home/srge/spaceros_gz_demos/install/spaceros_gz_demos/share/spaceros_gz_demos/models/nasa_perseverance/meshes/DrillCorrerAssy.bin
[1.286s] -- Up-to-date symlink: /home/srge/spaceros_gz_demos/install/spaceros_gz_demos/share/spaceros_gz_demos/models/nasa_perseverance/meshes/DrillCorrerAssy.gltf
[1.286s] -- Up-to-date symlink: /home/srge/spaceros_gz_demos/install/spaceros_gz_demos/share/spaceros_gz_demos/models/nasa_perseverance/meshes/HGA_AZ.bin
[1.286s] -- Up-to-date symlink: /home/srge/spaceros_gz_demos/install/spaceros_gz_demos/share/spaceros_gz_demos/models/nasa_perseverance/meshes/HGA_AZ.gltf
[1.286s] -- Up-to-date symlink: /home/srge/spaceros_gz_demos/install/spaceros_gz_demos/share/spaceros_gz_demos/models/nasa_perseverance/meshes/HGA_EL.bin
[1.286s] -- Up-to-date symlink: /home/srge/spaceros_gz_demos/install/spaceros_gz_demos/share/spaceros_gz_demos/models/nasa_perseverance/meshes/HGA_EL.gltf
[1.287s] -- Up-to-date symlink: /home/srge/spaceros_gz_demos/install/spaceros_gz_demos/share/spaceros_gz_demos/models/nasa_perseverance/meshes/LaunchBitInTurretAtZeroFeed.bin
[1.287s] -- Up-to-date symlink: /home/srge/spaceros_gz_demos/install/spaceros_gz_demos/share/spaceros_gz_demos/models/nasa_perseverance/meshes/LaunchBitInTurretAtZeroFeed.gltf
[1.287s] -- Up-to-date symlink: /home/srge/spaceros_gz_demos/install/spaceros_gz_demos/share/spaceros_gz_demos/models/nasa_perseverance/meshes/Left_Bogie.bin
[1.287s] -- Up-to-date symlink: /home/srge/spaceros_gz_demos/install/spaceros_gz_demos/share/spaceros_gz_demos/models/nasa_perseverance/meshes/Left_Bogie.gltf
[1.287s] -- Up-to-date symlink: /home/srge/spaceros_gz_demos/install/spaceros_gz_demos/share/spaceros_gz_demos/models/nasa_perseverance/meshes/Left_Rocker.bin
[1.288s] -- Up-to-date symlink: /home/srge/spaceros_gz_demos/install/spaceros_gz_demos/share/spaceros_gz_demos/models/nasa_perseverance/meshes/Left_Rocker.gltf
[1.288s] -- Up-to-date symlink: /home/srge/spaceros_gz_demos/install/spaceros_gz_demos/share/spaceros_gz_demos/models/nasa_perseverance/meshes/MHS_DebrisShield.bin
[1.288s] -- Up-to-date symlink: /home/srge/spaceros_gz_demos/install/spaceros_gz_demos/share/spaceros_gz_demos/models/nasa_perseverance/meshes/MHS_DebrisShield.gltf
[1.288s] -- Up-to-date symlink: /home/srge/spaceros_gz_demos/install/spaceros_gz_demos/share/spaceros_gz_demos/models/nasa_perseverance/meshes/RSM.bin
[1.288s] -- Up-to-date symlink: /home/srge/spaceros_gz_demos/install/spaceros_gz_demos/share/spaceros_gz_demos/models/nasa_perseverance/meshes/RSM.gltf
[1.288s] -- Up-to-date symlink: /home/srge/spaceros_gz_demos/install/spaceros_gz_demos/share/spaceros_gz_demos/models/nasa_perseverance/meshes/RSM_Head.bin
[1.288s] -- Up-to-date symlink: /home/srge/spaceros_gz_demos/install/spaceros_gz_demos/share/spaceros_gz_demos/models/nasa_perseverance/meshes/RSM_Head.gltf
[1.288s] -- Up-to-date symlink: /home/srge/spaceros_gz_demos/install/spaceros_gz_demos/share/spaceros_gz_demos/models/nasa_perseverance/meshes/RegolithBitInTurretAtZeroFeed.bin
[1.288s] -- Up-to-date symlink: /home/srge/spaceros_gz_demos/install/spaceros_gz_demos/share/spaceros_gz_demos/models/nasa_perseverance/meshes/RegolithBitInTurretAtZeroFeed.gltf
[1.288s] -- Up-to-date symlink: /home/srge/spaceros_gz_demos/install/spaceros_gz_demos/share/spaceros_gz_demos/models/nasa_perseverance/meshes/Right_Bogie.bin
[1.288s] -- Up-to-date symlink: /home/srge/spaceros_gz_demos/install/spaceros_gz_demos/share/spaceros_gz_demos/models/nasa_perseverance/meshes/Right_Bogie.gltf
[1.289s] -- Up-to-date symlink: /home/srge/spaceros_gz_demos/install/spaceros_gz_demos/share/spaceros_gz_demos/models/nasa_perseverance/meshes/Right_Rocker.bin
[1.289s] -- Up-to-date symlink: /home/srge/spaceros_gz_demos/install/spaceros_gz_demos/share/spaceros_gz_demos/models/nasa_perseverance/meshes/Right_Rocker.gltf
[1.289s] -- Up-to-date symlink: /home/srge/spaceros_gz_demos/install/spaceros_gz_demos/share/spaceros_gz_demos/models/nasa_perseverance/meshes/StabilizerFarInTurret.bin
[1.289s] -- Up-to-date symlink: /home/srge/spaceros_gz_demos/install/spaceros_gz_demos/share/spaceros_gz_demos/models/nasa_perseverance/meshes/StabilizerFarInTurret.gltf
[1.289s] -- Up-to-date symlink: /home/srge/spaceros_gz_demos/install/spaceros_gz_demos/share/spaceros_gz_demos/models/nasa_perseverance/meshes/StabilizerNearInTurret.bin
[1.289s] -- Up-to-date symlink: /home/srge/spaceros_gz_demos/install/spaceros_gz_demos/share/spaceros_gz_demos/models/nasa_perseverance/meshes/StabilizerNearInTurret.gltf
[1.289s] -- Up-to-date symlink: /home/srge/spaceros_gz_demos/install/spaceros_gz_demos/share/spaceros_gz_demos/models/nasa_perseverance/meshes/Steer_LeftFront.bin
[1.290s] -- Up-to-date symlink: /home/srge/spaceros_gz_demos/install/spaceros_gz_demos/share/spaceros_gz_demos/models/nasa_perseverance/meshes/Steer_LeftFront.gltf
[1.290s] -- Up-to-date symlink: /home/srge/spaceros_gz_demos/install/spaceros_gz_demos/share/spaceros_gz_demos/models/nasa_perseverance/meshes/Steer_LeftRear.bin
[1.290s] -- Up-to-date symlink: /home/srge/spaceros_gz_demos/install/spaceros_gz_demos/share/spaceros_gz_demos/models/nasa_perseverance/meshes/Steer_LeftRear.gltf
[1.290s] -- Up-to-date symlink: /home/srge/spaceros_gz_demos/install/spaceros_gz_demos/share/spaceros_gz_demos/models/nasa_perseverance/meshes/Steer_RightFront.bin
[1.290s] -- Up-to-date symlink: /home/srge/spaceros_gz_demos/install/spaceros_gz_demos/share/spaceros_gz_demos/models/nasa_perseverance/meshes/Steer_RightFront.gltf
[1.290s] -- Up-to-date symlink: /home/srge/spaceros_gz_demos/install/spaceros_gz_demos/share/spaceros_gz_demos/models/nasa_perseverance/meshes/Steer_RightRear.bin
[1.291s] -- Up-to-date symlink: /home/srge/spaceros_gz_demos/install/spaceros_gz_demos/share/spaceros_gz_demos/models/nasa_perseverance/meshes/Steer_RightRear.gltf
[1.291s] -- Up-to-date symlink: /home/srge/spaceros_gz_demos/install/spaceros_gz_demos/share/spaceros_gz_demos/models/nasa_perseverance/meshes/Textures/M2020_Rover_Texture.jpg
[1.291s] -- Up-to-date symlink: /home/srge/spaceros_gz_demos/install/spaceros_gz_demos/share/spaceros_gz_demos/models/nasa_perseverance/meshes/Textures/M2020_Rover_Texture_1k.jpg
[1.292s] -- Up-to-date symlink: /home/srge/spaceros_gz_demos/install/spaceros_gz_demos/share/spaceros_gz_demos/models/nasa_perseverance/meshes/Textures/M2020_Rover_Texture_2k.jpg
[1.293s] -- Up-to-date symlink: /home/srge/spaceros_gz_demos/install/spaceros_gz_demos/share/spaceros_gz_demos/models/nasa_perseverance/meshes/Textures/M2020_Rover_Texture_4k.jpg
[1.293s] -- Up-to-date symlink: /home/srge/spaceros_gz_demos/install/spaceros_gz_demos/share/spaceros_gz_demos/models/nasa_perseverance/meshes/Textures/M2020_Rover_Texture_8k.jpg
[1.293s] -- Up-to-date symlink: /home/srge/spaceros_gz_demos/install/spaceros_gz_demos/share/spaceros_gz_demos/models/nasa_perseverance/meshes/Textures/README.md
[1.294s] -- Up-to-date symlink: /home/srge/spaceros_gz_demos/install/spaceros_gz_demos/share/spaceros_gz_demos/models/nasa_perseverance/meshes/Turret.bin
[1.294s] -- Up-to-date symlink: /home/srge/spaceros_gz_demos/install/spaceros_gz_demos/share/spaceros_gz_demos/models/nasa_perseverance/meshes/Turret.gltf
[1.294s] -- Up-to-date symlink: /home/srge/spaceros_gz_demos/install/spaceros_gz_demos/share/spaceros_gz_demos/models/nasa_perseverance/meshes/WATSON_Camera_Cap.bin
[1.294s] -- Up-to-date symlink: /home/srge/spaceros_gz_demos/install/spaceros_gz_demos/share/spaceros_gz_demos/models/nasa_perseverance/meshes/WATSON_Camera_Cap.gltf
[1.294s] -- Up-to-date symlink: /home/srge/spaceros_gz_demos/install/spaceros_gz_demos/share/spaceros_gz_demos/models/nasa_perseverance/meshes/Wheel_LeftFront.bin
[1.294s] -- Up-to-date symlink: /home/srge/spaceros_gz_demos/install/spaceros_gz_demos/share/spaceros_gz_demos/models/nasa_perseverance/meshes/Wheel_LeftFront.gltf
[1.295s] -- Up-to-date symlink: /home/srge/spaceros_gz_demos/install/spaceros_gz_demos/share/spaceros_gz_demos/models/nasa_perseverance/meshes/Wheel_LeftMiddle.bin
[1.295s] -- Up-to-date symlink: /home/srge/spaceros_gz_demos/install/spaceros_gz_demos/share/spaceros_gz_demos/models/nasa_perseverance/meshes/Wheel_LeftMiddle.gltf
[1.295s] -- Up-to-date symlink: /home/srge/spaceros_gz_demos/install/spaceros_gz_demos/share/spaceros_gz_demos/models/nasa_perseverance/meshes/Wheel_LeftRear.bin
[1.295s] -- Up-to-date symlink: /home/srge/spaceros_gz_demos/install/spaceros_gz_demos/share/spaceros_gz_demos/models/nasa_perseverance/meshes/Wheel_LeftRear.gltf
[1.295s] -- Up-to-date symlink: /home/srge/spaceros_gz_demos/install/spaceros_gz_demos/share/spaceros_gz_demos/models/nasa_perseverance/meshes/Wheel_RightFront.bin
[1.296s] -- Up-to-date symlink: /home/srge/spaceros_gz_demos/install/spaceros_gz_demos/share/spaceros_gz_demos/models/nasa_perseverance/meshes/Wheel_RightFront.gltf
[1.296s] -- Up-to-date symlink: /home/srge/spaceros_gz_demos/install/spaceros_gz_demos/share/spaceros_gz_demos/models/nasa_perseverance/meshes/Wheel_RightMiddle.bin
[1.296s] -- Up-to-date symlink: /home/srge/spaceros_gz_demos/install/spaceros_gz_demos/share/spaceros_gz_demos/models/nasa_perseverance/meshes/Wheel_RightMiddle.gltf
[1.296s] -- Up-to-date symlink: /home/srge/spaceros_gz_demos/install/spaceros_gz_demos/share/spaceros_gz_demos/models/nasa_perseverance/meshes/Wheel_RightRear.bin
[1.296s] -- Up-to-date symlink: /home/srge/spaceros_gz_demos/install/spaceros_gz_demos/share/spaceros_gz_demos/models/nasa_perseverance/meshes/Wheel_RightRear.gltf
[1.296s] -- Up-to-date symlink: /home/srge/spaceros_gz_demos/install/spaceros_gz_demos/share/spaceros_gz_demos/models/nasa_perseverance/model.config
[1.296s] -- Up-to-date symlink: /home/srge/spaceros_gz_demos/install/spaceros_gz_demos/share/spaceros_gz_demos/models/nasa_perseverance/model.sdf
[1.296s] -- Up-to-date symlink: /home/srge/spaceros_gz_demos/install/spaceros_gz_demos/share/spaceros_gz_demos/models/ocean_surface/materials/programs/GerstnerWaves_fs.metal
[1.296s] -- Up-to-date symlink: /home/srge/spaceros_gz_demos/install/spaceros_gz_demos/share/spaceros_gz_demos/models/ocean_surface/materials/programs/GerstnerWaves_fs_330.glsl
[1.297s] -- Up-to-date symlink: /home/srge/spaceros_gz_demos/install/spaceros_gz_demos/share/spaceros_gz_demos/models/ocean_surface/materials/programs/GerstnerWaves_vs.metal
[1.297s] -- Up-to-date symlink: /home/srge/spaceros_gz_demos/install/spaceros_gz_demos/share/spaceros_gz_demos/models/ocean_surface/materials/programs/GerstnerWaves_vs_330.glsl
[1.297s] -- Up-to-date symlink: /home/srge/spaceros_gz_demos/install/spaceros_gz_demos/share/spaceros_gz_demos/models/ocean_surface/materials/textures/skybox_lowres.dds
[1.297s] -- Up-to-date symlink: /home/srge/spaceros_gz_demos/install/spaceros_gz_demos/share/spaceros_gz_demos/models/ocean_surface/materials/textures/wave_normals.dds
[1.297s] -- Up-to-date symlink: /home/srge/spaceros_gz_demos/install/spaceros_gz_demos/share/spaceros_gz_demos/models/ocean_surface/meshes/waterlow.dae
[1.297s] -- Up-to-date symlink: /home/srge/spaceros_gz_demos/install/spaceros_gz_demos/share/spaceros_gz_demos/models/ocean_surface/model.config
[1.297s] -- Up-to-date symlink: /home/srge/spaceros_gz_demos/install/spaceros_gz_demos/share/spaceros_gz_demos/models/ocean_surface/model.sdf
[1.297s] -- Up-to-date symlink: /home/srge/spaceros_gz_demos/install/spaceros_gz_demos/share/spaceros_gz_demos/models/saturn/model.config
[1.298s] -- Up-to-date symlink: /home/srge/spaceros_gz_demos/install/spaceros_gz_demos/share/spaceros_gz_demos/models/saturn/model.sdf
[1.298s] -- Up-to-date symlink: /home/srge/spaceros_gz_demos/install/spaceros_gz_demos/share/spaceros_gz_demos/models/saturn/resources/saturn.glb
[1.298s] -- Up-to-date symlink: /home/srge/spaceros_gz_demos/install/spaceros_gz_demos/share/spaceros_gz_demos/models/solar_panel/model.config
[1.298s] -- Up-to-date symlink: /home/srge/spaceros_gz_demos/install/spaceros_gz_demos/share/spaceros_gz_demos/models/solar_panel/model.sdf
[1.298s] -- Up-to-date symlink: /home/srge/spaceros_gz_demos/install/spaceros_gz_demos/share/spaceros_gz_demos/models/solar_panel/resources/solar_panel.glb
[1.298s] -- Up-to-date symlink: /home/srge/spaceros_gz_demos/install/spaceros_gz_demos/share/spaceros_gz_demos/models/submarine/model.config
[1.298s] -- Up-to-date symlink: /home/srge/spaceros_gz_demos/install/spaceros_gz_demos/share/spaceros_gz_demos/models/submarine/model.sdf
[1.298s] -- Up-to-date symlink: /home/srge/spaceros_gz_demos/install/spaceros_gz_demos/share/spaceros_gz_demos/models/submarine/resources/submarine.glb
[1.298s] -- Up-to-date symlink: /home/srge/spaceros_gz_demos/install/spaceros_gz_demos/share/spaceros_gz_demos/models/truss/model.config
[1.299s] -- Up-to-date symlink: /home/srge/spaceros_gz_demos/install/spaceros_gz_demos/share/spaceros_gz_demos/models/truss/model.sdf
[1.299s] -- Up-to-date symlink: /home/srge/spaceros_gz_demos/install/spaceros_gz_demos/share/spaceros_gz_demos/worlds/enceladus.sdf
[1.299s] -- Up-to-date symlink: /home/srge/spaceros_gz_demos/install/spaceros_gz_demos/share/spaceros_gz_demos/worlds/mars.sdf
[1.299s] -- Up-to-date symlink: /home/srge/spaceros_gz_demos/install/spaceros_gz_demos/share/spaceros_gz_demos/worlds/moon.sdf
[1.299s] -- Up-to-date symlink: /home/srge/spaceros_gz_demos/install/spaceros_gz_demos/share/spaceros_gz_demos/worlds/orbit.sdf
[1.299s] -- Up-to-date symlink: /home/srge/spaceros_gz_demos/install/spaceros_gz_demos/share/ament_index/resource_index/package_run_dependencies/spaceros_gz_demos
[1.300s] -- Up-to-date symlink: /home/srge/spaceros_gz_demos/install/spaceros_gz_demos/share/ament_index/resource_index/parent_prefix_path/spaceros_gz_demos
[1.300s] -- Up-to-date symlink: /home/srge/spaceros_gz_demos/install/spaceros_gz_demos/share/spaceros_gz_demos/environment/ament_prefix_path.sh
[1.300s] -- Up-to-date symlink: /home/srge/spaceros_gz_demos/install/spaceros_gz_demos/share/spaceros_gz_demos/environment/ament_prefix_path.dsv
[1.300s] -- Up-to-date symlink: /home/srge/spaceros_gz_demos/install/spaceros_gz_demos/share/spaceros_gz_demos/environment/path.sh
[1.300s] -- Up-to-date symlink: /home/srge/spaceros_gz_demos/install/spaceros_gz_demos/share/spaceros_gz_demos/environment/path.dsv
[1.301s] -- Up-to-date symlink: /home/srge/spaceros_gz_demos/install/spaceros_gz_demos/share/spaceros_gz_demos/local_setup.bash
[1.301s] -- Up-to-date symlink: /home/srge/spaceros_gz_demos/install/spaceros_gz_demos/share/spaceros_gz_demos/local_setup.sh
[1.301s] -- Up-to-date symlink: /home/srge/spaceros_gz_demos/install/spaceros_gz_demos/share/spaceros_gz_demos/local_setup.zsh
[1.301s] -- Up-to-date symlink: /home/srge/spaceros_gz_demos/install/spaceros_gz_demos/share/spaceros_gz_demos/local_setup.dsv
[1.301s] -- Symlinking: /home/srge/spaceros_gz_demos/install/spaceros_gz_demos/share/spaceros_gz_demos/package.dsv
[1.325s] -- Up-to-date symlink: /home/srge/spaceros_gz_demos/install/spaceros_gz_demos/share/ament_index/resource_index/packages/spaceros_gz_demos
[1.325s] -- Up-to-date symlink: /home/srge/spaceros_gz_demos/install/spaceros_gz_demos/share/spaceros_gz_demos/cmake/spaceros_gz_demosConfig.cmake
[1.325s] -- Up-to-date symlink: /home/srge/spaceros_gz_demos/install/spaceros_gz_demos/share/spaceros_gz_demos/cmake/spaceros_gz_demosConfig-version.cmake
[1.326s] -- Up-to-date symlink: /home/srge/spaceros_gz_demos/install/spaceros_gz_demos/share/spaceros_gz_demos/package.xml
[1.328s] Invoked command in '/home/srge/spaceros_gz_demos/build/spaceros_gz_demos' returned '0': CMAKE_PREFIX_PATH=/opt/ros/humble /usr/bin/cmake --install /home/srge/spaceros_gz_demos/build/spaceros_gz_demos
