[1.112s] Invoking command in '/home/srge/spaceros_gz_demos/src/multi_robot_nav': PYTHONPATH=/home/srge/spaceros_gz_demos/build/multi_robot_nav/prefix_override:/usr/lib/python3/dist-packages/colcon_core/task/python/colcon_distutils_commands:/home/srge/spaceros_gz_demos/install/multi_robot_nav/lib/python3.10/site-packages:${PYTHONPATH} /usr/bin/python3 -W ignore:setup.py install is deprecated -W ignore:easy_install command is deprecated setup.py egg_info --egg-base ../../build/multi_robot_nav build --build-base /home/srge/spaceros_gz_demos/build/multi_robot_nav/build install --record /home/srge/spaceros_gz_demos/build/multi_robot_nav/install.log --single-version-externally-managed install_data
[1.533s] running egg_info
[1.537s] writing ../../build/multi_robot_nav/multi_robot_nav.egg-info/PKG-INFO
[1.537s] writing dependency_links to ../../build/multi_robot_nav/multi_robot_nav.egg-info/dependency_links.txt
[1.538s] writing entry points to ../../build/multi_robot_nav/multi_robot_nav.egg-info/entry_points.txt
[1.538s] writing requirements to ../../build/multi_robot_nav/multi_robot_nav.egg-info/requires.txt
[1.538s] writing top-level names to ../../build/multi_robot_nav/multi_robot_nav.egg-info/top_level.txt
[1.540s] reading manifest file '../../build/multi_robot_nav/multi_robot_nav.egg-info/SOURCES.txt'
[1.541s] writing manifest file '../../build/multi_robot_nav/multi_robot_nav.egg-info/SOURCES.txt'
[1.541s] running build
[1.541s] running build_py
[1.542s] running install
[1.542s] running install_lib
[1.544s] running install_data
[1.544s] running install_egg_info
[1.546s] removing '/home/srge/spaceros_gz_demos/install/multi_robot_nav/lib/python3.10/site-packages/multi_robot_nav-0.0.1-py3.10.egg-info' (and everything under it)
[1.547s] Copying ../../build/multi_robot_nav/multi_robot_nav.egg-info to /home/srge/spaceros_gz_demos/install/multi_robot_nav/lib/python3.10/site-packages/multi_robot_nav-0.0.1-py3.10.egg-info
[1.548s] running install_scripts
[1.587s] Installing move_to_goal script to /home/srge/spaceros_gz_demos/install/multi_robot_nav/lib/multi_robot_nav
[1.588s] writing list of installed files to '/home/srge/spaceros_gz_demos/build/multi_robot_nav/install.log'
[1.640s] Invoked command in '/home/srge/spaceros_gz_demos/src/multi_robot_nav' returned '0': PYTHONPATH=/home/srge/spaceros_gz_demos/build/multi_robot_nav/prefix_override:/usr/lib/python3/dist-packages/colcon_core/task/python/colcon_distutils_commands:/home/srge/spaceros_gz_demos/install/multi_robot_nav/lib/python3.10/site-packages:${PYTHONPATH} /usr/bin/python3 -W ignore:setup.py install is deprecated -W ignore:easy_install command is deprecated setup.py egg_info --egg-base ../../build/multi_robot_nav build --build-base /home/srge/spaceros_gz_demos/build/multi_robot_nav/build install --record /home/srge/spaceros_gz_demos/build/multi_robot_nav/install.log --single-version-externally-managed install_data
