[0.288s] DEBUG:colcon:Command line arguments: ['/usr/bin/colcon', 'build', '--packages-select', 'spaceros_gz_demos']
[0.288s] DEBUG:colcon:Parsed command line arguments: Namespace(log_base=None, log_level=None, verb_name='build', build_base='build', install_base='install', merge_install=False, symlink_install=False, test_result_base=None, continue_on_error=False, executor='parallel', parallel_workers=16, event_handlers=None, ignore_user_meta=False, metas=['./colcon.meta'], base_paths=['.'], packages_ignore=None, packages_ignore_regex=None, paths=None, packages_up_to=None, packages_up_to_regex=None, packages_above=None, packages_above_and_dependencies=None, packages_above_depth=None, packages_select_by_dep=None, packages_skip_by_dep=None, packages_skip_up_to=None, packages_select_build_failed=False, packages_skip_build_finished=False, packages_select_test_failures=False, packages_skip_test_passed=False, packages_select=['spaceros_gz_demos'], packages_skip=None, packages_select_regex=None, packages_skip_regex=None, packages_start=None, packages_end=None, allow_overriding=[], cmake_args=None, cmake_target=None, cmake_target_skip_unavailable=False, cmake_clean_cache=False, cmake_clean_first=False, cmake_force_configure=False, ament_cmake_args=None, catkin_cmake_args=None, catkin_skip_building_tests=False, verb_parser=<colcon_defaults.argument_parser.defaults.DefaultArgumentsDecorator object at 0x750ee0e58130>, verb_extension=<colcon_core.verb.build.BuildVerb object at 0x750ee0f654e0>, main=<bound method BuildVerb.main of <colcon_core.verb.build.BuildVerb object at 0x750ee0f654e0>>)
[0.853s] Level 1:colcon.colcon_core.package_discovery:discover_packages(colcon_meta) check parameters
[0.853s] Level 1:colcon.colcon_core.package_discovery:discover_packages(recursive) check parameters
[0.854s] Level 1:colcon.colcon_core.package_discovery:discover_packages(ignore) check parameters
[0.854s] Level 1:colcon.colcon_core.package_discovery:discover_packages(path) check parameters
[0.854s] Level 1:colcon.colcon_core.package_discovery:discover_packages(colcon_meta) discover
[0.855s] Level 1:colcon.colcon_core.package_discovery:discover_packages(recursive) discover
[0.855s] INFO:colcon.colcon_core.package_discovery:Crawling recursively for packages in '/home/srge/spaceros_gz_demos'
[0.856s] Level 1:colcon.colcon_core.package_identification:_identify(.) by extensions ['ignore', 'ignore_ament_install']
[0.857s] Level 1:colcon.colcon_core.package_identification:_identify(.) by extension 'ignore'
[0.858s] Level 1:colcon.colcon_core.package_identification:_identify(.) by extension 'ignore_ament_install'
[0.859s] Level 1:colcon.colcon_core.package_identification:_identify(.) by extensions ['colcon_pkg']
[0.859s] Level 1:colcon.colcon_core.package_identification:_identify(.) by extension 'colcon_pkg'
[0.860s] Level 1:colcon.colcon_core.package_identification:_identify(.) by extensions ['colcon_meta']
[0.860s] Level 1:colcon.colcon_core.package_identification:_identify(.) by extension 'colcon_meta'
[0.861s] Level 1:colcon.colcon_core.package_identification:_identify(.) by extensions ['ros']
[0.861s] Level 1:colcon.colcon_core.package_identification:_identify(.) by extension 'ros'
[0.884s] Level 1:colcon.colcon_core.package_identification:_identify(.) by extensions ['cmake', 'python']
[0.884s] Level 1:colcon.colcon_core.package_identification:_identify(.) by extension 'cmake'
[0.885s] Level 1:colcon.colcon_core.package_identification:_identify(.) by extension 'python'
[0.885s] Level 1:colcon.colcon_core.package_identification:_identify(.) by extensions ['python_setup_py']
[0.885s] Level 1:colcon.colcon_core.package_identification:_identify(.) by extension 'python_setup_py'
[0.885s] Level 1:colcon.colcon_core.package_identification:_identify(build) by extensions ['ignore', 'ignore_ament_install']
[0.885s] Level 1:colcon.colcon_core.package_identification:_identify(build) by extension 'ignore'
[0.885s] Level 1:colcon.colcon_core.package_identification:_identify(build) ignored
[0.885s] Level 1:colcon.colcon_core.package_identification:_identify(docker) by extensions ['ignore', 'ignore_ament_install']
[0.885s] Level 1:colcon.colcon_core.package_identification:_identify(docker) by extension 'ignore'
[0.885s] Level 1:colcon.colcon_core.package_identification:_identify(docker) by extension 'ignore_ament_install'
[0.885s] Level 1:colcon.colcon_core.package_identification:_identify(docker) by extensions ['colcon_pkg']
[0.885s] Level 1:colcon.colcon_core.package_identification:_identify(docker) by extension 'colcon_pkg'
[0.885s] Level 1:colcon.colcon_core.package_identification:_identify(docker) by extensions ['colcon_meta']
[0.885s] Level 1:colcon.colcon_core.package_identification:_identify(docker) by extension 'colcon_meta'
[0.886s] Level 1:colcon.colcon_core.package_identification:_identify(docker) by extensions ['ros']
[0.886s] Level 1:colcon.colcon_core.package_identification:_identify(docker) by extension 'ros'
[0.886s] Level 1:colcon.colcon_core.package_identification:_identify(docker) by extensions ['cmake', 'python']
[0.886s] Level 1:colcon.colcon_core.package_identification:_identify(docker) by extension 'cmake'
[0.886s] Level 1:colcon.colcon_core.package_identification:_identify(docker) by extension 'python'
[0.886s] Level 1:colcon.colcon_core.package_identification:_identify(docker) by extensions ['python_setup_py']
[0.886s] Level 1:colcon.colcon_core.package_identification:_identify(docker) by extension 'python_setup_py'
[0.886s] Level 1:colcon.colcon_core.package_identification:_identify(docker/build) by extensions ['ignore', 'ignore_ament_install']
[0.886s] Level 1:colcon.colcon_core.package_identification:_identify(docker/build) by extension 'ignore'
[0.886s] Level 1:colcon.colcon_core.package_identification:_identify(docker/build) ignored
[0.886s] Level 1:colcon.colcon_core.package_identification:_identify(docker/install) by extensions ['ignore', 'ignore_ament_install']
[0.886s] Level 1:colcon.colcon_core.package_identification:_identify(docker/install) by extension 'ignore'
[0.886s] Level 1:colcon.colcon_core.package_identification:_identify(docker/install) ignored
[0.886s] Level 1:colcon.colcon_core.package_identification:_identify(docker/log) by extensions ['ignore', 'ignore_ament_install']
[0.886s] Level 1:colcon.colcon_core.package_identification:_identify(docker/log) by extension 'ignore'
[0.886s] Level 1:colcon.colcon_core.package_identification:_identify(docker/log) ignored
[0.887s] Level 1:colcon.colcon_core.package_identification:_identify(install) by extensions ['ignore', 'ignore_ament_install']
[0.887s] Level 1:colcon.colcon_core.package_identification:_identify(install) by extension 'ignore'
[0.887s] Level 1:colcon.colcon_core.package_identification:_identify(install) ignored
[0.887s] Level 1:colcon.colcon_core.package_identification:_identify(log) by extensions ['ignore', 'ignore_ament_install']
[0.887s] Level 1:colcon.colcon_core.package_identification:_identify(log) by extension 'ignore'
[0.887s] Level 1:colcon.colcon_core.package_identification:_identify(log) ignored
[0.887s] Level 1:colcon.colcon_core.package_identification:_identify(scripts) by extensions ['ignore', 'ignore_ament_install']
[0.887s] Level 1:colcon.colcon_core.package_identification:_identify(scripts) by extension 'ignore'
[0.888s] Level 1:colcon.colcon_core.package_identification:_identify(scripts) by extension 'ignore_ament_install'
[0.888s] Level 1:colcon.colcon_core.package_identification:_identify(scripts) by extensions ['colcon_pkg']
[0.888s] Level 1:colcon.colcon_core.package_identification:_identify(scripts) by extension 'colcon_pkg'
[0.888s] Level 1:colcon.colcon_core.package_identification:_identify(scripts) by extensions ['colcon_meta']
[0.888s] Level 1:colcon.colcon_core.package_identification:_identify(scripts) by extension 'colcon_meta'
[0.889s] Level 1:colcon.colcon_core.package_identification:_identify(scripts) by extensions ['ros']
[0.889s] Level 1:colcon.colcon_core.package_identification:_identify(scripts) by extension 'ros'
[0.890s] Level 1:colcon.colcon_core.package_identification:_identify(scripts) by extensions ['cmake', 'python']
[0.890s] Level 1:colcon.colcon_core.package_identification:_identify(scripts) by extension 'cmake'
[0.891s] Level 1:colcon.colcon_core.package_identification:_identify(scripts) by extension 'python'
[0.891s] Level 1:colcon.colcon_core.package_identification:_identify(scripts) by extensions ['python_setup_py']
[0.892s] Level 1:colcon.colcon_core.package_identification:_identify(scripts) by extension 'python_setup_py'
[0.893s] Level 1:colcon.colcon_core.package_identification:_identify(spaceros_gz_demos) by extensions ['ignore', 'ignore_ament_install']
[0.894s] Level 1:colcon.colcon_core.package_identification:_identify(spaceros_gz_demos) by extension 'ignore'
[0.895s] Level 1:colcon.colcon_core.package_identification:_identify(spaceros_gz_demos) by extension 'ignore_ament_install'
[0.895s] Level 1:colcon.colcon_core.package_identification:_identify(spaceros_gz_demos) by extensions ['colcon_pkg']
[0.896s] Level 1:colcon.colcon_core.package_identification:_identify(spaceros_gz_demos) by extension 'colcon_pkg'
[0.896s] Level 1:colcon.colcon_core.package_identification:_identify(spaceros_gz_demos) by extensions ['colcon_meta']
[0.896s] Level 1:colcon.colcon_core.package_identification:_identify(spaceros_gz_demos) by extension 'colcon_meta'
[0.896s] Level 1:colcon.colcon_core.package_identification:_identify(spaceros_gz_demos) by extensions ['ros']
[0.896s] Level 1:colcon.colcon_core.package_identification:_identify(spaceros_gz_demos) by extension 'ros'
[0.900s] DEBUG:colcon.colcon_core.package_identification:Package 'spaceros_gz_demos' with type 'ros.ament_cmake' and name 'spaceros_gz_demos'
[0.900s] Level 1:colcon.colcon_core.package_discovery:discover_packages(recursive) using defaults
[0.900s] Level 1:colcon.colcon_core.package_discovery:discover_packages(ignore) discover
[0.900s] Level 1:colcon.colcon_core.package_discovery:discover_packages(ignore) using defaults
[0.900s] Level 1:colcon.colcon_core.package_discovery:discover_packages(path) discover
[0.900s] Level 1:colcon.colcon_core.package_discovery:discover_packages(path) using defaults
[0.981s] Level 1:colcon.colcon_core.package_discovery:discover_packages(prefix_path) check parameters
[0.981s] Level 1:colcon.colcon_core.package_discovery:discover_packages(prefix_path) discover
[0.984s] DEBUG:colcon.colcon_installed_package_information.package_discovery:Found 1 installed packages in /home/srge/spaceros_gz_demos/install
[0.987s] DEBUG:colcon.colcon_installed_package_information.package_discovery:Found 457 installed packages in /opt/ros/humble
[0.996s] Level 1:colcon.colcon_core.package_discovery:discover_packages(prefix_path) using defaults
[1.119s] Level 5:colcon.colcon_core.verb:set package 'spaceros_gz_demos' build argument 'cmake_args' from command line to 'None'
[1.120s] Level 5:colcon.colcon_core.verb:set package 'spaceros_gz_demos' build argument 'cmake_target' from command line to 'None'
[1.120s] Level 5:colcon.colcon_core.verb:set package 'spaceros_gz_demos' build argument 'cmake_target_skip_unavailable' from command line to 'False'
[1.120s] Level 5:colcon.colcon_core.verb:set package 'spaceros_gz_demos' build argument 'cmake_clean_cache' from command line to 'False'
[1.120s] Level 5:colcon.colcon_core.verb:set package 'spaceros_gz_demos' build argument 'cmake_clean_first' from command line to 'False'
[1.120s] Level 5:colcon.colcon_core.verb:set package 'spaceros_gz_demos' build argument 'cmake_force_configure' from command line to 'False'
[1.120s] Level 5:colcon.colcon_core.verb:set package 'spaceros_gz_demos' build argument 'ament_cmake_args' from command line to 'None'
[1.120s] Level 5:colcon.colcon_core.verb:set package 'spaceros_gz_demos' build argument 'catkin_cmake_args' from command line to 'None'
[1.120s] Level 5:colcon.colcon_core.verb:set package 'spaceros_gz_demos' build argument 'catkin_skip_building_tests' from command line to 'False'
[1.120s] DEBUG:colcon.colcon_core.verb:Building package 'spaceros_gz_demos' with the following arguments: {'ament_cmake_args': None, 'build_base': '/home/srge/spaceros_gz_demos/build/spaceros_gz_demos', 'catkin_cmake_args': None, 'catkin_skip_building_tests': False, 'cmake_args': None, 'cmake_clean_cache': False, 'cmake_clean_first': False, 'cmake_force_configure': False, 'cmake_target': None, 'cmake_target_skip_unavailable': False, 'install_base': '/home/srge/spaceros_gz_demos/install/spaceros_gz_demos', 'merge_install': False, 'path': '/home/srge/spaceros_gz_demos/spaceros_gz_demos', 'symlink_install': False, 'test_result_base': None}
[1.120s] INFO:colcon.colcon_core.executor:Executing jobs using 'parallel' executor
[1.121s] DEBUG:colcon.colcon_parallel_executor.executor.parallel:run_until_complete
[1.122s] INFO:colcon.colcon_ros.task.ament_cmake.build:Building ROS package in '/home/srge/spaceros_gz_demos/spaceros_gz_demos' with build type 'ament_cmake'
[1.122s] INFO:colcon.colcon_cmake.task.cmake.build:Building CMake package in '/home/srge/spaceros_gz_demos/spaceros_gz_demos'
[1.134s] INFO:colcon.colcon_core.plugin_system:Skipping extension 'colcon_core.shell.bat': Not used on non-Windows systems
[1.134s] INFO:colcon.colcon_core.shell:Skip shell extension 'powershell' for command environment: Not usable outside of PowerShell
[1.134s] DEBUG:colcon.colcon_core.shell:Skip shell extension 'dsv' for command environment
[1.156s] DEBUG:colcon.colcon_core.event_handler.log_command:Invoking command in '/home/srge/spaceros_gz_demos/build/spaceros_gz_demos': CMAKE_PREFIX_PATH=${CMAKE_PREFIX_PATH}:/opt/ros/humble /usr/bin/cmake --build /home/srge/spaceros_gz_demos/build/spaceros_gz_demos -- -j16 -l16
[1.277s] DEBUG:colcon.colcon_core.event_handler.log_command:Invoked command in '/home/srge/spaceros_gz_demos/build/spaceros_gz_demos' returned '0': CMAKE_PREFIX_PATH=${CMAKE_PREFIX_PATH}:/opt/ros/humble /usr/bin/cmake --build /home/srge/spaceros_gz_demos/build/spaceros_gz_demos -- -j16 -l16
[1.304s] DEBUG:colcon.colcon_core.event_handler.log_command:Invoking command in '/home/srge/spaceros_gz_demos/build/spaceros_gz_demos': CMAKE_PREFIX_PATH=${CMAKE_PREFIX_PATH}:/opt/ros/humble /usr/bin/cmake --install /home/srge/spaceros_gz_demos/build/spaceros_gz_demos
[1.352s] Level 1:colcon.colcon_core.environment:create_environment_scripts_only(spaceros_gz_demos)
[1.359s] DEBUG:colcon.colcon_core.event_handler.log_command:Invoked command in '/home/srge/spaceros_gz_demos/build/spaceros_gz_demos' returned '0': CMAKE_PREFIX_PATH=${CMAKE_PREFIX_PATH}:/opt/ros/humble /usr/bin/cmake --install /home/srge/spaceros_gz_demos/build/spaceros_gz_demos
[1.369s] Level 1:colcon.colcon_core.environment:checking '/home/srge/spaceros_gz_demos/install/spaceros_gz_demos' for CMake module files
[1.370s] Level 1:colcon.colcon_core.environment:checking '/home/srge/spaceros_gz_demos/install/spaceros_gz_demos' for CMake config files
[1.374s] Level 1:colcon.colcon_core.shell:create_environment_hook('spaceros_gz_demos', 'cmake_prefix_path')
[1.374s] INFO:colcon.colcon_core.shell:Creating environment hook '/home/srge/spaceros_gz_demos/install/spaceros_gz_demos/share/spaceros_gz_demos/hook/cmake_prefix_path.ps1'
[1.375s] INFO:colcon.colcon_core.shell:Creating environment descriptor '/home/srge/spaceros_gz_demos/install/spaceros_gz_demos/share/spaceros_gz_demos/hook/cmake_prefix_path.dsv'
[1.376s] INFO:colcon.colcon_core.shell:Creating environment hook '/home/srge/spaceros_gz_demos/install/spaceros_gz_demos/share/spaceros_gz_demos/hook/cmake_prefix_path.sh'
[1.377s] Level 1:colcon.colcon_core.environment:checking '/home/srge/spaceros_gz_demos/install/spaceros_gz_demos/bin'
[1.377s] Level 1:colcon.colcon_core.environment:checking '/home/srge/spaceros_gz_demos/install/spaceros_gz_demos/lib/pkgconfig/spaceros_gz_demos.pc'
[1.377s] Level 1:colcon.colcon_core.environment:checking '/home/srge/spaceros_gz_demos/install/spaceros_gz_demos/lib/python3.10/site-packages'
[1.378s] Level 1:colcon.colcon_core.environment:checking '/home/srge/spaceros_gz_demos/install/spaceros_gz_demos/bin'
[1.380s] INFO:colcon.colcon_core.shell:Creating package script '/home/srge/spaceros_gz_demos/install/spaceros_gz_demos/share/spaceros_gz_demos/package.ps1'
[1.386s] INFO:colcon.colcon_core.shell:Creating package descriptor '/home/srge/spaceros_gz_demos/install/spaceros_gz_demos/share/spaceros_gz_demos/package.dsv'
[1.387s] INFO:colcon.colcon_core.shell:Creating package script '/home/srge/spaceros_gz_demos/install/spaceros_gz_demos/share/spaceros_gz_demos/package.sh'
[1.388s] INFO:colcon.colcon_core.shell:Creating package script '/home/srge/spaceros_gz_demos/install/spaceros_gz_demos/share/spaceros_gz_demos/package.bash'
[1.389s] INFO:colcon.colcon_core.shell:Creating package script '/home/srge/spaceros_gz_demos/install/spaceros_gz_demos/share/spaceros_gz_demos/package.zsh'
[1.390s] Level 1:colcon.colcon_core.environment:create_file_with_runtime_dependencies(/home/srge/spaceros_gz_demos/install/spaceros_gz_demos/share/colcon-core/packages/spaceros_gz_demos)
[1.391s] Level 1:colcon.colcon_core.environment:create_environment_scripts_only(spaceros_gz_demos)
[1.391s] Level 1:colcon.colcon_core.environment:checking '/home/srge/spaceros_gz_demos/install/spaceros_gz_demos' for CMake module files
[1.391s] Level 1:colcon.colcon_core.environment:checking '/home/srge/spaceros_gz_demos/install/spaceros_gz_demos' for CMake config files
[1.393s] Level 1:colcon.colcon_core.shell:create_environment_hook('spaceros_gz_demos', 'cmake_prefix_path')
[1.393s] INFO:colcon.colcon_core.shell:Creating environment hook '/home/srge/spaceros_gz_demos/install/spaceros_gz_demos/share/spaceros_gz_demos/hook/cmake_prefix_path.ps1'
[1.393s] INFO:colcon.colcon_core.shell:Creating environment descriptor '/home/srge/spaceros_gz_demos/install/spaceros_gz_demos/share/spaceros_gz_demos/hook/cmake_prefix_path.dsv'
[1.394s] INFO:colcon.colcon_core.shell:Creating environment hook '/home/srge/spaceros_gz_demos/install/spaceros_gz_demos/share/spaceros_gz_demos/hook/cmake_prefix_path.sh'
[1.394s] Level 1:colcon.colcon_core.environment:checking '/home/srge/spaceros_gz_demos/install/spaceros_gz_demos/bin'
[1.394s] Level 1:colcon.colcon_core.environment:checking '/home/srge/spaceros_gz_demos/install/spaceros_gz_demos/lib/pkgconfig/spaceros_gz_demos.pc'
[1.396s] Level 1:colcon.colcon_core.environment:checking '/home/srge/spaceros_gz_demos/install/spaceros_gz_demos/lib/python3.10/site-packages'
[1.400s] Level 1:colcon.colcon_core.environment:checking '/home/srge/spaceros_gz_demos/install/spaceros_gz_demos/bin'
[1.402s] INFO:colcon.colcon_core.shell:Creating package script '/home/srge/spaceros_gz_demos/install/spaceros_gz_demos/share/spaceros_gz_demos/package.ps1'
[1.403s] INFO:colcon.colcon_core.shell:Creating package descriptor '/home/srge/spaceros_gz_demos/install/spaceros_gz_demos/share/spaceros_gz_demos/package.dsv'
[1.404s] INFO:colcon.colcon_core.shell:Creating package script '/home/srge/spaceros_gz_demos/install/spaceros_gz_demos/share/spaceros_gz_demos/package.sh'
[1.404s] INFO:colcon.colcon_core.shell:Creating package script '/home/srge/spaceros_gz_demos/install/spaceros_gz_demos/share/spaceros_gz_demos/package.bash'
[1.405s] INFO:colcon.colcon_core.shell:Creating package script '/home/srge/spaceros_gz_demos/install/spaceros_gz_demos/share/spaceros_gz_demos/package.zsh'
[1.405s] Level 1:colcon.colcon_core.environment:create_file_with_runtime_dependencies(/home/srge/spaceros_gz_demos/install/spaceros_gz_demos/share/colcon-core/packages/spaceros_gz_demos)
[1.406s] DEBUG:colcon.colcon_parallel_executor.executor.parallel:closing loop
[1.406s] DEBUG:colcon.colcon_parallel_executor.executor.parallel:loop closed
[1.406s] DEBUG:colcon.colcon_parallel_executor.executor.parallel:run_until_complete finished with '0'
[1.406s] DEBUG:colcon.colcon_core.event_reactor:joining thread
[1.421s] INFO:colcon.colcon_core.plugin_system:Skipping extension 'colcon_notification.desktop_notification.terminal_notifier': Not used on non-Darwin systems
[1.421s] INFO:colcon.colcon_core.plugin_system:Skipping extension 'colcon_notification.desktop_notification.win32': Not used on non-Windows systems
[1.422s] INFO:colcon.colcon_notification.desktop_notification:Sending desktop notification using 'notify2'
[1.456s] DEBUG:colcon.colcon_core.event_reactor:joined thread
[1.456s] INFO:colcon.colcon_core.shell:Creating prefix script '/home/srge/spaceros_gz_demos/install/local_setup.ps1'
[1.458s] INFO:colcon.colcon_core.shell:Creating prefix util module '/home/srge/spaceros_gz_demos/install/_local_setup_util_ps1.py'
[1.459s] INFO:colcon.colcon_core.shell:Creating prefix chain script '/home/srge/spaceros_gz_demos/install/setup.ps1'
[1.461s] INFO:colcon.colcon_core.shell:Creating prefix script '/home/srge/spaceros_gz_demos/install/local_setup.sh'
[1.465s] INFO:colcon.colcon_core.shell:Creating prefix util module '/home/srge/spaceros_gz_demos/install/_local_setup_util_sh.py'
[1.471s] INFO:colcon.colcon_core.shell:Creating prefix chain script '/home/srge/spaceros_gz_demos/install/setup.sh'
[1.474s] INFO:colcon.colcon_core.shell:Creating prefix script '/home/srge/spaceros_gz_demos/install/local_setup.bash'
[1.474s] INFO:colcon.colcon_core.shell:Creating prefix chain script '/home/srge/spaceros_gz_demos/install/setup.bash'
[1.476s] INFO:colcon.colcon_core.shell:Creating prefix script '/home/srge/spaceros_gz_demos/install/local_setup.zsh'
[1.476s] INFO:colcon.colcon_core.shell:Creating prefix chain script '/home/srge/spaceros_gz_demos/install/setup.zsh'
