running egg_info
writing ../../build/multi_robot_nav/multi_robot_nav.egg-info/PKG-INFO
writing dependency_links to ../../build/multi_robot_nav/multi_robot_nav.egg-info/dependency_links.txt
writing entry points to ../../build/multi_robot_nav/multi_robot_nav.egg-info/entry_points.txt
writing requirements to ../../build/multi_robot_nav/multi_robot_nav.egg-info/requires.txt
writing top-level names to ../../build/multi_robot_nav/multi_robot_nav.egg-info/top_level.txt
reading manifest file '../../build/multi_robot_nav/multi_robot_nav.egg-info/SOURCES.txt'
writing manifest file '../../build/multi_robot_nav/multi_robot_nav.egg-info/SOURCES.txt'
running build
running build_py
copying multi_robot_nav/move_to_goal.py -> /home/srge/spaceros_gz_demos/build/multi_robot_nav/build/lib/multi_robot_nav
running install
running install_lib
copying /home/srge/spaceros_gz_demos/build/multi_robot_nav/build/lib/multi_robot_nav/move_to_goal.py -> /home/srge/spaceros_gz_demos/install/multi_robot_nav/lib/python3.10/site-packages/multi_robot_nav
byte-compiling /home/srge/spaceros_gz_demos/install/multi_robot_nav/lib/python3.10/site-packages/multi_robot_nav/move_to_goal.py to move_to_goal.cpython-310.pyc
running install_data
running install_egg_info
removing '/home/srge/spaceros_gz_demos/install/multi_robot_nav/lib/python3.10/site-packages/multi_robot_nav-0.0.1-py3.10.egg-info' (and everything under it)
Copying ../../build/multi_robot_nav/multi_robot_nav.egg-info to /home/srge/spaceros_gz_demos/install/multi_robot_nav/lib/python3.10/site-packages/multi_robot_nav-0.0.1-py3.10.egg-info
running install_scripts
Installing move_to_goal script to /home/srge/spaceros_gz_demos/install/multi_robot_nav/lib/multi_robot_nav
writing list of installed files to '/home/srge/spaceros_gz_demos/build/multi_robot_nav/install.log'
