[0.250s] DEBUG:colcon:Command line arguments: ['/usr/bin/colcon', 'build']
[0.250s] DEBUG:colcon:Parsed command line arguments: Namespace(log_base=None, log_level=None, verb_name='build', build_base='build', install_base='install', merge_install=False, symlink_install=False, test_result_base=None, continue_on_error=False, executor='parallel', parallel_workers=16, event_handlers=None, ignore_user_meta=False, metas=['./colcon.meta'], base_paths=['.'], packages_ignore=None, packages_ignore_regex=None, paths=None, packages_up_to=None, packages_up_to_regex=None, packages_above=None, packages_above_and_dependencies=None, packages_above_depth=None, packages_select_by_dep=None, packages_skip_by_dep=None, packages_skip_up_to=None, packages_select_build_failed=False, packages_skip_build_finished=False, packages_select_test_failures=False, packages_skip_test_passed=False, packages_select=None, packages_skip=None, packages_select_regex=None, packages_skip_regex=None, packages_start=None, packages_end=None, allow_overriding=[], cmake_args=None, cmake_target=None, cmake_target_skip_unavailable=False, cmake_clean_cache=False, cmake_clean_first=False, cmake_force_configure=False, ament_cmake_args=None, catkin_cmake_args=None, catkin_skip_building_tests=False, verb_parser=<colcon_defaults.argument_parser.defaults.DefaultArgumentsDecorator object at 0x7b7d124183d0>, verb_extension=<colcon_core.verb.build.BuildVerb object at 0x7b7d125717b0>, main=<bound method BuildVerb.main of <colcon_core.verb.build.BuildVerb object at 0x7b7d125717b0>>)
[0.646s] Level 1:colcon.colcon_core.package_discovery:discover_packages(colcon_meta) check parameters
[0.647s] Level 1:colcon.colcon_core.package_discovery:discover_packages(recursive) check parameters
[0.648s] Level 1:colcon.colcon_core.package_discovery:discover_packages(ignore) check parameters
[0.648s] Level 1:colcon.colcon_core.package_discovery:discover_packages(path) check parameters
[0.648s] Level 1:colcon.colcon_core.package_discovery:discover_packages(colcon_meta) discover
[0.649s] Level 1:colcon.colcon_core.package_discovery:discover_packages(recursive) discover
[0.649s] INFO:colcon.colcon_core.package_discovery:Crawling recursively for packages in '/home/srge/spaceros_gz_demos'
[0.650s] Level 1:colcon.colcon_core.package_identification:_identify(.) by extensions ['ignore', 'ignore_ament_install']
[0.650s] Level 1:colcon.colcon_core.package_identification:_identify(.) by extension 'ignore'
[0.650s] Level 1:colcon.colcon_core.package_identification:_identify(.) by extension 'ignore_ament_install'
[0.651s] Level 1:colcon.colcon_core.package_identification:_identify(.) by extensions ['colcon_pkg']
[0.651s] Level 1:colcon.colcon_core.package_identification:_identify(.) by extension 'colcon_pkg'
[0.651s] Level 1:colcon.colcon_core.package_identification:_identify(.) by extensions ['colcon_meta']
[0.651s] Level 1:colcon.colcon_core.package_identification:_identify(.) by extension 'colcon_meta'
[0.651s] Level 1:colcon.colcon_core.package_identification:_identify(.) by extensions ['ros']
[0.651s] Level 1:colcon.colcon_core.package_identification:_identify(.) by extension 'ros'
[0.673s] Level 1:colcon.colcon_core.package_identification:_identify(.) by extensions ['cmake', 'python']
[0.673s] Level 1:colcon.colcon_core.package_identification:_identify(.) by extension 'cmake'
[0.673s] Level 1:colcon.colcon_core.package_identification:_identify(.) by extension 'python'
[0.673s] Level 1:colcon.colcon_core.package_identification:_identify(.) by extensions ['python_setup_py']
[0.673s] Level 1:colcon.colcon_core.package_identification:_identify(.) by extension 'python_setup_py'
[0.673s] Level 1:colcon.colcon_core.package_identification:_identify(build) by extensions ['ignore', 'ignore_ament_install']
[0.674s] Level 1:colcon.colcon_core.package_identification:_identify(build) by extension 'ignore'
[0.674s] Level 1:colcon.colcon_core.package_identification:_identify(build) ignored
[0.674s] Level 1:colcon.colcon_core.package_identification:_identify(docker) by extensions ['ignore', 'ignore_ament_install']
[0.674s] Level 1:colcon.colcon_core.package_identification:_identify(docker) by extension 'ignore'
[0.674s] Level 1:colcon.colcon_core.package_identification:_identify(docker) by extension 'ignore_ament_install'
[0.674s] Level 1:colcon.colcon_core.package_identification:_identify(docker) by extensions ['colcon_pkg']
[0.674s] Level 1:colcon.colcon_core.package_identification:_identify(docker) by extension 'colcon_pkg'
[0.674s] Level 1:colcon.colcon_core.package_identification:_identify(docker) by extensions ['colcon_meta']
[0.674s] Level 1:colcon.colcon_core.package_identification:_identify(docker) by extension 'colcon_meta'
[0.674s] Level 1:colcon.colcon_core.package_identification:_identify(docker) by extensions ['ros']
[0.674s] Level 1:colcon.colcon_core.package_identification:_identify(docker) by extension 'ros'
[0.674s] Level 1:colcon.colcon_core.package_identification:_identify(docker) by extensions ['cmake', 'python']
[0.674s] Level 1:colcon.colcon_core.package_identification:_identify(docker) by extension 'cmake'
[0.674s] Level 1:colcon.colcon_core.package_identification:_identify(docker) by extension 'python'
[0.675s] Level 1:colcon.colcon_core.package_identification:_identify(docker) by extensions ['python_setup_py']
[0.675s] Level 1:colcon.colcon_core.package_identification:_identify(docker) by extension 'python_setup_py'
[0.675s] Level 1:colcon.colcon_core.package_identification:_identify(docker/build) by extensions ['ignore', 'ignore_ament_install']
[0.675s] Level 1:colcon.colcon_core.package_identification:_identify(docker/build) by extension 'ignore'
[0.675s] Level 1:colcon.colcon_core.package_identification:_identify(docker/build) ignored
[0.675s] Level 1:colcon.colcon_core.package_identification:_identify(docker/install) by extensions ['ignore', 'ignore_ament_install']
[0.676s] Level 1:colcon.colcon_core.package_identification:_identify(docker/install) by extension 'ignore'
[0.676s] Level 1:colcon.colcon_core.package_identification:_identify(docker/install) ignored
[0.676s] Level 1:colcon.colcon_core.package_identification:_identify(docker/log) by extensions ['ignore', 'ignore_ament_install']
[0.676s] Level 1:colcon.colcon_core.package_identification:_identify(docker/log) by extension 'ignore'
[0.676s] Level 1:colcon.colcon_core.package_identification:_identify(docker/log) ignored
[0.677s] Level 1:colcon.colcon_core.package_identification:_identify(install) by extensions ['ignore', 'ignore_ament_install']
[0.677s] Level 1:colcon.colcon_core.package_identification:_identify(install) by extension 'ignore'
[0.677s] Level 1:colcon.colcon_core.package_identification:_identify(install) ignored
[0.678s] Level 1:colcon.colcon_core.package_identification:_identify(log) by extensions ['ignore', 'ignore_ament_install']
[0.679s] Level 1:colcon.colcon_core.package_identification:_identify(log) by extension 'ignore'
[0.680s] Level 1:colcon.colcon_core.package_identification:_identify(log) ignored
[0.681s] Level 1:colcon.colcon_core.package_identification:_identify(nav2_bringup) by extensions ['ignore', 'ignore_ament_install']
[0.682s] Level 1:colcon.colcon_core.package_identification:_identify(nav2_bringup) by extension 'ignore'
[0.682s] Level 1:colcon.colcon_core.package_identification:_identify(nav2_bringup) by extension 'ignore_ament_install'
[0.683s] Level 1:colcon.colcon_core.package_identification:_identify(nav2_bringup) by extensions ['colcon_pkg']
[0.683s] Level 1:colcon.colcon_core.package_identification:_identify(nav2_bringup) by extension 'colcon_pkg'
[0.684s] Level 1:colcon.colcon_core.package_identification:_identify(nav2_bringup) by extensions ['colcon_meta']
[0.684s] Level 1:colcon.colcon_core.package_identification:_identify(nav2_bringup) by extension 'colcon_meta'
[0.684s] Level 1:colcon.colcon_core.package_identification:_identify(nav2_bringup) by extensions ['ros']
[0.684s] Level 1:colcon.colcon_core.package_identification:_identify(nav2_bringup) by extension 'ros'
[0.684s] Level 1:colcon.colcon_core.package_identification:_identify(nav2_bringup) by extensions ['cmake', 'python']
[0.684s] Level 1:colcon.colcon_core.package_identification:_identify(nav2_bringup) by extension 'cmake'
[0.684s] Level 1:colcon.colcon_core.package_identification:_identify(nav2_bringup) by extension 'python'
[0.684s] Level 1:colcon.colcon_core.package_identification:_identify(nav2_bringup) by extensions ['python_setup_py']
[0.685s] Level 1:colcon.colcon_core.package_identification:_identify(nav2_bringup) by extension 'python_setup_py'
[0.685s] Level 1:colcon.colcon_core.package_identification:_identify(nav2_bringup/config) by extensions ['ignore', 'ignore_ament_install']
[0.685s] Level 1:colcon.colcon_core.package_identification:_identify(nav2_bringup/config) by extension 'ignore'
[0.685s] Level 1:colcon.colcon_core.package_identification:_identify(nav2_bringup/config) by extension 'ignore_ament_install'
[0.685s] Level 1:colcon.colcon_core.package_identification:_identify(nav2_bringup/config) by extensions ['colcon_pkg']
[0.685s] Level 1:colcon.colcon_core.package_identification:_identify(nav2_bringup/config) by extension 'colcon_pkg'
[0.685s] Level 1:colcon.colcon_core.package_identification:_identify(nav2_bringup/config) by extensions ['colcon_meta']
[0.685s] Level 1:colcon.colcon_core.package_identification:_identify(nav2_bringup/config) by extension 'colcon_meta'
[0.685s] Level 1:colcon.colcon_core.package_identification:_identify(nav2_bringup/config) by extensions ['ros']
[0.685s] Level 1:colcon.colcon_core.package_identification:_identify(nav2_bringup/config) by extension 'ros'
[0.686s] Level 1:colcon.colcon_core.package_identification:_identify(nav2_bringup/config) by extensions ['cmake', 'python']
[0.686s] Level 1:colcon.colcon_core.package_identification:_identify(nav2_bringup/config) by extension 'cmake'
[0.686s] Level 1:colcon.colcon_core.package_identification:_identify(nav2_bringup/config) by extension 'python'
[0.686s] Level 1:colcon.colcon_core.package_identification:_identify(nav2_bringup/config) by extensions ['python_setup_py']
[0.686s] Level 1:colcon.colcon_core.package_identification:_identify(nav2_bringup/config) by extension 'python_setup_py'
[0.686s] Level 1:colcon.colcon_core.package_identification:_identify(nav2_bringup/launch) by extensions ['ignore', 'ignore_ament_install']
[0.686s] Level 1:colcon.colcon_core.package_identification:_identify(nav2_bringup/launch) by extension 'ignore'
[0.686s] Level 1:colcon.colcon_core.package_identification:_identify(nav2_bringup/launch) by extension 'ignore_ament_install'
[0.686s] Level 1:colcon.colcon_core.package_identification:_identify(nav2_bringup/launch) by extensions ['colcon_pkg']
[0.686s] Level 1:colcon.colcon_core.package_identification:_identify(nav2_bringup/launch) by extension 'colcon_pkg'
[0.686s] Level 1:colcon.colcon_core.package_identification:_identify(nav2_bringup/launch) by extensions ['colcon_meta']
[0.686s] Level 1:colcon.colcon_core.package_identification:_identify(nav2_bringup/launch) by extension 'colcon_meta'
[0.686s] Level 1:colcon.colcon_core.package_identification:_identify(nav2_bringup/launch) by extensions ['ros']
[0.686s] Level 1:colcon.colcon_core.package_identification:_identify(nav2_bringup/launch) by extension 'ros'
[0.686s] Level 1:colcon.colcon_core.package_identification:_identify(nav2_bringup/launch) by extensions ['cmake', 'python']
[0.687s] Level 1:colcon.colcon_core.package_identification:_identify(nav2_bringup/launch) by extension 'cmake'
[0.687s] Level 1:colcon.colcon_core.package_identification:_identify(nav2_bringup/launch) by extension 'python'
[0.687s] Level 1:colcon.colcon_core.package_identification:_identify(nav2_bringup/launch) by extensions ['python_setup_py']
[0.687s] Level 1:colcon.colcon_core.package_identification:_identify(nav2_bringup/launch) by extension 'python_setup_py'
[0.687s] Level 1:colcon.colcon_core.package_identification:_identify(nav2_bringup/launch/__pycache__) by extensions ['ignore', 'ignore_ament_install']
[0.687s] Level 1:colcon.colcon_core.package_identification:_identify(nav2_bringup/launch/__pycache__) by extension 'ignore'
[0.687s] Level 1:colcon.colcon_core.package_identification:_identify(nav2_bringup/launch/__pycache__) by extension 'ignore_ament_install'
[0.687s] Level 1:colcon.colcon_core.package_identification:_identify(nav2_bringup/launch/__pycache__) by extensions ['colcon_pkg']
[0.687s] Level 1:colcon.colcon_core.package_identification:_identify(nav2_bringup/launch/__pycache__) by extension 'colcon_pkg'
[0.687s] Level 1:colcon.colcon_core.package_identification:_identify(nav2_bringup/launch/__pycache__) by extensions ['colcon_meta']
[0.687s] Level 1:colcon.colcon_core.package_identification:_identify(nav2_bringup/launch/__pycache__) by extension 'colcon_meta'
[0.687s] Level 1:colcon.colcon_core.package_identification:_identify(nav2_bringup/launch/__pycache__) by extensions ['ros']
[0.687s] Level 1:colcon.colcon_core.package_identification:_identify(nav2_bringup/launch/__pycache__) by extension 'ros'
[0.687s] Level 1:colcon.colcon_core.package_identification:_identify(nav2_bringup/launch/__pycache__) by extensions ['cmake', 'python']
[0.687s] Level 1:colcon.colcon_core.package_identification:_identify(nav2_bringup/launch/__pycache__) by extension 'cmake'
[0.688s] Level 1:colcon.colcon_core.package_identification:_identify(nav2_bringup/launch/__pycache__) by extension 'python'
[0.688s] Level 1:colcon.colcon_core.package_identification:_identify(nav2_bringup/launch/__pycache__) by extensions ['python_setup_py']
[0.688s] Level 1:colcon.colcon_core.package_identification:_identify(nav2_bringup/launch/__pycache__) by extension 'python_setup_py'
[0.688s] Level 1:colcon.colcon_core.package_identification:_identify(nav2_bringup/maps) by extensions ['ignore', 'ignore_ament_install']
[0.688s] Level 1:colcon.colcon_core.package_identification:_identify(nav2_bringup/maps) by extension 'ignore'
[0.688s] Level 1:colcon.colcon_core.package_identification:_identify(nav2_bringup/maps) by extension 'ignore_ament_install'
[0.688s] Level 1:colcon.colcon_core.package_identification:_identify(nav2_bringup/maps) by extensions ['colcon_pkg']
[0.688s] Level 1:colcon.colcon_core.package_identification:_identify(nav2_bringup/maps) by extension 'colcon_pkg'
[0.688s] Level 1:colcon.colcon_core.package_identification:_identify(nav2_bringup/maps) by extensions ['colcon_meta']
[0.688s] Level 1:colcon.colcon_core.package_identification:_identify(nav2_bringup/maps) by extension 'colcon_meta'
[0.688s] Level 1:colcon.colcon_core.package_identification:_identify(nav2_bringup/maps) by extensions ['ros']
[0.688s] Level 1:colcon.colcon_core.package_identification:_identify(nav2_bringup/maps) by extension 'ros'
[0.688s] Level 1:colcon.colcon_core.package_identification:_identify(nav2_bringup/maps) by extensions ['cmake', 'python']
[0.688s] Level 1:colcon.colcon_core.package_identification:_identify(nav2_bringup/maps) by extension 'cmake'
[0.688s] Level 1:colcon.colcon_core.package_identification:_identify(nav2_bringup/maps) by extension 'python'
[0.688s] Level 1:colcon.colcon_core.package_identification:_identify(nav2_bringup/maps) by extensions ['python_setup_py']
[0.688s] Level 1:colcon.colcon_core.package_identification:_identify(nav2_bringup/maps) by extension 'python_setup_py'
[0.689s] Level 1:colcon.colcon_core.package_identification:_identify(spaceros_gz_demos) by extensions ['ignore', 'ignore_ament_install']
[0.689s] Level 1:colcon.colcon_core.package_identification:_identify(spaceros_gz_demos) by extension 'ignore'
[0.689s] Level 1:colcon.colcon_core.package_identification:_identify(spaceros_gz_demos) by extension 'ignore_ament_install'
[0.689s] Level 1:colcon.colcon_core.package_identification:_identify(spaceros_gz_demos) by extensions ['colcon_pkg']
[0.689s] Level 1:colcon.colcon_core.package_identification:_identify(spaceros_gz_demos) by extension 'colcon_pkg'
[0.689s] Level 1:colcon.colcon_core.package_identification:_identify(spaceros_gz_demos) by extensions ['colcon_meta']
[0.689s] Level 1:colcon.colcon_core.package_identification:_identify(spaceros_gz_demos) by extension 'colcon_meta'
[0.689s] Level 1:colcon.colcon_core.package_identification:_identify(spaceros_gz_demos) by extensions ['ros']
[0.689s] Level 1:colcon.colcon_core.package_identification:_identify(spaceros_gz_demos) by extension 'ros'
[0.696s] DEBUG:colcon.colcon_core.package_identification:Package 'spaceros_gz_demos' with type 'ros.ament_cmake' and name 'spaceros_gz_demos'
[0.697s] Level 1:colcon.colcon_core.package_identification:_identify(src) by extensions ['ignore', 'ignore_ament_install']
[0.698s] Level 1:colcon.colcon_core.package_identification:_identify(src) by extension 'ignore'
[0.699s] Level 1:colcon.colcon_core.package_identification:_identify(src) by extension 'ignore_ament_install'
[0.699s] Level 1:colcon.colcon_core.package_identification:_identify(src) by extensions ['colcon_pkg']
[0.700s] Level 1:colcon.colcon_core.package_identification:_identify(src) by extension 'colcon_pkg'
[0.700s] Level 1:colcon.colcon_core.package_identification:_identify(src) by extensions ['colcon_meta']
[0.700s] Level 1:colcon.colcon_core.package_identification:_identify(src) by extension 'colcon_meta'
[0.700s] Level 1:colcon.colcon_core.package_identification:_identify(src) by extensions ['ros']
[0.701s] Level 1:colcon.colcon_core.package_identification:_identify(src) by extension 'ros'
[0.701s] Level 1:colcon.colcon_core.package_identification:_identify(src) by extensions ['cmake', 'python']
[0.701s] Level 1:colcon.colcon_core.package_identification:_identify(src) by extension 'cmake'
[0.701s] Level 1:colcon.colcon_core.package_identification:_identify(src) by extension 'python'
[0.701s] Level 1:colcon.colcon_core.package_identification:_identify(src) by extensions ['python_setup_py']
[0.701s] Level 1:colcon.colcon_core.package_identification:_identify(src) by extension 'python_setup_py'
[0.701s] Level 1:colcon.colcon_core.package_identification:_identify(src/multi_robot_nav) by extensions ['ignore', 'ignore_ament_install']
[0.702s] Level 1:colcon.colcon_core.package_identification:_identify(src/multi_robot_nav) by extension 'ignore'
[0.702s] Level 1:colcon.colcon_core.package_identification:_identify(src/multi_robot_nav) by extension 'ignore_ament_install'
[0.702s] Level 1:colcon.colcon_core.package_identification:_identify(src/multi_robot_nav) by extensions ['colcon_pkg']
[0.702s] Level 1:colcon.colcon_core.package_identification:_identify(src/multi_robot_nav) by extension 'colcon_pkg'
[0.702s] Level 1:colcon.colcon_core.package_identification:_identify(src/multi_robot_nav) by extensions ['colcon_meta']
[0.702s] Level 1:colcon.colcon_core.package_identification:_identify(src/multi_robot_nav) by extension 'colcon_meta'
[0.702s] Level 1:colcon.colcon_core.package_identification:_identify(src/multi_robot_nav) by extensions ['ros']
[0.702s] Level 1:colcon.colcon_core.package_identification:_identify(src/multi_robot_nav) by extension 'ros'
[0.703s] DEBUG:colcon.colcon_core.package_identification:Package 'src/multi_robot_nav' with type 'ros.ament_python' and name 'multi_robot_nav'
[0.703s] Level 1:colcon.colcon_core.package_discovery:discover_packages(recursive) using defaults
[0.703s] Level 1:colcon.colcon_core.package_discovery:discover_packages(ignore) discover
[0.703s] Level 1:colcon.colcon_core.package_discovery:discover_packages(ignore) using defaults
[0.703s] Level 1:colcon.colcon_core.package_discovery:discover_packages(path) discover
[0.703s] Level 1:colcon.colcon_core.package_discovery:discover_packages(path) using defaults
[0.772s] Level 1:colcon.colcon_core.package_discovery:discover_packages(prefix_path) check parameters
[0.772s] Level 1:colcon.colcon_core.package_discovery:discover_packages(prefix_path) discover
[0.777s] DEBUG:colcon.colcon_installed_package_information.package_discovery:Found 2 installed packages in /home/srge/spaceros_gz_demos/install
[0.785s] DEBUG:colcon.colcon_installed_package_information.package_discovery:Found 457 installed packages in /opt/ros/humble
[0.788s] Level 1:colcon.colcon_core.package_discovery:discover_packages(prefix_path) using defaults
[0.920s] Level 5:colcon.colcon_core.verb:set package 'multi_robot_nav' build argument 'cmake_args' from command line to 'None'
[0.920s] Level 5:colcon.colcon_core.verb:set package 'multi_robot_nav' build argument 'cmake_target' from command line to 'None'
[0.920s] Level 5:colcon.colcon_core.verb:set package 'multi_robot_nav' build argument 'cmake_target_skip_unavailable' from command line to 'False'
[0.920s] Level 5:colcon.colcon_core.verb:set package 'multi_robot_nav' build argument 'cmake_clean_cache' from command line to 'False'
[0.920s] Level 5:colcon.colcon_core.verb:set package 'multi_robot_nav' build argument 'cmake_clean_first' from command line to 'False'
[0.920s] Level 5:colcon.colcon_core.verb:set package 'multi_robot_nav' build argument 'cmake_force_configure' from command line to 'False'
[0.920s] Level 5:colcon.colcon_core.verb:set package 'multi_robot_nav' build argument 'ament_cmake_args' from command line to 'None'
[0.920s] Level 5:colcon.colcon_core.verb:set package 'multi_robot_nav' build argument 'catkin_cmake_args' from command line to 'None'
[0.920s] Level 5:colcon.colcon_core.verb:set package 'multi_robot_nav' build argument 'catkin_skip_building_tests' from command line to 'False'
[0.920s] DEBUG:colcon.colcon_core.verb:Building package 'multi_robot_nav' with the following arguments: {'ament_cmake_args': None, 'build_base': '/home/srge/spaceros_gz_demos/build/multi_robot_nav', 'catkin_cmake_args': None, 'catkin_skip_building_tests': False, 'cmake_args': None, 'cmake_clean_cache': False, 'cmake_clean_first': False, 'cmake_force_configure': False, 'cmake_target': None, 'cmake_target_skip_unavailable': False, 'install_base': '/home/srge/spaceros_gz_demos/install/multi_robot_nav', 'merge_install': False, 'path': '/home/srge/spaceros_gz_demos/src/multi_robot_nav', 'symlink_install': False, 'test_result_base': None}
[0.921s] Level 5:colcon.colcon_core.verb:set package 'spaceros_gz_demos' build argument 'cmake_args' from command line to 'None'
[0.921s] Level 5:colcon.colcon_core.verb:set package 'spaceros_gz_demos' build argument 'cmake_target' from command line to 'None'
[0.921s] Level 5:colcon.colcon_core.verb:set package 'spaceros_gz_demos' build argument 'cmake_target_skip_unavailable' from command line to 'False'
[0.921s] Level 5:colcon.colcon_core.verb:set package 'spaceros_gz_demos' build argument 'cmake_clean_cache' from command line to 'False'
[0.921s] Level 5:colcon.colcon_core.verb:set package 'spaceros_gz_demos' build argument 'cmake_clean_first' from command line to 'False'
[0.921s] Level 5:colcon.colcon_core.verb:set package 'spaceros_gz_demos' build argument 'cmake_force_configure' from command line to 'False'
[0.921s] Level 5:colcon.colcon_core.verb:set package 'spaceros_gz_demos' build argument 'ament_cmake_args' from command line to 'None'
[0.921s] Level 5:colcon.colcon_core.verb:set package 'spaceros_gz_demos' build argument 'catkin_cmake_args' from command line to 'None'
[0.921s] Level 5:colcon.colcon_core.verb:set package 'spaceros_gz_demos' build argument 'catkin_skip_building_tests' from command line to 'False'
[0.921s] DEBUG:colcon.colcon_core.verb:Building package 'spaceros_gz_demos' with the following arguments: {'ament_cmake_args': None, 'build_base': '/home/srge/spaceros_gz_demos/build/spaceros_gz_demos', 'catkin_cmake_args': None, 'catkin_skip_building_tests': False, 'cmake_args': None, 'cmake_clean_cache': False, 'cmake_clean_first': False, 'cmake_force_configure': False, 'cmake_target': None, 'cmake_target_skip_unavailable': False, 'install_base': '/home/srge/spaceros_gz_demos/install/spaceros_gz_demos', 'merge_install': False, 'path': '/home/srge/spaceros_gz_demos/spaceros_gz_demos', 'symlink_install': False, 'test_result_base': None}
[0.921s] INFO:colcon.colcon_core.executor:Executing jobs using 'parallel' executor
[0.923s] DEBUG:colcon.colcon_parallel_executor.executor.parallel:run_until_complete
[0.923s] INFO:colcon.colcon_ros.task.ament_python.build:Building ROS package in '/home/srge/spaceros_gz_demos/src/multi_robot_nav' with build type 'ament_python'
[0.923s] Level 1:colcon.colcon_core.shell:create_environment_hook('multi_robot_nav', 'ament_prefix_path')
[0.933s] INFO:colcon.colcon_core.plugin_system:Skipping extension 'colcon_core.shell.bat': Not used on non-Windows systems
[0.933s] INFO:colcon.colcon_core.shell:Creating environment hook '/home/srge/spaceros_gz_demos/install/multi_robot_nav/share/multi_robot_nav/hook/ament_prefix_path.ps1'
[0.934s] INFO:colcon.colcon_core.shell:Creating environment descriptor '/home/srge/spaceros_gz_demos/install/multi_robot_nav/share/multi_robot_nav/hook/ament_prefix_path.dsv'
[0.934s] INFO:colcon.colcon_core.shell:Creating environment hook '/home/srge/spaceros_gz_demos/install/multi_robot_nav/share/multi_robot_nav/hook/ament_prefix_path.sh'
[0.936s] INFO:colcon.colcon_core.shell:Skip shell extension 'powershell' for command environment: Not usable outside of PowerShell
[0.936s] DEBUG:colcon.colcon_core.shell:Skip shell extension 'dsv' for command environment
[0.941s] INFO:colcon.colcon_ros.task.ament_cmake.build:Building ROS package in '/home/srge/spaceros_gz_demos/spaceros_gz_demos' with build type 'ament_cmake'
[0.942s] INFO:colcon.colcon_cmake.task.cmake.build:Building CMake package in '/home/srge/spaceros_gz_demos/spaceros_gz_demos'
[0.942s] INFO:colcon.colcon_core.shell:Skip shell extension 'powershell' for command environment: Not usable outside of PowerShell
[0.943s] DEBUG:colcon.colcon_core.shell:Skip shell extension 'dsv' for command environment
[1.568s] INFO:colcon.colcon_core.task.python.build:Building Python package in '/home/srge/spaceros_gz_demos/src/multi_robot_nav'
[1.568s] INFO:colcon.colcon_core.shell:Skip shell extension 'powershell' for command environment: Not usable outside of PowerShell
[1.568s] DEBUG:colcon.colcon_core.shell:Skip shell extension 'dsv' for command environment
[1.587s] DEBUG:colcon.colcon_core.event_handler.log_command:Invoking command in '/home/srge/spaceros_gz_demos/build/spaceros_gz_demos': CMAKE_PREFIX_PATH=${CMAKE_PREFIX_PATH}:/home/srge/spaceros_gz_demos/install/multi_robot_nav:/opt/ros/humble /usr/bin/cmake --build /home/srge/spaceros_gz_demos/build/spaceros_gz_demos -- -j16 -l16
[1.690s] DEBUG:colcon.colcon_core.event_handler.log_command:Invoked command in '/home/srge/spaceros_gz_demos/build/spaceros_gz_demos' returned '0': CMAKE_PREFIX_PATH=${CMAKE_PREFIX_PATH}:/home/srge/spaceros_gz_demos/install/multi_robot_nav:/opt/ros/humble /usr/bin/cmake --build /home/srge/spaceros_gz_demos/build/spaceros_gz_demos -- -j16 -l16
[1.706s] DEBUG:colcon.colcon_core.event_handler.log_command:Invoking command in '/home/srge/spaceros_gz_demos/build/spaceros_gz_demos': CMAKE_PREFIX_PATH=${CMAKE_PREFIX_PATH}:/home/srge/spaceros_gz_demos/install/multi_robot_nav:/opt/ros/humble /usr/bin/cmake --install /home/srge/spaceros_gz_demos/build/spaceros_gz_demos
[1.752s] Level 1:colcon.colcon_core.environment:create_environment_scripts_only(spaceros_gz_demos)
[1.755s] Level 1:colcon.colcon_core.environment:checking '/home/srge/spaceros_gz_demos/install/spaceros_gz_demos' for CMake module files
[1.756s] Level 1:colcon.colcon_core.environment:checking '/home/srge/spaceros_gz_demos/install/spaceros_gz_demos' for CMake config files
[1.775s] DEBUG:colcon.colcon_core.event_handler.log_command:Invoked command in '/home/srge/spaceros_gz_demos/build/spaceros_gz_demos' returned '0': CMAKE_PREFIX_PATH=${CMAKE_PREFIX_PATH}:/home/srge/spaceros_gz_demos/install/multi_robot_nav:/opt/ros/humble /usr/bin/cmake --install /home/srge/spaceros_gz_demos/build/spaceros_gz_demos
[1.777s] Level 1:colcon.colcon_core.shell:create_environment_hook('spaceros_gz_demos', 'cmake_prefix_path')
[1.778s] INFO:colcon.colcon_core.shell:Creating environment hook '/home/srge/spaceros_gz_demos/install/spaceros_gz_demos/share/spaceros_gz_demos/hook/cmake_prefix_path.ps1'
[1.783s] INFO:colcon.colcon_core.shell:Creating environment descriptor '/home/srge/spaceros_gz_demos/install/spaceros_gz_demos/share/spaceros_gz_demos/hook/cmake_prefix_path.dsv'
[1.785s] INFO:colcon.colcon_core.shell:Creating environment hook '/home/srge/spaceros_gz_demos/install/spaceros_gz_demos/share/spaceros_gz_demos/hook/cmake_prefix_path.sh'
[1.786s] Level 1:colcon.colcon_core.environment:checking '/home/srge/spaceros_gz_demos/install/spaceros_gz_demos/bin'
[1.786s] Level 1:colcon.colcon_core.environment:checking '/home/srge/spaceros_gz_demos/install/spaceros_gz_demos/lib/pkgconfig/spaceros_gz_demos.pc'
[1.786s] Level 1:colcon.colcon_core.environment:checking '/home/srge/spaceros_gz_demos/install/spaceros_gz_demos/lib/python3.10/site-packages'
[1.787s] Level 1:colcon.colcon_core.environment:checking '/home/srge/spaceros_gz_demos/install/spaceros_gz_demos/bin'
[1.787s] INFO:colcon.colcon_core.shell:Creating package script '/home/srge/spaceros_gz_demos/install/spaceros_gz_demos/share/spaceros_gz_demos/package.ps1'
[1.789s] INFO:colcon.colcon_core.shell:Creating package descriptor '/home/srge/spaceros_gz_demos/install/spaceros_gz_demos/share/spaceros_gz_demos/package.dsv'
[1.789s] INFO:colcon.colcon_core.shell:Creating package script '/home/srge/spaceros_gz_demos/install/spaceros_gz_demos/share/spaceros_gz_demos/package.sh'
[1.790s] INFO:colcon.colcon_core.shell:Creating package script '/home/srge/spaceros_gz_demos/install/spaceros_gz_demos/share/spaceros_gz_demos/package.bash'
[1.791s] INFO:colcon.colcon_core.shell:Creating package script '/home/srge/spaceros_gz_demos/install/spaceros_gz_demos/share/spaceros_gz_demos/package.zsh'
[1.792s] Level 1:colcon.colcon_core.environment:create_file_with_runtime_dependencies(/home/srge/spaceros_gz_demos/install/spaceros_gz_demos/share/colcon-core/packages/spaceros_gz_demos)
[1.793s] Level 1:colcon.colcon_core.environment:create_environment_scripts_only(spaceros_gz_demos)
[1.793s] Level 1:colcon.colcon_core.environment:checking '/home/srge/spaceros_gz_demos/install/spaceros_gz_demos' for CMake module files
[1.794s] Level 1:colcon.colcon_core.environment:checking '/home/srge/spaceros_gz_demos/install/spaceros_gz_demos' for CMake config files
[1.802s] Level 1:colcon.colcon_core.shell:create_environment_hook('spaceros_gz_demos', 'cmake_prefix_path')
[1.803s] INFO:colcon.colcon_core.shell:Creating environment hook '/home/srge/spaceros_gz_demos/install/spaceros_gz_demos/share/spaceros_gz_demos/hook/cmake_prefix_path.ps1'
[1.803s] INFO:colcon.colcon_core.shell:Creating environment descriptor '/home/srge/spaceros_gz_demos/install/spaceros_gz_demos/share/spaceros_gz_demos/hook/cmake_prefix_path.dsv'
[1.804s] INFO:colcon.colcon_core.shell:Creating environment hook '/home/srge/spaceros_gz_demos/install/spaceros_gz_demos/share/spaceros_gz_demos/hook/cmake_prefix_path.sh'
[1.804s] Level 1:colcon.colcon_core.environment:checking '/home/srge/spaceros_gz_demos/install/spaceros_gz_demos/bin'
[1.805s] Level 1:colcon.colcon_core.environment:checking '/home/srge/spaceros_gz_demos/install/spaceros_gz_demos/lib/pkgconfig/spaceros_gz_demos.pc'
[1.805s] Level 1:colcon.colcon_core.environment:checking '/home/srge/spaceros_gz_demos/install/spaceros_gz_demos/lib/python3.10/site-packages'
[1.805s] Level 1:colcon.colcon_core.environment:checking '/home/srge/spaceros_gz_demos/install/spaceros_gz_demos/bin'
[1.806s] INFO:colcon.colcon_core.shell:Creating package script '/home/srge/spaceros_gz_demos/install/spaceros_gz_demos/share/spaceros_gz_demos/package.ps1'
[1.806s] INFO:colcon.colcon_core.shell:Creating package descriptor '/home/srge/spaceros_gz_demos/install/spaceros_gz_demos/share/spaceros_gz_demos/package.dsv'
[1.807s] INFO:colcon.colcon_core.shell:Creating package script '/home/srge/spaceros_gz_demos/install/spaceros_gz_demos/share/spaceros_gz_demos/package.sh'
[1.807s] INFO:colcon.colcon_core.shell:Creating package script '/home/srge/spaceros_gz_demos/install/spaceros_gz_demos/share/spaceros_gz_demos/package.bash'
[1.808s] INFO:colcon.colcon_core.shell:Creating package script '/home/srge/spaceros_gz_demos/install/spaceros_gz_demos/share/spaceros_gz_demos/package.zsh'
[1.808s] Level 1:colcon.colcon_core.environment:create_file_with_runtime_dependencies(/home/srge/spaceros_gz_demos/install/spaceros_gz_demos/share/colcon-core/packages/spaceros_gz_demos)
[2.415s] DEBUG:colcon.colcon_core.event_handler.log_command:Invoking command in '/home/srge/spaceros_gz_demos/src/multi_robot_nav': PYTHONPATH=/home/srge/spaceros_gz_demos/build/multi_robot_nav/prefix_override:/usr/lib/python3/dist-packages/colcon_core/task/python/colcon_distutils_commands:/home/srge/spaceros_gz_demos/install/multi_robot_nav/lib/python3.10/site-packages:${PYTHONPATH} /usr/bin/python3 -W ignore:setup.py install is deprecated -W ignore:easy_install command is deprecated setup.py egg_info --egg-base ../../build/multi_robot_nav build --build-base /home/srge/spaceros_gz_demos/build/multi_robot_nav/build install --record /home/srge/spaceros_gz_demos/build/multi_robot_nav/install.log --single-version-externally-managed install_data
[3.123s] Level 1:colcon.colcon_core.environment:checking '/home/srge/spaceros_gz_demos/install/multi_robot_nav' for CMake module files
[3.124s] DEBUG:colcon.colcon_core.event_handler.log_command:Invoked command in '/home/srge/spaceros_gz_demos/src/multi_robot_nav' returned '0': PYTHONPATH=/home/srge/spaceros_gz_demos/build/multi_robot_nav/prefix_override:/usr/lib/python3/dist-packages/colcon_core/task/python/colcon_distutils_commands:/home/srge/spaceros_gz_demos/install/multi_robot_nav/lib/python3.10/site-packages:${PYTHONPATH} /usr/bin/python3 -W ignore:setup.py install is deprecated -W ignore:easy_install command is deprecated setup.py egg_info --egg-base ../../build/multi_robot_nav build --build-base /home/srge/spaceros_gz_demos/build/multi_robot_nav/build install --record /home/srge/spaceros_gz_demos/build/multi_robot_nav/install.log --single-version-externally-managed install_data
[3.125s] Level 1:colcon.colcon_core.environment:checking '/home/srge/spaceros_gz_demos/install/multi_robot_nav' for CMake config files
[3.126s] Level 1:colcon.colcon_core.environment:checking '/home/srge/spaceros_gz_demos/install/multi_robot_nav/lib'
[3.126s] Level 1:colcon.colcon_core.environment:checking '/home/srge/spaceros_gz_demos/install/multi_robot_nav/bin'
[3.126s] Level 1:colcon.colcon_core.environment:checking '/home/srge/spaceros_gz_demos/install/multi_robot_nav/lib/pkgconfig/multi_robot_nav.pc'
[3.126s] Level 1:colcon.colcon_core.environment:checking '/home/srge/spaceros_gz_demos/install/multi_robot_nav/lib/python3.10/site-packages'
[3.127s] Level 1:colcon.colcon_core.shell:create_environment_hook('multi_robot_nav', 'pythonpath')
[3.127s] INFO:colcon.colcon_core.shell:Creating environment hook '/home/srge/spaceros_gz_demos/install/multi_robot_nav/share/multi_robot_nav/hook/pythonpath.ps1'
[3.130s] INFO:colcon.colcon_core.shell:Creating environment descriptor '/home/srge/spaceros_gz_demos/install/multi_robot_nav/share/multi_robot_nav/hook/pythonpath.dsv'
[3.133s] INFO:colcon.colcon_core.shell:Creating environment hook '/home/srge/spaceros_gz_demos/install/multi_robot_nav/share/multi_robot_nav/hook/pythonpath.sh'
[3.135s] Level 1:colcon.colcon_core.environment:checking '/home/srge/spaceros_gz_demos/install/multi_robot_nav/bin'
[3.136s] Level 1:colcon.colcon_core.environment:create_environment_scripts_only(multi_robot_nav)
[3.136s] INFO:colcon.colcon_core.shell:Creating package script '/home/srge/spaceros_gz_demos/install/multi_robot_nav/share/multi_robot_nav/package.ps1'
[3.137s] INFO:colcon.colcon_core.shell:Creating package descriptor '/home/srge/spaceros_gz_demos/install/multi_robot_nav/share/multi_robot_nav/package.dsv'
[3.137s] INFO:colcon.colcon_core.shell:Creating package script '/home/srge/spaceros_gz_demos/install/multi_robot_nav/share/multi_robot_nav/package.sh'
[3.138s] INFO:colcon.colcon_core.shell:Creating package script '/home/srge/spaceros_gz_demos/install/multi_robot_nav/share/multi_robot_nav/package.bash'
[3.138s] INFO:colcon.colcon_core.shell:Creating package script '/home/srge/spaceros_gz_demos/install/multi_robot_nav/share/multi_robot_nav/package.zsh'
[3.139s] Level 1:colcon.colcon_core.environment:create_file_with_runtime_dependencies(/home/srge/spaceros_gz_demos/install/multi_robot_nav/share/colcon-core/packages/multi_robot_nav)
[3.139s] DEBUG:colcon.colcon_parallel_executor.executor.parallel:closing loop
[3.139s] DEBUG:colcon.colcon_parallel_executor.executor.parallel:loop closed
[3.140s] DEBUG:colcon.colcon_parallel_executor.executor.parallel:run_until_complete finished with '0'
[3.140s] DEBUG:colcon.colcon_core.event_reactor:joining thread
[3.155s] INFO:colcon.colcon_core.plugin_system:Skipping extension 'colcon_notification.desktop_notification.terminal_notifier': Not used on non-Darwin systems
[3.155s] INFO:colcon.colcon_core.plugin_system:Skipping extension 'colcon_notification.desktop_notification.win32': Not used on non-Windows systems
[3.155s] INFO:colcon.colcon_notification.desktop_notification:Sending desktop notification using 'notify2'
[3.187s] DEBUG:colcon.colcon_core.event_reactor:joined thread
[3.188s] INFO:colcon.colcon_core.shell:Creating prefix script '/home/srge/spaceros_gz_demos/install/local_setup.ps1'
[3.189s] INFO:colcon.colcon_core.shell:Creating prefix util module '/home/srge/spaceros_gz_demos/install/_local_setup_util_ps1.py'
[3.191s] INFO:colcon.colcon_core.shell:Creating prefix chain script '/home/srge/spaceros_gz_demos/install/setup.ps1'
[3.193s] INFO:colcon.colcon_core.shell:Creating prefix script '/home/srge/spaceros_gz_demos/install/local_setup.sh'
[3.194s] INFO:colcon.colcon_core.shell:Creating prefix util module '/home/srge/spaceros_gz_demos/install/_local_setup_util_sh.py'
[3.195s] INFO:colcon.colcon_core.shell:Creating prefix chain script '/home/srge/spaceros_gz_demos/install/setup.sh'
[3.197s] INFO:colcon.colcon_core.shell:Creating prefix script '/home/srge/spaceros_gz_demos/install/local_setup.bash'
[3.197s] INFO:colcon.colcon_core.shell:Creating prefix chain script '/home/srge/spaceros_gz_demos/install/setup.bash'
[3.199s] INFO:colcon.colcon_core.shell:Creating prefix script '/home/srge/spaceros_gz_demos/install/local_setup.zsh'
[3.199s] INFO:colcon.colcon_core.shell:Creating prefix chain script '/home/srge/spaceros_gz_demos/install/setup.zsh'
