[0.086s] DEBUG:colcon:Command line arguments: ['/usr/bin/colcon', 'build', '--packages-select', 'multi_robot_nav']
[0.086s] DEBUG:colcon:Parsed command line arguments: Namespace(log_base=None, log_level=None, verb_name='build', build_base='build', install_base='install', merge_install=False, symlink_install=False, test_result_base=None, continue_on_error=False, executor='parallel', parallel_workers=16, event_handlers=None, ignore_user_meta=False, metas=['./colcon.meta'], base_paths=['.'], packages_ignore=None, packages_ignore_regex=None, paths=None, packages_up_to=None, packages_up_to_regex=None, packages_above=None, packages_above_and_dependencies=None, packages_above_depth=None, packages_select_by_dep=None, packages_skip_by_dep=None, packages_skip_up_to=None, packages_select_build_failed=False, packages_skip_build_finished=False, packages_select_test_failures=False, packages_skip_test_passed=False, packages_select=['multi_robot_nav'], packages_skip=None, packages_select_regex=None, packages_skip_regex=None, packages_start=None, packages_end=None, allow_overriding=[], cmake_args=None, cmake_target=None, cmake_target_skip_unavailable=False, cmake_clean_cache=False, cmake_clean_first=False, cmake_force_configure=False, ament_cmake_args=None, catkin_cmake_args=None, catkin_skip_building_tests=False, verb_parser=<colcon_defaults.argument_parser.defaults.DefaultArgumentsDecorator object at 0x7e58d6b20160>, verb_extension=<colcon_core.verb.build.BuildVerb object at 0x7e58d6c69510>, main=<bound method BuildVerb.main of <colcon_core.verb.build.BuildVerb object at 0x7e58d6c69510>>)
[0.221s] Level 1:colcon.colcon_core.package_discovery:discover_packages(colcon_meta) check parameters
[0.221s] Level 1:colcon.colcon_core.package_discovery:discover_packages(recursive) check parameters
[0.221s] Level 1:colcon.colcon_core.package_discovery:discover_packages(ignore) check parameters
[0.221s] Level 1:colcon.colcon_core.package_discovery:discover_packages(path) check parameters
[0.221s] Level 1:colcon.colcon_core.package_discovery:discover_packages(colcon_meta) discover
[0.221s] Level 1:colcon.colcon_core.package_discovery:discover_packages(recursive) discover
[0.221s] INFO:colcon.colcon_core.package_discovery:Crawling recursively for packages in '/home/srge/spaceros_gz_demos'
[0.221s] Level 1:colcon.colcon_core.package_identification:_identify(.) by extensions ['ignore', 'ignore_ament_install']
[0.221s] Level 1:colcon.colcon_core.package_identification:_identify(.) by extension 'ignore'
[0.221s] Level 1:colcon.colcon_core.package_identification:_identify(.) by extension 'ignore_ament_install'
[0.221s] Level 1:colcon.colcon_core.package_identification:_identify(.) by extensions ['colcon_pkg']
[0.221s] Level 1:colcon.colcon_core.package_identification:_identify(.) by extension 'colcon_pkg'
[0.221s] Level 1:colcon.colcon_core.package_identification:_identify(.) by extensions ['colcon_meta']
[0.221s] Level 1:colcon.colcon_core.package_identification:_identify(.) by extension 'colcon_meta'
[0.221s] Level 1:colcon.colcon_core.package_identification:_identify(.) by extensions ['ros']
[0.221s] Level 1:colcon.colcon_core.package_identification:_identify(.) by extension 'ros'
[0.230s] Level 1:colcon.colcon_core.package_identification:_identify(.) by extensions ['cmake', 'python']
[0.230s] Level 1:colcon.colcon_core.package_identification:_identify(.) by extension 'cmake'
[0.230s] Level 1:colcon.colcon_core.package_identification:_identify(.) by extension 'python'
[0.230s] Level 1:colcon.colcon_core.package_identification:_identify(.) by extensions ['python_setup_py']
[0.230s] Level 1:colcon.colcon_core.package_identification:_identify(.) by extension 'python_setup_py'
[0.230s] Level 1:colcon.colcon_core.package_identification:_identify(build) by extensions ['ignore', 'ignore_ament_install']
[0.230s] Level 1:colcon.colcon_core.package_identification:_identify(build) by extension 'ignore'
[0.230s] Level 1:colcon.colcon_core.package_identification:_identify(build) ignored
[0.230s] Level 1:colcon.colcon_core.package_identification:_identify(docker) by extensions ['ignore', 'ignore_ament_install']
[0.231s] Level 1:colcon.colcon_core.package_identification:_identify(docker) by extension 'ignore'
[0.231s] Level 1:colcon.colcon_core.package_identification:_identify(docker) by extension 'ignore_ament_install'
[0.231s] Level 1:colcon.colcon_core.package_identification:_identify(docker) by extensions ['colcon_pkg']
[0.231s] Level 1:colcon.colcon_core.package_identification:_identify(docker) by extension 'colcon_pkg'
[0.231s] Level 1:colcon.colcon_core.package_identification:_identify(docker) by extensions ['colcon_meta']
[0.231s] Level 1:colcon.colcon_core.package_identification:_identify(docker) by extension 'colcon_meta'
[0.231s] Level 1:colcon.colcon_core.package_identification:_identify(docker) by extensions ['ros']
[0.231s] Level 1:colcon.colcon_core.package_identification:_identify(docker) by extension 'ros'
[0.231s] Level 1:colcon.colcon_core.package_identification:_identify(docker) by extensions ['cmake', 'python']
[0.231s] Level 1:colcon.colcon_core.package_identification:_identify(docker) by extension 'cmake'
[0.231s] Level 1:colcon.colcon_core.package_identification:_identify(docker) by extension 'python'
[0.231s] Level 1:colcon.colcon_core.package_identification:_identify(docker) by extensions ['python_setup_py']
[0.231s] Level 1:colcon.colcon_core.package_identification:_identify(docker) by extension 'python_setup_py'
[0.231s] Level 1:colcon.colcon_core.package_identification:_identify(docker/build) by extensions ['ignore', 'ignore_ament_install']
[0.231s] Level 1:colcon.colcon_core.package_identification:_identify(docker/build) by extension 'ignore'
[0.231s] Level 1:colcon.colcon_core.package_identification:_identify(docker/build) ignored
[0.231s] Level 1:colcon.colcon_core.package_identification:_identify(docker/install) by extensions ['ignore', 'ignore_ament_install']
[0.231s] Level 1:colcon.colcon_core.package_identification:_identify(docker/install) by extension 'ignore'
[0.231s] Level 1:colcon.colcon_core.package_identification:_identify(docker/install) ignored
[0.231s] Level 1:colcon.colcon_core.package_identification:_identify(docker/log) by extensions ['ignore', 'ignore_ament_install']
[0.231s] Level 1:colcon.colcon_core.package_identification:_identify(docker/log) by extension 'ignore'
[0.231s] Level 1:colcon.colcon_core.package_identification:_identify(docker/log) ignored
[0.231s] Level 1:colcon.colcon_core.package_identification:_identify(install) by extensions ['ignore', 'ignore_ament_install']
[0.232s] Level 1:colcon.colcon_core.package_identification:_identify(install) by extension 'ignore'
[0.232s] Level 1:colcon.colcon_core.package_identification:_identify(install) ignored
[0.232s] Level 1:colcon.colcon_core.package_identification:_identify(log) by extensions ['ignore', 'ignore_ament_install']
[0.232s] Level 1:colcon.colcon_core.package_identification:_identify(log) by extension 'ignore'
[0.232s] Level 1:colcon.colcon_core.package_identification:_identify(log) ignored
[0.232s] Level 1:colcon.colcon_core.package_identification:_identify(spaceros_gz_demos) by extensions ['ignore', 'ignore_ament_install']
[0.232s] Level 1:colcon.colcon_core.package_identification:_identify(spaceros_gz_demos) by extension 'ignore'
[0.232s] Level 1:colcon.colcon_core.package_identification:_identify(spaceros_gz_demos) by extension 'ignore_ament_install'
[0.232s] Level 1:colcon.colcon_core.package_identification:_identify(spaceros_gz_demos) by extensions ['colcon_pkg']
[0.232s] Level 1:colcon.colcon_core.package_identification:_identify(spaceros_gz_demos) by extension 'colcon_pkg'
[0.232s] Level 1:colcon.colcon_core.package_identification:_identify(spaceros_gz_demos) by extensions ['colcon_meta']
[0.232s] Level 1:colcon.colcon_core.package_identification:_identify(spaceros_gz_demos) by extension 'colcon_meta'
[0.232s] Level 1:colcon.colcon_core.package_identification:_identify(spaceros_gz_demos) by extensions ['ros']
[0.232s] Level 1:colcon.colcon_core.package_identification:_identify(spaceros_gz_demos) by extension 'ros'
[0.234s] DEBUG:colcon.colcon_core.package_identification:Package 'spaceros_gz_demos' with type 'ros.ament_cmake' and name 'spaceros_gz_demos'
[0.234s] Level 1:colcon.colcon_core.package_identification:_identify(src) by extensions ['ignore', 'ignore_ament_install']
[0.234s] Level 1:colcon.colcon_core.package_identification:_identify(src) by extension 'ignore'
[0.234s] Level 1:colcon.colcon_core.package_identification:_identify(src) by extension 'ignore_ament_install'
[0.234s] Level 1:colcon.colcon_core.package_identification:_identify(src) by extensions ['colcon_pkg']
[0.234s] Level 1:colcon.colcon_core.package_identification:_identify(src) by extension 'colcon_pkg'
[0.234s] Level 1:colcon.colcon_core.package_identification:_identify(src) by extensions ['colcon_meta']
[0.234s] Level 1:colcon.colcon_core.package_identification:_identify(src) by extension 'colcon_meta'
[0.234s] Level 1:colcon.colcon_core.package_identification:_identify(src) by extensions ['ros']
[0.234s] Level 1:colcon.colcon_core.package_identification:_identify(src) by extension 'ros'
[0.235s] Level 1:colcon.colcon_core.package_identification:_identify(src) by extensions ['cmake', 'python']
[0.235s] Level 1:colcon.colcon_core.package_identification:_identify(src) by extension 'cmake'
[0.235s] Level 1:colcon.colcon_core.package_identification:_identify(src) by extension 'python'
[0.235s] Level 1:colcon.colcon_core.package_identification:_identify(src) by extensions ['python_setup_py']
[0.235s] Level 1:colcon.colcon_core.package_identification:_identify(src) by extension 'python_setup_py'
[0.235s] Level 1:colcon.colcon_core.package_identification:_identify(src/multi_robot_nav) by extensions ['ignore', 'ignore_ament_install']
[0.235s] Level 1:colcon.colcon_core.package_identification:_identify(src/multi_robot_nav) by extension 'ignore'
[0.235s] Level 1:colcon.colcon_core.package_identification:_identify(src/multi_robot_nav) by extension 'ignore_ament_install'
[0.235s] Level 1:colcon.colcon_core.package_identification:_identify(src/multi_robot_nav) by extensions ['colcon_pkg']
[0.235s] Level 1:colcon.colcon_core.package_identification:_identify(src/multi_robot_nav) by extension 'colcon_pkg'
[0.235s] Level 1:colcon.colcon_core.package_identification:_identify(src/multi_robot_nav) by extensions ['colcon_meta']
[0.235s] Level 1:colcon.colcon_core.package_identification:_identify(src/multi_robot_nav) by extension 'colcon_meta'
[0.235s] Level 1:colcon.colcon_core.package_identification:_identify(src/multi_robot_nav) by extensions ['ros']
[0.235s] Level 1:colcon.colcon_core.package_identification:_identify(src/multi_robot_nav) by extension 'ros'
[0.235s] DEBUG:colcon.colcon_core.package_identification:Package 'src/multi_robot_nav' with type 'ros.ament_python' and name 'multi_robot_nav'
[0.236s] Level 1:colcon.colcon_core.package_discovery:discover_packages(recursive) using defaults
[0.236s] Level 1:colcon.colcon_core.package_discovery:discover_packages(ignore) discover
[0.236s] Level 1:colcon.colcon_core.package_discovery:discover_packages(ignore) using defaults
[0.236s] Level 1:colcon.colcon_core.package_discovery:discover_packages(path) discover
[0.236s] Level 1:colcon.colcon_core.package_discovery:discover_packages(path) using defaults
[0.262s] INFO:colcon.colcon_core.package_selection:Skipping not selected package 'spaceros_gz_demos' in 'spaceros_gz_demos'
[0.263s] Level 1:colcon.colcon_core.package_discovery:discover_packages(prefix_path) check parameters
[0.263s] Level 1:colcon.colcon_core.package_discovery:discover_packages(prefix_path) discover
[0.265s] DEBUG:colcon.colcon_installed_package_information.package_discovery:Found 457 installed packages in /opt/ros/humble
[0.267s] Level 1:colcon.colcon_core.package_discovery:discover_packages(prefix_path) using defaults
[0.312s] Level 5:colcon.colcon_core.verb:set package 'multi_robot_nav' build argument 'cmake_args' from command line to 'None'
[0.312s] Level 5:colcon.colcon_core.verb:set package 'multi_robot_nav' build argument 'cmake_target' from command line to 'None'
[0.312s] Level 5:colcon.colcon_core.verb:set package 'multi_robot_nav' build argument 'cmake_target_skip_unavailable' from command line to 'False'
[0.312s] Level 5:colcon.colcon_core.verb:set package 'multi_robot_nav' build argument 'cmake_clean_cache' from command line to 'False'
[0.312s] Level 5:colcon.colcon_core.verb:set package 'multi_robot_nav' build argument 'cmake_clean_first' from command line to 'False'
[0.312s] Level 5:colcon.colcon_core.verb:set package 'multi_robot_nav' build argument 'cmake_force_configure' from command line to 'False'
[0.312s] Level 5:colcon.colcon_core.verb:set package 'multi_robot_nav' build argument 'ament_cmake_args' from command line to 'None'
[0.312s] Level 5:colcon.colcon_core.verb:set package 'multi_robot_nav' build argument 'catkin_cmake_args' from command line to 'None'
[0.312s] Level 5:colcon.colcon_core.verb:set package 'multi_robot_nav' build argument 'catkin_skip_building_tests' from command line to 'False'
[0.312s] DEBUG:colcon.colcon_core.verb:Building package 'multi_robot_nav' with the following arguments: {'ament_cmake_args': None, 'build_base': '/home/srge/spaceros_gz_demos/build/multi_robot_nav', 'catkin_cmake_args': None, 'catkin_skip_building_tests': False, 'cmake_args': None, 'cmake_clean_cache': False, 'cmake_clean_first': False, 'cmake_force_configure': False, 'cmake_target': None, 'cmake_target_skip_unavailable': False, 'install_base': '/home/srge/spaceros_gz_demos/install/multi_robot_nav', 'merge_install': False, 'path': '/home/srge/spaceros_gz_demos/src/multi_robot_nav', 'symlink_install': False, 'test_result_base': None}
[0.312s] INFO:colcon.colcon_core.executor:Executing jobs using 'parallel' executor
[0.313s] DEBUG:colcon.colcon_parallel_executor.executor.parallel:run_until_complete
[0.313s] INFO:colcon.colcon_ros.task.ament_python.build:Building ROS package in '/home/srge/spaceros_gz_demos/src/multi_robot_nav' with build type 'ament_python'
[0.313s] Level 1:colcon.colcon_core.shell:create_environment_hook('multi_robot_nav', 'ament_prefix_path')
[0.315s] INFO:colcon.colcon_core.plugin_system:Skipping extension 'colcon_core.shell.bat': Not used on non-Windows systems
[0.315s] INFO:colcon.colcon_core.shell:Creating environment hook '/home/srge/spaceros_gz_demos/install/multi_robot_nav/share/multi_robot_nav/hook/ament_prefix_path.ps1'
[0.316s] INFO:colcon.colcon_core.shell:Creating environment descriptor '/home/srge/spaceros_gz_demos/install/multi_robot_nav/share/multi_robot_nav/hook/ament_prefix_path.dsv'
[0.316s] INFO:colcon.colcon_core.shell:Creating environment hook '/home/srge/spaceros_gz_demos/install/multi_robot_nav/share/multi_robot_nav/hook/ament_prefix_path.sh'
[0.316s] INFO:colcon.colcon_core.shell:Skip shell extension 'powershell' for command environment: Not usable outside of PowerShell
[0.316s] DEBUG:colcon.colcon_core.shell:Skip shell extension 'dsv' for command environment
[0.547s] INFO:colcon.colcon_core.task.python.build:Building Python package in '/home/srge/spaceros_gz_demos/src/multi_robot_nav'
[0.548s] INFO:colcon.colcon_core.shell:Skip shell extension 'powershell' for command environment: Not usable outside of PowerShell
[0.548s] DEBUG:colcon.colcon_core.shell:Skip shell extension 'dsv' for command environment
[0.866s] DEBUG:colcon.colcon_core.event_handler.log_command:Invoking command in '/home/srge/spaceros_gz_demos/src/multi_robot_nav': PYTHONPATH=/home/srge/spaceros_gz_demos/build/multi_robot_nav/prefix_override:/usr/lib/python3/dist-packages/colcon_core/task/python/colcon_distutils_commands:/home/srge/spaceros_gz_demos/install/multi_robot_nav/lib/python3.10/site-packages:${PYTHONPATH} /usr/bin/python3 -W ignore:setup.py install is deprecated -W ignore:easy_install command is deprecated setup.py egg_info --egg-base ../../build/multi_robot_nav build --build-base /home/srge/spaceros_gz_demos/build/multi_robot_nav/build install --record /home/srge/spaceros_gz_demos/build/multi_robot_nav/install.log --single-version-externally-managed install_data
[1.121s] DEBUG:colcon.colcon_core.event_handler.log_command:Invoked command in '/home/srge/spaceros_gz_demos/src/multi_robot_nav' returned '0': PYTHONPATH=/home/srge/spaceros_gz_demos/build/multi_robot_nav/prefix_override:/usr/lib/python3/dist-packages/colcon_core/task/python/colcon_distutils_commands:/home/srge/spaceros_gz_demos/install/multi_robot_nav/lib/python3.10/site-packages:${PYTHONPATH} /usr/bin/python3 -W ignore:setup.py install is deprecated -W ignore:easy_install command is deprecated setup.py egg_info --egg-base ../../build/multi_robot_nav build --build-base /home/srge/spaceros_gz_demos/build/multi_robot_nav/build install --record /home/srge/spaceros_gz_demos/build/multi_robot_nav/install.log --single-version-externally-managed install_data
[1.122s] Level 1:colcon.colcon_core.environment:checking '/home/srge/spaceros_gz_demos/install/multi_robot_nav' for CMake module files
[1.123s] Level 1:colcon.colcon_core.environment:checking '/home/srge/spaceros_gz_demos/install/multi_robot_nav' for CMake config files
[1.123s] Level 1:colcon.colcon_core.environment:checking '/home/srge/spaceros_gz_demos/install/multi_robot_nav/lib'
[1.123s] Level 1:colcon.colcon_core.environment:checking '/home/srge/spaceros_gz_demos/install/multi_robot_nav/bin'
[1.124s] Level 1:colcon.colcon_core.environment:checking '/home/srge/spaceros_gz_demos/install/multi_robot_nav/lib/pkgconfig/multi_robot_nav.pc'
[1.124s] Level 1:colcon.colcon_core.environment:checking '/home/srge/spaceros_gz_demos/install/multi_robot_nav/lib/python3.10/site-packages'
[1.124s] Level 1:colcon.colcon_core.shell:create_environment_hook('multi_robot_nav', 'pythonpath')
[1.124s] INFO:colcon.colcon_core.shell:Creating environment hook '/home/srge/spaceros_gz_demos/install/multi_robot_nav/share/multi_robot_nav/hook/pythonpath.ps1'
[1.124s] INFO:colcon.colcon_core.shell:Creating environment descriptor '/home/srge/spaceros_gz_demos/install/multi_robot_nav/share/multi_robot_nav/hook/pythonpath.dsv'
[1.125s] INFO:colcon.colcon_core.shell:Creating environment hook '/home/srge/spaceros_gz_demos/install/multi_robot_nav/share/multi_robot_nav/hook/pythonpath.sh'
[1.125s] Level 1:colcon.colcon_core.environment:checking '/home/srge/spaceros_gz_demos/install/multi_robot_nav/bin'
[1.125s] Level 1:colcon.colcon_core.environment:create_environment_scripts_only(multi_robot_nav)
[1.126s] INFO:colcon.colcon_core.shell:Creating package script '/home/srge/spaceros_gz_demos/install/multi_robot_nav/share/multi_robot_nav/package.ps1'
[1.126s] INFO:colcon.colcon_core.shell:Creating package descriptor '/home/srge/spaceros_gz_demos/install/multi_robot_nav/share/multi_robot_nav/package.dsv'
[1.127s] INFO:colcon.colcon_core.shell:Creating package script '/home/srge/spaceros_gz_demos/install/multi_robot_nav/share/multi_robot_nav/package.sh'
[1.127s] INFO:colcon.colcon_core.shell:Creating package script '/home/srge/spaceros_gz_demos/install/multi_robot_nav/share/multi_robot_nav/package.bash'
[1.128s] INFO:colcon.colcon_core.shell:Creating package script '/home/srge/spaceros_gz_demos/install/multi_robot_nav/share/multi_robot_nav/package.zsh'
[1.128s] Level 1:colcon.colcon_core.environment:create_file_with_runtime_dependencies(/home/srge/spaceros_gz_demos/install/multi_robot_nav/share/colcon-core/packages/multi_robot_nav)
[1.129s] DEBUG:colcon.colcon_parallel_executor.executor.parallel:closing loop
[1.129s] DEBUG:colcon.colcon_parallel_executor.executor.parallel:loop closed
[1.129s] DEBUG:colcon.colcon_parallel_executor.executor.parallel:run_until_complete finished with '0'
[1.129s] DEBUG:colcon.colcon_core.event_reactor:joining thread
[1.133s] INFO:colcon.colcon_core.plugin_system:Skipping extension 'colcon_notification.desktop_notification.terminal_notifier': Not used on non-Darwin systems
[1.133s] INFO:colcon.colcon_core.plugin_system:Skipping extension 'colcon_notification.desktop_notification.win32': Not used on non-Windows systems
[1.133s] INFO:colcon.colcon_notification.desktop_notification:Sending desktop notification using 'notify2'
[1.144s] DEBUG:colcon.colcon_core.event_reactor:joined thread
[1.144s] INFO:colcon.colcon_core.shell:Creating prefix script '/home/srge/spaceros_gz_demos/install/local_setup.ps1'
[1.145s] INFO:colcon.colcon_core.shell:Creating prefix util module '/home/srge/spaceros_gz_demos/install/_local_setup_util_ps1.py'
[1.146s] INFO:colcon.colcon_core.shell:Creating prefix chain script '/home/srge/spaceros_gz_demos/install/setup.ps1'
[1.147s] INFO:colcon.colcon_core.shell:Creating prefix script '/home/srge/spaceros_gz_demos/install/local_setup.sh'
[1.147s] INFO:colcon.colcon_core.shell:Creating prefix util module '/home/srge/spaceros_gz_demos/install/_local_setup_util_sh.py'
[1.148s] INFO:colcon.colcon_core.shell:Creating prefix chain script '/home/srge/spaceros_gz_demos/install/setup.sh'
[1.148s] INFO:colcon.colcon_core.shell:Creating prefix script '/home/srge/spaceros_gz_demos/install/local_setup.bash'
[1.149s] INFO:colcon.colcon_core.shell:Creating prefix chain script '/home/srge/spaceros_gz_demos/install/setup.bash'
[1.151s] INFO:colcon.colcon_core.shell:Creating prefix script '/home/srge/spaceros_gz_demos/install/local_setup.zsh'
[1.151s] INFO:colcon.colcon_core.shell:Creating prefix chain script '/home/srge/spaceros_gz_demos/install/setup.zsh'
