[0.009s] Invoking command in '/home/srge/spaceros_gz_demos/build/spaceros_gz_demos': CMAKE_PREFIX_PATH=/opt/ros/humble /usr/bin/cmake --build /home/srge/spaceros_gz_demos/build/spaceros_gz_demos -- -j16 -l16
[0.051s] Invoked command in '/home/srge/spaceros_gz_demos/build/spaceros_gz_demos' returned '0': CMAKE_PREFIX_PATH=/opt/ros/humble /usr/bin/cmake --build /home/srge/spaceros_gz_demos/build/spaceros_gz_demos -- -j16 -l16
[0.060s] Invoking command in '/home/srge/spaceros_gz_demos/build/spaceros_gz_demos': CMAKE_PREFIX_PATH=/opt/ros/humble /usr/bin/cmake --install /home/srge/spaceros_gz_demos/build/spaceros_gz_demos
[0.066s] -- Install configuration: ""
[0.066s] -- Up-to-date: /home/srge/spaceros_gz_demos/install/spaceros_gz_demos/share/spaceros_gz_demos/launch
[0.067s] -- Up-to-date: /home/srge/spaceros_gz_demos/install/spaceros_gz_demos/share/spaceros_gz_demos/launch/orbit.launch.xml
[0.067s] -- Installing: /home/srge/spaceros_gz_demos/install/spaceros_gz_demos/share/spaceros_gz_demos/launch/moon.launch.xml
[0.067s] -- Up-to-date: /home/srge/spaceros_gz_demos/install/spaceros_gz_demos/share/spaceros_gz_demos/launch/mars.launch.xml
[0.067s] -- Up-to-date: /home/srge/spaceros_gz_demos/install/spaceros_gz_demos/share/spaceros_gz_demos/launch/load_world.launch.py
[0.067s] -- Up-to-date: /home/srge/spaceros_gz_demos/install/spaceros_gz_demos/share/spaceros_gz_demos/launch/enceladus.launch.xml
[0.067s] -- Up-to-date: /home/srge/spaceros_gz_demos/install/spaceros_gz_demos/share/spaceros_gz_demos/models
[0.067s] -- Up-to-date: /home/srge/spaceros_gz_demos/install/spaceros_gz_demos/share/spaceros_gz_demos/models/solar_panel
[0.067s] -- Up-to-date: /home/srge/spaceros_gz_demos/install/spaceros_gz_demos/share/spaceros_gz_demos/models/solar_panel/resources
[0.067s] -- Up-to-date: /home/srge/spaceros_gz_demos/install/spaceros_gz_demos/share/spaceros_gz_demos/models/solar_panel/resources/solar_panel.glb
[0.067s] -- Up-to-date: /home/srge/spaceros_gz_demos/install/spaceros_gz_demos/share/spaceros_gz_demos/models/solar_panel/model.config
[0.067s] -- Up-to-date: /home/srge/spaceros_gz_demos/install/spaceros_gz_demos/share/spaceros_gz_demos/models/solar_panel/model.sdf
[0.067s] -- Up-to-date: /home/srge/spaceros_gz_demos/install/spaceros_gz_demos/share/spaceros_gz_demos/models/earth
[0.067s] -- Up-to-date: /home/srge/spaceros_gz_demos/install/spaceros_gz_demos/share/spaceros_gz_demos/models/earth/resources
[0.067s] -- Up-to-date: /home/srge/spaceros_gz_demos/install/spaceros_gz_demos/share/spaceros_gz_demos/models/earth/resources/earth.glb
[0.067s] -- Up-to-date: /home/srge/spaceros_gz_demos/install/spaceros_gz_demos/share/spaceros_gz_demos/models/earth/model.config
[0.068s] -- Up-to-date: /home/srge/spaceros_gz_demos/install/spaceros_gz_demos/share/spaceros_gz_demos/models/earth/model.sdf
[0.068s] -- Up-to-date: /home/srge/spaceros_gz_demos/install/spaceros_gz_demos/share/spaceros_gz_demos/models/truss
[0.068s] -- Up-to-date: /home/srge/spaceros_gz_demos/install/spaceros_gz_demos/share/spaceros_gz_demos/models/truss/model.config
[0.068s] -- Up-to-date: /home/srge/spaceros_gz_demos/install/spaceros_gz_demos/share/spaceros_gz_demos/models/truss/model.sdf
[0.068s] -- Up-to-date: /home/srge/spaceros_gz_demos/install/spaceros_gz_demos/share/spaceros_gz_demos/models/martian_surface
[0.068s] -- Up-to-date: /home/srge/spaceros_gz_demos/install/spaceros_gz_demos/share/spaceros_gz_demos/models/martian_surface/resources
[0.068s] -- Up-to-date: /home/srge/spaceros_gz_demos/install/spaceros_gz_demos/share/spaceros_gz_demos/models/martian_surface/resources/martian_surface.glb
[0.068s] -- Up-to-date: /home/srge/spaceros_gz_demos/install/spaceros_gz_demos/share/spaceros_gz_demos/models/martian_surface/model.config
[0.068s] -- Up-to-date: /home/srge/spaceros_gz_demos/install/spaceros_gz_demos/share/spaceros_gz_demos/models/martian_surface/model.sdf
[0.068s] -- Up-to-date: /home/srge/spaceros_gz_demos/install/spaceros_gz_demos/share/spaceros_gz_demos/models/submarine
[0.068s] -- Up-to-date: /home/srge/spaceros_gz_demos/install/spaceros_gz_demos/share/spaceros_gz_demos/models/submarine/resources
[0.068s] -- Up-to-date: /home/srge/spaceros_gz_demos/install/spaceros_gz_demos/share/spaceros_gz_demos/models/submarine/resources/submarine.glb
[0.068s] -- Up-to-date: /home/srge/spaceros_gz_demos/install/spaceros_gz_demos/share/spaceros_gz_demos/models/submarine/model.config
[0.068s] -- Up-to-date: /home/srge/spaceros_gz_demos/install/spaceros_gz_demos/share/spaceros_gz_demos/models/submarine/model.sdf
[0.068s] -- Up-to-date: /home/srge/spaceros_gz_demos/install/spaceros_gz_demos/share/spaceros_gz_demos/models/nasa_ingenuity
[0.068s] -- Up-to-date: /home/srge/spaceros_gz_demos/install/spaceros_gz_demos/share/spaceros_gz_demos/models/nasa_ingenuity/meshes
[0.068s] -- Up-to-date: /home/srge/spaceros_gz_demos/install/spaceros_gz_demos/share/spaceros_gz_demos/models/nasa_ingenuity/meshes/MHS_Leg04_v16.glb
[0.068s] -- Up-to-date: /home/srge/spaceros_gz_demos/install/spaceros_gz_demos/share/spaceros_gz_demos/models/nasa_ingenuity/meshes/MHS_BottomBlades_v16.glb
[0.068s] -- Up-to-date: /home/srge/spaceros_gz_demos/install/spaceros_gz_demos/share/spaceros_gz_demos/models/nasa_ingenuity/meshes/MHS_MainBody_v16.glb
[0.068s] -- Up-to-date: /home/srge/spaceros_gz_demos/install/spaceros_gz_demos/share/spaceros_gz_demos/models/nasa_ingenuity/meshes/MHS_TopBlades_v16.glb
[0.068s] -- Up-to-date: /home/srge/spaceros_gz_demos/install/spaceros_gz_demos/share/spaceros_gz_demos/models/nasa_ingenuity/meshes/MHS_Leg02_v16.glb
[0.069s] -- Up-to-date: /home/srge/spaceros_gz_demos/install/spaceros_gz_demos/share/spaceros_gz_demos/models/nasa_ingenuity/meshes/MHS_Leg01_v16.glb
[0.069s] -- Up-to-date: /home/srge/spaceros_gz_demos/install/spaceros_gz_demos/share/spaceros_gz_demos/models/nasa_ingenuity/meshes/MHS_Leg03_v16.glb
[0.069s] -- Up-to-date: /home/srge/spaceros_gz_demos/install/spaceros_gz_demos/share/spaceros_gz_demos/models/nasa_ingenuity/model.config
[0.069s] -- Up-to-date: /home/srge/spaceros_gz_demos/install/spaceros_gz_demos/share/spaceros_gz_demos/models/nasa_ingenuity/model.sdf
[0.069s] -- Up-to-date: /home/srge/spaceros_gz_demos/install/spaceros_gz_demos/share/spaceros_gz_demos/models/enceladus_surface
[0.069s] -- Up-to-date: /home/srge/spaceros_gz_demos/install/spaceros_gz_demos/share/spaceros_gz_demos/models/enceladus_surface/resources
[0.069s] -- Up-to-date: /home/srge/spaceros_gz_demos/install/spaceros_gz_demos/share/spaceros_gz_demos/models/enceladus_surface/resources/glaci.jpg
[0.069s] -- Up-to-date: /home/srge/spaceros_gz_demos/install/spaceros_gz_demos/share/spaceros_gz_demos/models/enceladus_surface/resources/glaci.obj
[0.069s] -- Up-to-date: /home/srge/spaceros_gz_demos/install/spaceros_gz_demos/share/spaceros_gz_demos/models/enceladus_surface/resources/glaci.mtl
[0.069s] -- Up-to-date: /home/srge/spaceros_gz_demos/install/spaceros_gz_demos/share/spaceros_gz_demos/models/enceladus_surface/model.config
[0.069s] -- Up-to-date: /home/srge/spaceros_gz_demos/install/spaceros_gz_demos/share/spaceros_gz_demos/models/enceladus_surface/model.sdf
[0.069s] -- Up-to-date: /home/srge/spaceros_gz_demos/install/spaceros_gz_demos/share/spaceros_gz_demos/models/hokuyo
[0.069s] -- Up-to-date: /home/srge/spaceros_gz_demos/install/spaceros_gz_demos/share/spaceros_gz_demos/models/hokuyo/meshes
[0.069s] -- Up-to-date: /home/srge/spaceros_gz_demos/install/spaceros_gz_demos/share/spaceros_gz_demos/models/hokuyo/meshes/hokuyo_utm30lx.dae
[0.069s] -- Up-to-date: /home/srge/spaceros_gz_demos/install/spaceros_gz_demos/share/spaceros_gz_demos/models/hokuyo/meshes/lidar_2d_v2.png
[0.069s] -- Up-to-date: /home/srge/spaceros_gz_demos/install/spaceros_gz_demos/share/spaceros_gz_demos/models/hokuyo/model.config
[0.069s] -- Up-to-date: /home/srge/spaceros_gz_demos/install/spaceros_gz_demos/share/spaceros_gz_demos/models/hokuyo/model.sdf
[0.069s] -- Up-to-date: /home/srge/spaceros_gz_demos/install/spaceros_gz_demos/share/spaceros_gz_demos/models/nasa_perseverance
[0.069s] -- Up-to-date: /home/srge/spaceros_gz_demos/install/spaceros_gz_demos/share/spaceros_gz_demos/models/nasa_perseverance/meshes
[0.069s] -- Up-to-date: /home/srge/spaceros_gz_demos/install/spaceros_gz_demos/share/spaceros_gz_demos/models/nasa_perseverance/meshes/Arm_LINK_3.bin
[0.069s] -- Up-to-date: /home/srge/spaceros_gz_demos/install/spaceros_gz_demos/share/spaceros_gz_demos/models/nasa_perseverance/meshes/WATSON_Camera_Cap.bin
[0.069s] -- Up-to-date: /home/srge/spaceros_gz_demos/install/spaceros_gz_demos/share/spaceros_gz_demos/models/nasa_perseverance/meshes/HGA_EL.gltf
[0.069s] -- Up-to-date: /home/srge/spaceros_gz_demos/install/spaceros_gz_demos/share/spaceros_gz_demos/models/nasa_perseverance/meshes/Arm_LINK_2.gltf
[0.070s] -- Up-to-date: /home/srge/spaceros_gz_demos/install/spaceros_gz_demos/share/spaceros_gz_demos/models/nasa_perseverance/meshes/Wheel_LeftFront.bin
[0.070s] -- Up-to-date: /home/srge/spaceros_gz_demos/install/spaceros_gz_demos/share/spaceros_gz_demos/models/nasa_perseverance/meshes/Arm_LINK_3.gltf
[0.070s] -- Up-to-date: /home/srge/spaceros_gz_demos/install/spaceros_gz_demos/share/spaceros_gz_demos/models/nasa_perseverance/meshes/Left_Rocker.bin
[0.070s] -- Up-to-date: /home/srge/spaceros_gz_demos/install/spaceros_gz_demos/share/spaceros_gz_demos/models/nasa_perseverance/meshes/CenterDifferential.gltf
[0.070s] -- Up-to-date: /home/srge/spaceros_gz_demos/install/spaceros_gz_demos/share/spaceros_gz_demos/models/nasa_perseverance/meshes/Right_Rocker.gltf
[0.070s] -- Up-to-date: /home/srge/spaceros_gz_demos/install/spaceros_gz_demos/share/spaceros_gz_demos/models/nasa_perseverance/meshes/MHS_DebrisShield.bin
[0.070s] -- Up-to-date: /home/srge/spaceros_gz_demos/install/spaceros_gz_demos/share/spaceros_gz_demos/models/nasa_perseverance/meshes/Left_Rocker.gltf
[0.070s] -- Up-to-date: /home/srge/spaceros_gz_demos/install/spaceros_gz_demos/share/spaceros_gz_demos/models/nasa_perseverance/meshes/Right_Bogie.bin
[0.070s] -- Up-to-date: /home/srge/spaceros_gz_demos/install/spaceros_gz_demos/share/spaceros_gz_demos/models/nasa_perseverance/meshes/Wheel_RightRear.bin
[0.070s] -- Up-to-date: /home/srge/spaceros_gz_demos/install/spaceros_gz_demos/share/spaceros_gz_demos/models/nasa_perseverance/meshes/WATSON_Camera_Cap.gltf
[0.070s] -- Up-to-date: /home/srge/spaceros_gz_demos/install/spaceros_gz_demos/share/spaceros_gz_demos/models/nasa_perseverance/meshes/Wheel_LeftMiddle.bin
[0.070s] -- Up-to-date: /home/srge/spaceros_gz_demos/install/spaceros_gz_demos/share/spaceros_gz_demos/models/nasa_perseverance/meshes/RSM_Head.gltf
[0.070s] -- Up-to-date: /home/srge/spaceros_gz_demos/install/spaceros_gz_demos/share/spaceros_gz_demos/models/nasa_perseverance/meshes/Wheel_LeftRear.gltf
[0.070s] -- Up-to-date: /home/srge/spaceros_gz_demos/install/spaceros_gz_demos/share/spaceros_gz_demos/models/nasa_perseverance/meshes/Turret.bin
[0.070s] -- Up-to-date: /home/srge/spaceros_gz_demos/install/spaceros_gz_demos/share/spaceros_gz_demos/models/nasa_perseverance/meshes/Steer_RightRear.gltf
[0.070s] -- Up-to-date: /home/srge/spaceros_gz_demos/install/spaceros_gz_demos/share/spaceros_gz_demos/models/nasa_perseverance/meshes/RSM_Head.bin
[0.070s] -- Up-to-date: /home/srge/spaceros_gz_demos/install/spaceros_gz_demos/share/spaceros_gz_demos/models/nasa_perseverance/meshes/Textures
[0.070s] -- Up-to-date: /home/srge/spaceros_gz_demos/install/spaceros_gz_demos/share/spaceros_gz_demos/models/nasa_perseverance/meshes/Textures/M2020_Rover_Texture_4k.jpg
[0.070s] -- Up-to-date: /home/srge/spaceros_gz_demos/install/spaceros_gz_demos/share/spaceros_gz_demos/models/nasa_perseverance/meshes/Textures/M2020_Rover_Texture_8k.jpg
[0.070s] -- Up-to-date: /home/srge/spaceros_gz_demos/install/spaceros_gz_demos/share/spaceros_gz_demos/models/nasa_perseverance/meshes/Textures/M2020_Rover_Texture_2k.jpg
[0.070s] -- Up-to-date: /home/srge/spaceros_gz_demos/install/spaceros_gz_demos/share/spaceros_gz_demos/models/nasa_perseverance/meshes/Textures/README.md
[0.071s] -- Up-to-date: /home/srge/spaceros_gz_demos/install/spaceros_gz_demos/share/spaceros_gz_demos/models/nasa_perseverance/meshes/Textures/M2020_Rover_Texture.jpg
[0.071s] -- Up-to-date: /home/srge/spaceros_gz_demos/install/spaceros_gz_demos/share/spaceros_gz_demos/models/nasa_perseverance/meshes/Textures/M2020_Rover_Texture_1k.jpg
[0.071s] -- Up-to-date: /home/srge/spaceros_gz_demos/install/spaceros_gz_demos/share/spaceros_gz_demos/models/nasa_perseverance/meshes/Wheel_RightMiddle.bin
[0.071s] -- Up-to-date: /home/srge/spaceros_gz_demos/install/spaceros_gz_demos/share/spaceros_gz_demos/models/nasa_perseverance/meshes/Right_Bogie.gltf
[0.071s] -- Up-to-date: /home/srge/spaceros_gz_demos/install/spaceros_gz_demos/share/spaceros_gz_demos/models/nasa_perseverance/meshes/DrillCorrerAssy.bin
[0.071s] -- Up-to-date: /home/srge/spaceros_gz_demos/install/spaceros_gz_demos/share/spaceros_gz_demos/models/nasa_perseverance/meshes/HGA_AZ.bin
[0.071s] -- Up-to-date: /home/srge/spaceros_gz_demos/install/spaceros_gz_demos/share/spaceros_gz_demos/models/nasa_perseverance/meshes/StabilizerFarInTurret.bin
[0.071s] -- Up-to-date: /home/srge/spaceros_gz_demos/install/spaceros_gz_demos/share/spaceros_gz_demos/models/nasa_perseverance/meshes/Arm_LINK_5.gltf
[0.071s] -- Up-to-date: /home/srge/spaceros_gz_demos/install/spaceros_gz_demos/share/spaceros_gz_demos/models/nasa_perseverance/meshes/StabilizerNearInTurret.bin
[0.071s] -- Up-to-date: /home/srge/spaceros_gz_demos/install/spaceros_gz_demos/share/spaceros_gz_demos/models/nasa_perseverance/meshes/Steer_RightFront.bin
[0.071s] -- Up-to-date: /home/srge/spaceros_gz_demos/install/spaceros_gz_demos/share/spaceros_gz_demos/models/nasa_perseverance/meshes/Wheel_RightRear.gltf
[0.071s] -- Up-to-date: /home/srge/spaceros_gz_demos/install/spaceros_gz_demos/share/spaceros_gz_demos/models/nasa_perseverance/meshes/StabilizerFarInTurret.gltf
[0.071s] -- Up-to-date: /home/srge/spaceros_gz_demos/install/spaceros_gz_demos/share/spaceros_gz_demos/models/nasa_perseverance/meshes/Wheel_LeftFront.gltf
[0.071s] -- Up-to-date: /home/srge/spaceros_gz_demos/install/spaceros_gz_demos/share/spaceros_gz_demos/models/nasa_perseverance/meshes/Arm_LINK_1.gltf
[0.071s] -- Up-to-date: /home/srge/spaceros_gz_demos/install/spaceros_gz_demos/share/spaceros_gz_demos/models/nasa_perseverance/meshes/Arm_LINK_2.bin
[0.071s] -- Up-to-date: /home/srge/spaceros_gz_demos/install/spaceros_gz_demos/share/spaceros_gz_demos/models/nasa_perseverance/meshes/CoringBitInTurretAtZeroFeed.gltf
[0.071s] -- Up-to-date: /home/srge/spaceros_gz_demos/install/spaceros_gz_demos/share/spaceros_gz_demos/models/nasa_perseverance/meshes/Right_Rocker.bin
[0.071s] -- Up-to-date: /home/srge/spaceros_gz_demos/install/spaceros_gz_demos/share/spaceros_gz_demos/models/nasa_perseverance/meshes/HGA_AZ.gltf
[0.071s] -- Up-to-date: /home/srge/spaceros_gz_demos/install/spaceros_gz_demos/share/spaceros_gz_demos/models/nasa_perseverance/meshes/ContextImager_Cap.gltf
[0.071s] -- Up-to-date: /home/srge/spaceros_gz_demos/install/spaceros_gz_demos/share/spaceros_gz_demos/models/nasa_perseverance/meshes/RSM.bin
[0.071s] -- Up-to-date: /home/srge/spaceros_gz_demos/install/spaceros_gz_demos/share/spaceros_gz_demos/models/nasa_perseverance/meshes/Arm_LINK_4.gltf
[0.072s] -- Up-to-date: /home/srge/spaceros_gz_demos/install/spaceros_gz_demos/share/spaceros_gz_demos/models/nasa_perseverance/meshes/LaunchBitInTurretAtZeroFeed.gltf
[0.072s] -- Up-to-date: /home/srge/spaceros_gz_demos/install/spaceros_gz_demos/share/spaceros_gz_demos/models/nasa_perseverance/meshes/AbradingBitInTurretAtZeroFeed.bin
[0.072s] -- Up-to-date: /home/srge/spaceros_gz_demos/install/spaceros_gz_demos/share/spaceros_gz_demos/models/nasa_perseverance/meshes/Steer_LeftRear.gltf
[0.072s] -- Up-to-date: /home/srge/spaceros_gz_demos/install/spaceros_gz_demos/share/spaceros_gz_demos/models/nasa_perseverance/meshes/Wheel_LeftRear.bin
[0.072s] -- Up-to-date: /home/srge/spaceros_gz_demos/install/spaceros_gz_demos/share/spaceros_gz_demos/models/nasa_perseverance/meshes/StabilizerNearInTurret.gltf
[0.072s] -- Up-to-date: /home/srge/spaceros_gz_demos/install/spaceros_gz_demos/share/spaceros_gz_demos/models/nasa_perseverance/meshes/Arm_LINK_5.bin
[0.072s] -- Up-to-date: /home/srge/spaceros_gz_demos/install/spaceros_gz_demos/share/spaceros_gz_demos/models/nasa_perseverance/meshes/Steer_LeftRear.bin
[0.072s] -- Up-to-date: /home/srge/spaceros_gz_demos/install/spaceros_gz_demos/share/spaceros_gz_demos/models/nasa_perseverance/meshes/ContextImager_Cap.bin
[0.072s] -- Up-to-date: /home/srge/spaceros_gz_demos/install/spaceros_gz_demos/share/spaceros_gz_demos/models/nasa_perseverance/meshes/Arm_LINK_1.bin
[0.072s] -- Up-to-date: /home/srge/spaceros_gz_demos/install/spaceros_gz_demos/share/spaceros_gz_demos/models/nasa_perseverance/meshes/Turret.gltf
[0.072s] -- Up-to-date: /home/srge/spaceros_gz_demos/install/spaceros_gz_demos/share/spaceros_gz_demos/models/nasa_perseverance/meshes/Left_Bogie.gltf
[0.073s] -- Up-to-date: /home/srge/spaceros_gz_demos/install/spaceros_gz_demos/share/spaceros_gz_demos/models/nasa_perseverance/meshes/RegolithBitInTurretAtZeroFeed.gltf
[0.073s] -- Up-to-date: /home/srge/spaceros_gz_demos/install/spaceros_gz_demos/share/spaceros_gz_demos/models/nasa_perseverance/meshes/Wheel_RightMiddle.gltf
[0.073s] -- Up-to-date: /home/srge/spaceros_gz_demos/install/spaceros_gz_demos/share/spaceros_gz_demos/models/nasa_perseverance/meshes/Wheel_RightFront.gltf
[0.073s] -- Up-to-date: /home/srge/spaceros_gz_demos/install/spaceros_gz_demos/share/spaceros_gz_demos/models/nasa_perseverance/meshes/CoringBitInTurretAtZeroFeed.bin
[0.073s] -- Up-to-date: /home/srge/spaceros_gz_demos/install/spaceros_gz_demos/share/spaceros_gz_demos/models/nasa_perseverance/meshes/DrillCorrerAssy.gltf
[0.073s] -- Up-to-date: /home/srge/spaceros_gz_demos/install/spaceros_gz_demos/share/spaceros_gz_demos/models/nasa_perseverance/meshes/HGA_EL.bin
[0.073s] -- Up-to-date: /home/srge/spaceros_gz_demos/install/spaceros_gz_demos/share/spaceros_gz_demos/models/nasa_perseverance/meshes/CenterDifferential.bin
[0.073s] -- Up-to-date: /home/srge/spaceros_gz_demos/install/spaceros_gz_demos/share/spaceros_gz_demos/models/nasa_perseverance/meshes/RegolithBitInTurretAtZeroFeed.bin
[0.073s] -- Up-to-date: /home/srge/spaceros_gz_demos/install/spaceros_gz_demos/share/spaceros_gz_demos/models/nasa_perseverance/meshes/LaunchBitInTurretAtZeroFeed.bin
[0.073s] -- Up-to-date: /home/srge/spaceros_gz_demos/install/spaceros_gz_demos/share/spaceros_gz_demos/models/nasa_perseverance/meshes/Steer_LeftFront.gltf
[0.073s] -- Up-to-date: /home/srge/spaceros_gz_demos/install/spaceros_gz_demos/share/spaceros_gz_demos/models/nasa_perseverance/meshes/Wheel_RightFront.bin
[0.074s] -- Up-to-date: /home/srge/spaceros_gz_demos/install/spaceros_gz_demos/share/spaceros_gz_demos/models/nasa_perseverance/meshes/Steer_LeftFront.bin
[0.074s] -- Up-to-date: /home/srge/spaceros_gz_demos/install/spaceros_gz_demos/share/spaceros_gz_demos/models/nasa_perseverance/meshes/CHASSIS.bin
[0.074s] -- Up-to-date: /home/srge/spaceros_gz_demos/install/spaceros_gz_demos/share/spaceros_gz_demos/models/nasa_perseverance/meshes/RSM.gltf
[0.074s] -- Up-to-date: /home/srge/spaceros_gz_demos/install/spaceros_gz_demos/share/spaceros_gz_demos/models/nasa_perseverance/meshes/CHASSIS.gltf
[0.074s] -- Up-to-date: /home/srge/spaceros_gz_demos/install/spaceros_gz_demos/share/spaceros_gz_demos/models/nasa_perseverance/meshes/AbradingBitInTurretAtZeroFeed.gltf
[0.074s] -- Up-to-date: /home/srge/spaceros_gz_demos/install/spaceros_gz_demos/share/spaceros_gz_demos/models/nasa_perseverance/meshes/Steer_RightFront.gltf
[0.074s] -- Up-to-date: /home/srge/spaceros_gz_demos/install/spaceros_gz_demos/share/spaceros_gz_demos/models/nasa_perseverance/meshes/Steer_RightRear.bin
[0.074s] -- Up-to-date: /home/srge/spaceros_gz_demos/install/spaceros_gz_demos/share/spaceros_gz_demos/models/nasa_perseverance/meshes/Arm_LINK_4.bin
[0.074s] -- Up-to-date: /home/srge/spaceros_gz_demos/install/spaceros_gz_demos/share/spaceros_gz_demos/models/nasa_perseverance/meshes/Wheel_LeftMiddle.gltf
[0.074s] -- Up-to-date: /home/srge/spaceros_gz_demos/install/spaceros_gz_demos/share/spaceros_gz_demos/models/nasa_perseverance/meshes/Left_Bogie.bin
[0.074s] -- Up-to-date: /home/srge/spaceros_gz_demos/install/spaceros_gz_demos/share/spaceros_gz_demos/models/nasa_perseverance/meshes/MHS_DebrisShield.gltf
[0.075s] -- Up-to-date: /home/srge/spaceros_gz_demos/install/spaceros_gz_demos/share/spaceros_gz_demos/models/nasa_perseverance/model.config
[0.075s] -- Up-to-date: /home/srge/spaceros_gz_demos/install/spaceros_gz_demos/share/spaceros_gz_demos/models/nasa_perseverance/model.sdf
[0.075s] -- Up-to-date: /home/srge/spaceros_gz_demos/install/spaceros_gz_demos/share/spaceros_gz_demos/models/saturn
[0.075s] -- Up-to-date: /home/srge/spaceros_gz_demos/install/spaceros_gz_demos/share/spaceros_gz_demos/models/saturn/resources
[0.075s] -- Up-to-date: /home/srge/spaceros_gz_demos/install/spaceros_gz_demos/share/spaceros_gz_demos/models/saturn/resources/saturn.glb
[0.075s] -- Up-to-date: /home/srge/spaceros_gz_demos/install/spaceros_gz_demos/share/spaceros_gz_demos/models/saturn/model.config
[0.075s] -- Up-to-date: /home/srge/spaceros_gz_demos/install/spaceros_gz_demos/share/spaceros_gz_demos/models/saturn/model.sdf
[0.076s] -- Up-to-date: /home/srge/spaceros_gz_demos/install/spaceros_gz_demos/share/spaceros_gz_demos/models/moon_base
[0.076s] -- Up-to-date: /home/srge/spaceros_gz_demos/install/spaceros_gz_demos/share/spaceros_gz_demos/models/moon_base/resources
[0.076s] -- Up-to-date: /home/srge/spaceros_gz_demos/install/spaceros_gz_demos/share/spaceros_gz_demos/models/moon_base/resources/dome.dae
[0.076s] -- Up-to-date: /home/srge/spaceros_gz_demos/install/spaceros_gz_demos/share/spaceros_gz_demos/models/moon_base/resources/moon_base.glb
[0.076s] -- Up-to-date: /home/srge/spaceros_gz_demos/install/spaceros_gz_demos/share/spaceros_gz_demos/models/moon_base/model.config
[0.076s] -- Up-to-date: /home/srge/spaceros_gz_demos/install/spaceros_gz_demos/share/spaceros_gz_demos/models/moon_base/model.sdf
[0.076s] -- Up-to-date: /home/srge/spaceros_gz_demos/install/spaceros_gz_demos/share/spaceros_gz_demos/models/X2_a
[0.076s] -- Up-to-date: /home/srge/spaceros_gz_demos/install/spaceros_gz_demos/share/spaceros_gz_demos/models/X2_a/meshes
[0.076s] -- Up-to-date: /home/srge/spaceros_gz_demos/install/spaceros_gz_demos/share/spaceros_gz_demos/models/X2_a/meshes/led_lamp.dae
[0.076s] -- Up-to-date: /home/srge/spaceros_gz_demos/install/spaceros_gz_demos/share/spaceros_gz_demos/models/X2_a/meshes/headlight.dae
[0.076s] -- Up-to-date: /home/srge/spaceros_gz_demos/install/spaceros_gz_demos/share/spaceros_gz_demos/models/X2_a/meshes/x2_wheel_right.dae
[0.076s] -- Up-to-date: /home/srge/spaceros_gz_demos/install/spaceros_gz_demos/share/spaceros_gz_demos/models/X2_a/meshes/x2_chassis.dae
[0.076s] -- Up-to-date: /home/srge/spaceros_gz_demos/install/spaceros_gz_demos/share/spaceros_gz_demos/models/X2_a/meshes/x2_wheel_left.dae
[0.077s] -- Up-to-date: /home/srge/spaceros_gz_demos/install/spaceros_gz_demos/share/spaceros_gz_demos/models/X2_a/meshes/led.dae
[0.077s] -- Up-to-date: /home/srge/spaceros_gz_demos/install/spaceros_gz_demos/share/spaceros_gz_demos/models/X2_a/meshes/headlight_lamp.dae
[0.077s] -- Up-to-date: /home/srge/spaceros_gz_demos/install/spaceros_gz_demos/share/spaceros_gz_demos/models/X2_a/model.config
[0.077s] -- Up-to-date: /home/srge/spaceros_gz_demos/install/spaceros_gz_demos/share/spaceros_gz_demos/models/X2_a/materials
[0.077s] -- Up-to-date: /home/srge/spaceros_gz_demos/install/spaceros_gz_demos/share/spaceros_gz_demos/models/X2_a/materials/textures
[0.077s] -- Up-to-date: /home/srge/spaceros_gz_demos/install/spaceros_gz_demos/share/spaceros_gz_demos/models/X2_a/materials/textures/x2.jpg
[0.077s] -- Up-to-date: /home/srge/spaceros_gz_demos/install/spaceros_gz_demos/share/spaceros_gz_demos/models/X2_a/materials/textures/led.jpg
[0.077s] -- Up-to-date: /home/srge/spaceros_gz_demos/install/spaceros_gz_demos/share/spaceros_gz_demos/models/X2_a/materials/textures/headlight.jpg
[0.077s] -- Up-to-date: /home/srge/spaceros_gz_demos/install/spaceros_gz_demos/share/spaceros_gz_demos/models/X2_a/model.sdf
[0.077s] -- Up-to-date: /home/srge/spaceros_gz_demos/install/spaceros_gz_demos/share/spaceros_gz_demos/models/ocean_surface
[0.077s] -- Up-to-date: /home/srge/spaceros_gz_demos/install/spaceros_gz_demos/share/spaceros_gz_demos/models/ocean_surface/meshes
[0.077s] -- Up-to-date: /home/srge/spaceros_gz_demos/install/spaceros_gz_demos/share/spaceros_gz_demos/models/ocean_surface/meshes/waterlow.dae
[0.077s] -- Up-to-date: /home/srge/spaceros_gz_demos/install/spaceros_gz_demos/share/spaceros_gz_demos/models/ocean_surface/model.config
[0.077s] -- Up-to-date: /home/srge/spaceros_gz_demos/install/spaceros_gz_demos/share/spaceros_gz_demos/models/ocean_surface/materials
[0.077s] -- Up-to-date: /home/srge/spaceros_gz_demos/install/spaceros_gz_demos/share/spaceros_gz_demos/models/ocean_surface/materials/programs
[0.077s] -- Up-to-date: /home/srge/spaceros_gz_demos/install/spaceros_gz_demos/share/spaceros_gz_demos/models/ocean_surface/materials/programs/GerstnerWaves_vs.metal
[0.077s] -- Up-to-date: /home/srge/spaceros_gz_demos/install/spaceros_gz_demos/share/spaceros_gz_demos/models/ocean_surface/materials/programs/GerstnerWaves_fs.metal
[0.077s] -- Up-to-date: /home/srge/spaceros_gz_demos/install/spaceros_gz_demos/share/spaceros_gz_demos/models/ocean_surface/materials/programs/GerstnerWaves_fs_330.glsl
[0.077s] -- Up-to-date: /home/srge/spaceros_gz_demos/install/spaceros_gz_demos/share/spaceros_gz_demos/models/ocean_surface/materials/programs/GerstnerWaves_vs_330.glsl
[0.077s] -- Up-to-date: /home/srge/spaceros_gz_demos/install/spaceros_gz_demos/share/spaceros_gz_demos/models/ocean_surface/materials/textures
[0.077s] -- Up-to-date: /home/srge/spaceros_gz_demos/install/spaceros_gz_demos/share/spaceros_gz_demos/models/ocean_surface/materials/textures/skybox_lowres.dds
[0.077s] -- Up-to-date: /home/srge/spaceros_gz_demos/install/spaceros_gz_demos/share/spaceros_gz_demos/models/ocean_surface/materials/textures/wave_normals.dds
[0.077s] -- Up-to-date: /home/srge/spaceros_gz_demos/install/spaceros_gz_demos/share/spaceros_gz_demos/models/ocean_surface/model.sdf
[0.078s] -- Up-to-date: /home/srge/spaceros_gz_demos/install/spaceros_gz_demos/share/spaceros_gz_demos/models/X1
[0.078s] -- Up-to-date: /home/srge/spaceros_gz_demos/install/spaceros_gz_demos/share/spaceros_gz_demos/models/X1/meshes
[0.078s] -- Up-to-date: /home/srge/spaceros_gz_demos/install/spaceros_gz_demos/share/spaceros_gz_demos/models/X1/meshes/led_lamp.dae
[0.078s] -- Up-to-date: /home/srge/spaceros_gz_demos/install/spaceros_gz_demos/share/spaceros_gz_demos/models/X1/meshes/headlight.dae
[0.078s] -- Up-to-date: /home/srge/spaceros_gz_demos/install/spaceros_gz_demos/share/spaceros_gz_demos/models/X1/meshes/wheel.dae
[0.078s] -- Up-to-date: /home/srge/spaceros_gz_demos/install/spaceros_gz_demos/share/spaceros_gz_demos/models/X1/meshes/truss.dae
[0.078s] -- Up-to-date: /home/srge/spaceros_gz_demos/install/spaceros_gz_demos/share/spaceros_gz_demos/models/X1/meshes/top_plate.dae
[0.078s] -- Up-to-date: /home/srge/spaceros_gz_demos/install/spaceros_gz_demos/share/spaceros_gz_demos/models/X1/meshes/chassis.dae
[0.078s] -- Up-to-date: /home/srge/spaceros_gz_demos/install/spaceros_gz_demos/share/spaceros_gz_demos/models/X1/meshes/led.dae
[0.078s] -- Up-to-date: /home/srge/spaceros_gz_demos/install/spaceros_gz_demos/share/spaceros_gz_demos/models/X1/meshes/headlight_lamp.dae
[0.078s] -- Up-to-date: /home/srge/spaceros_gz_demos/install/spaceros_gz_demos/share/spaceros_gz_demos/models/X1/model.config
[0.078s] -- Up-to-date: /home/srge/spaceros_gz_demos/install/spaceros_gz_demos/share/spaceros_gz_demos/models/X1/materials
[0.078s] -- Up-to-date: /home/srge/spaceros_gz_demos/install/spaceros_gz_demos/share/spaceros_gz_demos/models/X1/materials/textures
[0.078s] -- Up-to-date: /home/srge/spaceros_gz_demos/install/spaceros_gz_demos/share/spaceros_gz_demos/models/X1/materials/textures/aluminium_anodized.png
[0.078s] -- Up-to-date: /home/srge/spaceros_gz_demos/install/spaceros_gz_demos/share/spaceros_gz_demos/models/X1/materials/textures/led.jpg
[0.078s] -- Up-to-date: /home/srge/spaceros_gz_demos/install/spaceros_gz_demos/share/spaceros_gz_demos/models/X1/materials/textures/headlight.jpg
[0.078s] -- Up-to-date: /home/srge/spaceros_gz_demos/install/spaceros_gz_demos/share/spaceros_gz_demos/models/X1/model.sdf
[0.078s] -- Up-to-date: /home/srge/spaceros_gz_demos/install/spaceros_gz_demos/share/spaceros_gz_demos/models/lunar_surface
[0.078s] -- Up-to-date: /home/srge/spaceros_gz_demos/install/spaceros_gz_demos/share/spaceros_gz_demos/models/lunar_surface/dem
[0.078s] -- Up-to-date: /home/srge/spaceros_gz_demos/install/spaceros_gz_demos/share/spaceros_gz_demos/models/lunar_surface/dem/moon.tif
[0.079s] -- Up-to-date: /home/srge/spaceros_gz_demos/install/spaceros_gz_demos/share/spaceros_gz_demos/models/lunar_surface/model.config
[0.079s] -- Up-to-date: /home/srge/spaceros_gz_demos/install/spaceros_gz_demos/share/spaceros_gz_demos/models/lunar_surface/materials
[0.079s] -- Up-to-date: /home/srge/spaceros_gz_demos/install/spaceros_gz_demos/share/spaceros_gz_demos/models/lunar_surface/materials/textures
[0.079s] -- Up-to-date: /home/srge/spaceros_gz_demos/install/spaceros_gz_demos/share/spaceros_gz_demos/models/lunar_surface/materials/textures/moon_normal.png
[0.079s] -- Up-to-date: /home/srge/spaceros_gz_demos/install/spaceros_gz_demos/share/spaceros_gz_demos/models/lunar_surface/materials/textures/white_alpha.png
[0.079s] -- Up-to-date: /home/srge/spaceros_gz_demos/install/spaceros_gz_demos/share/spaceros_gz_demos/models/lunar_surface/materials/textures/moon_diffuse.png
[0.079s] -- Up-to-date: /home/srge/spaceros_gz_demos/install/spaceros_gz_demos/share/spaceros_gz_demos/models/lunar_surface/model.sdf
[0.079s] -- Up-to-date: /home/srge/spaceros_gz_demos/install/spaceros_gz_demos/share/spaceros_gz_demos/models/X2
[0.079s] -- Up-to-date: /home/srge/spaceros_gz_demos/install/spaceros_gz_demos/share/spaceros_gz_demos/models/X2/meshes
[0.079s] -- Up-to-date: /home/srge/spaceros_gz_demos/install/spaceros_gz_demos/share/spaceros_gz_demos/models/X2/meshes/led_lamp.dae
[0.079s] -- Up-to-date: /home/srge/spaceros_gz_demos/install/spaceros_gz_demos/share/spaceros_gz_demos/models/X2/meshes/headlight.dae
[0.079s] -- Up-to-date: /home/srge/spaceros_gz_demos/install/spaceros_gz_demos/share/spaceros_gz_demos/models/X2/meshes/x2_wheel_right.dae
[0.079s] -- Up-to-date: /home/srge/spaceros_gz_demos/install/spaceros_gz_demos/share/spaceros_gz_demos/models/X2/meshes/x2_chassis.dae
[0.079s] -- Up-to-date: /home/srge/spaceros_gz_demos/install/spaceros_gz_demos/share/spaceros_gz_demos/models/X2/meshes/x2_wheel_left.dae
[0.079s] -- Up-to-date: /home/srge/spaceros_gz_demos/install/spaceros_gz_demos/share/spaceros_gz_demos/models/X2/meshes/led.dae
[0.079s] -- Up-to-date: /home/srge/spaceros_gz_demos/install/spaceros_gz_demos/share/spaceros_gz_demos/models/X2/meshes/headlight_lamp.dae
[0.079s] -- Up-to-date: /home/srge/spaceros_gz_demos/install/spaceros_gz_demos/share/spaceros_gz_demos/models/X2/model.config
[0.079s] -- Up-to-date: /home/srge/spaceros_gz_demos/install/spaceros_gz_demos/share/spaceros_gz_demos/models/X2/materials
[0.080s] -- Up-to-date: /home/srge/spaceros_gz_demos/install/spaceros_gz_demos/share/spaceros_gz_demos/models/X2/materials/textures
[0.080s] -- Up-to-date: /home/srge/spaceros_gz_demos/install/spaceros_gz_demos/share/spaceros_gz_demos/models/X2/materials/textures/x2.jpg
[0.080s] -- Up-to-date: /home/srge/spaceros_gz_demos/install/spaceros_gz_demos/share/spaceros_gz_demos/models/X2/materials/textures/led.jpg
[0.080s] -- Up-to-date: /home/srge/spaceros_gz_demos/install/spaceros_gz_demos/share/spaceros_gz_demos/models/X2/materials/textures/headlight.jpg
[0.080s] -- Up-to-date: /home/srge/spaceros_gz_demos/install/spaceros_gz_demos/share/spaceros_gz_demos/models/X2/model.sdf
[0.080s] -- Up-to-date: /home/srge/spaceros_gz_demos/install/spaceros_gz_demos/share/spaceros_gz_demos/models/capsule
[0.080s] -- Up-to-date: /home/srge/spaceros_gz_demos/install/spaceros_gz_demos/share/spaceros_gz_demos/models/capsule/resources
[0.080s] -- Up-to-date: /home/srge/spaceros_gz_demos/install/spaceros_gz_demos/share/spaceros_gz_demos/models/capsule/resources/capsule.glb
[0.080s] -- Up-to-date: /home/srge/spaceros_gz_demos/install/spaceros_gz_demos/share/spaceros_gz_demos/models/capsule/model.config
[0.080s] -- Up-to-date: /home/srge/spaceros_gz_demos/install/spaceros_gz_demos/share/spaceros_gz_demos/models/capsule/model.sdf
[0.080s] -- Up-to-date: /home/srge/spaceros_gz_demos/install/spaceros_gz_demos/share/spaceros_gz_demos/models/iss
[0.080s] -- Up-to-date: /home/srge/spaceros_gz_demos/install/spaceros_gz_demos/share/spaceros_gz_demos/models/iss/resources
[0.080s] -- Up-to-date: /home/srge/spaceros_gz_demos/install/spaceros_gz_demos/share/spaceros_gz_demos/models/iss/resources/iss.glb
[0.080s] -- Up-to-date: /home/srge/spaceros_gz_demos/install/spaceros_gz_demos/share/spaceros_gz_demos/models/iss/model.config
[0.080s] -- Up-to-date: /home/srge/spaceros_gz_demos/install/spaceros_gz_demos/share/spaceros_gz_demos/models/iss/model.sdf
[0.080s] -- Up-to-date: /home/srge/spaceros_gz_demos/install/spaceros_gz_demos/share/spaceros_gz_demos/worlds
[0.080s] -- Up-to-date: /home/srge/spaceros_gz_demos/install/spaceros_gz_demos/share/spaceros_gz_demos/worlds/moon.sdf
[0.081s] -- Up-to-date: /home/srge/spaceros_gz_demos/install/spaceros_gz_demos/share/spaceros_gz_demos/worlds/enceladus.sdf
[0.081s] -- Up-to-date: /home/srge/spaceros_gz_demos/install/spaceros_gz_demos/share/spaceros_gz_demos/worlds/mars.sdf
[0.081s] -- Up-to-date: /home/srge/spaceros_gz_demos/install/spaceros_gz_demos/share/spaceros_gz_demos/worlds/orbit.sdf
[0.081s] -- Up-to-date: /home/srge/spaceros_gz_demos/install/spaceros_gz_demos/share/ament_index/resource_index/package_run_dependencies/spaceros_gz_demos
[0.081s] -- Up-to-date: /home/srge/spaceros_gz_demos/install/spaceros_gz_demos/share/ament_index/resource_index/parent_prefix_path/spaceros_gz_demos
[0.081s] -- Up-to-date: /home/srge/spaceros_gz_demos/install/spaceros_gz_demos/share/spaceros_gz_demos/environment/ament_prefix_path.sh
[0.081s] -- Up-to-date: /home/srge/spaceros_gz_demos/install/spaceros_gz_demos/share/spaceros_gz_demos/environment/ament_prefix_path.dsv
[0.081s] -- Up-to-date: /home/srge/spaceros_gz_demos/install/spaceros_gz_demos/share/spaceros_gz_demos/environment/path.sh
[0.081s] -- Up-to-date: /home/srge/spaceros_gz_demos/install/spaceros_gz_demos/share/spaceros_gz_demos/environment/path.dsv
[0.081s] -- Up-to-date: /home/srge/spaceros_gz_demos/install/spaceros_gz_demos/share/spaceros_gz_demos/local_setup.bash
[0.081s] -- Up-to-date: /home/srge/spaceros_gz_demos/install/spaceros_gz_demos/share/spaceros_gz_demos/local_setup.sh
[0.081s] -- Up-to-date: /home/srge/spaceros_gz_demos/install/spaceros_gz_demos/share/spaceros_gz_demos/local_setup.zsh
[0.081s] -- Up-to-date: /home/srge/spaceros_gz_demos/install/spaceros_gz_demos/share/spaceros_gz_demos/local_setup.dsv
[0.081s] -- Installing: /home/srge/spaceros_gz_demos/install/spaceros_gz_demos/share/spaceros_gz_demos/package.dsv
[0.081s] -- Up-to-date: /home/srge/spaceros_gz_demos/install/spaceros_gz_demos/share/ament_index/resource_index/packages/spaceros_gz_demos
[0.081s] -- Up-to-date: /home/srge/spaceros_gz_demos/install/spaceros_gz_demos/share/spaceros_gz_demos/cmake/spaceros_gz_demosConfig.cmake
[0.081s] -- Up-to-date: /home/srge/spaceros_gz_demos/install/spaceros_gz_demos/share/spaceros_gz_demos/cmake/spaceros_gz_demosConfig-version.cmake
[0.081s] -- Up-to-date: /home/srge/spaceros_gz_demos/install/spaceros_gz_demos/share/spaceros_gz_demos/package.xml
[0.081s] Invoked command in '/home/srge/spaceros_gz_demos/build/spaceros_gz_demos' returned '0': CMAKE_PREFIX_PATH=/opt/ros/humble /usr/bin/cmake --install /home/srge/spaceros_gz_demos/build/spaceros_gz_demos
