[1.219s] Invoking command in '/home/srge/spaceros_gz_demos/build/multi_robot_nav': PYTHONPATH=/home/srge/spaceros_gz_demos/build/multi_robot_nav/prefix_override:/usr/lib/python3/dist-packages/colcon_core/task/python/colcon_distutils_commands:/home/srge/spaceros_gz_demos/install/multi_robot_nav/lib/python3.10/site-packages:${PYTHONPATH} /usr/bin/python3 -W ignore:setup.py install is deprecated -W ignore:easy_install command is deprecated setup.py develop --uninstall --editable --build-directory /home/srge/spaceros_gz_demos/build/multi_robot_nav/build
[1.722s] running develop
[2.056s] Removing /home/srge/spaceros_gz_demos/install/multi_robot_nav/lib/python3.10/site-packages/multi-robot-nav.egg-link (link to .)
[2.122s] Invoked command in '/home/srge/spaceros_gz_demos/build/multi_robot_nav' returned '0': PYTHONPATH=/home/srge/spaceros_gz_demos/build/multi_robot_nav/prefix_override:/usr/lib/python3/dist-packages/colcon_core/task/python/colcon_distutils_commands:/home/srge/spaceros_gz_demos/install/multi_robot_nav/lib/python3.10/site-packages:${PYTHONPATH} /usr/bin/python3 -W ignore:setup.py install is deprecated -W ignore:easy_install command is deprecated setup.py develop --uninstall --editable --build-directory /home/srge/spaceros_gz_demos/build/multi_robot_nav/build
[2.125s] Invoking command in '/home/srge/spaceros_gz_demos/src/multi_robot_nav': PYTHONPATH=/home/srge/spaceros_gz_demos/build/multi_robot_nav/prefix_override:/usr/lib/python3/dist-packages/colcon_core/task/python/colcon_distutils_commands:/home/srge/spaceros_gz_demos/install/multi_robot_nav/lib/python3.10/site-packages:${PYTHONPATH} /usr/bin/python3 -W ignore:setup.py install is deprecated -W ignore:easy_install command is deprecated setup.py egg_info --egg-base ../../build/multi_robot_nav build --build-base /home/srge/spaceros_gz_demos/build/multi_robot_nav/build install --record /home/srge/spaceros_gz_demos/build/multi_robot_nav/install.log --single-version-externally-managed install_data --force
[2.604s] running egg_info
[2.605s] writing ../../build/multi_robot_nav/multi_robot_nav.egg-info/PKG-INFO
[2.605s] writing dependency_links to ../../build/multi_robot_nav/multi_robot_nav.egg-info/dependency_links.txt
[2.606s] writing entry points to ../../build/multi_robot_nav/multi_robot_nav.egg-info/entry_points.txt
[2.606s] writing requirements to ../../build/multi_robot_nav/multi_robot_nav.egg-info/requires.txt
[2.606s] writing top-level names to ../../build/multi_robot_nav/multi_robot_nav.egg-info/top_level.txt
[2.609s] reading manifest file '../../build/multi_robot_nav/multi_robot_nav.egg-info/SOURCES.txt'
[2.611s] writing manifest file '../../build/multi_robot_nav/multi_robot_nav.egg-info/SOURCES.txt'
[2.611s] running build
[2.611s] running build_py
[2.611s] running install
[2.611s] running install_lib
[2.613s] creating /home/srge/spaceros_gz_demos/install/multi_robot_nav/lib/python3.10/site-packages/multi_robot_nav
[2.613s] copying /home/srge/spaceros_gz_demos/build/multi_robot_nav/build/lib/multi_robot_nav/move_to_goal.py -> /home/srge/spaceros_gz_demos/install/multi_robot_nav/lib/python3.10/site-packages/multi_robot_nav
[2.613s] copying /home/srge/spaceros_gz_demos/build/multi_robot_nav/build/lib/multi_robot_nav/__init__.py -> /home/srge/spaceros_gz_demos/install/multi_robot_nav/lib/python3.10/site-packages/multi_robot_nav
[2.614s] byte-compiling /home/srge/spaceros_gz_demos/install/multi_robot_nav/lib/python3.10/site-packages/multi_robot_nav/move_to_goal.py to move_to_goal.cpython-310.pyc
[2.616s] byte-compiling /home/srge/spaceros_gz_demos/install/multi_robot_nav/lib/python3.10/site-packages/multi_robot_nav/__init__.py to __init__.cpython-310.pyc
[2.616s] running install_data
[2.616s] copying resource/multi_robot_nav -> /home/srge/spaceros_gz_demos/install/multi_robot_nav/share/ament_index/resource_index/packages
[2.617s] copying package.xml -> /home/srge/spaceros_gz_demos/install/multi_robot_nav/share/multi_robot_nav
[2.617s] running install_egg_info
[2.619s] Copying ../../build/multi_robot_nav/multi_robot_nav.egg-info to /home/srge/spaceros_gz_demos/install/multi_robot_nav/lib/python3.10/site-packages/multi_robot_nav-0.0.1-py3.10.egg-info
[2.620s] running install_scripts
[2.661s] Installing move_to_goal script to /home/srge/spaceros_gz_demos/install/multi_robot_nav/lib/multi_robot_nav
[2.661s] writing list of installed files to '/home/srge/spaceros_gz_demos/build/multi_robot_nav/install.log'
[2.709s] Invoked command in '/home/srge/spaceros_gz_demos/src/multi_robot_nav' returned '0': PYTHONPATH=/home/srge/spaceros_gz_demos/build/multi_robot_nav/prefix_override:/usr/lib/python3/dist-packages/colcon_core/task/python/colcon_distutils_commands:/home/srge/spaceros_gz_demos/install/multi_robot_nav/lib/python3.10/site-packages:${PYTHONPATH} /usr/bin/python3 -W ignore:setup.py install is deprecated -W ignore:easy_install command is deprecated setup.py egg_info --egg-base ../../build/multi_robot_nav build --build-base /home/srge/spaceros_gz_demos/build/multi_robot_nav/build install --record /home/srge/spaceros_gz_demos/build/multi_robot_nav/install.log --single-version-externally-managed install_data --force
